2018/10/27 14:11:45 [INFO] Created default configuration file at /Users/nitishbhushan/Documents/nitish_operations/technical/tehnologies/hyperledger-fabric/b9lab_fabric/certification/b9Lab-HLF11/network/crypto-config/peerOrganizations/org2.com.au/ca/root/fabric-ca-server-config.yaml
2018/10/27 14:11:45 [INFO] Starting server in home directory: /Users/nitishbhushan/Documents/nitish_operations/technical/tehnologies/hyperledger-fabric/b9lab_fabric/certification/b9Lab-HLF11/network/crypto-config/peerOrganizations/org2.com.au/ca/root
2018/10/27 14:11:45 [INFO] Server Version: 1.1.1-snapshot-e656889
2018/10/27 14:11:45 [INFO] Server Levels: &{Identity:1 Affiliation:1 Certificate:1}
2018/10/27 14:11:45 [DEBUG] Making server filenames absolute
2018/10/27 14:11:45 [DEBUG] Initializing default CA in directory /Users/nitishbhushan/Documents/nitish_operations/technical/tehnologies/hyperledger-fabric/b9lab_fabric/certification/b9Lab-HLF11/network/crypto-config/peerOrganizations/org2.com.au/ca/root
2018/10/27 14:11:45 [DEBUG] Init CA with home /Users/nitishbhushan/Documents/nitish_operations/technical/tehnologies/hyperledger-fabric/b9lab_fabric/certification/b9Lab-HLF11/network/crypto-config/peerOrganizations/org2.com.au/ca/root and config {Version:1.1.1-snapshot-e656889 Cfg:{Identities:{AllowRemove:false} Affiliations:{AllowRemove:false}} CA:{Name: Keyfile: Certfile:ca-cert.pem Chainfile:ca-chain.pem} Signing:0xc420353a50 CSR:{CN:fabric-ca-server Names:[{C:US ST:North Carolina L: O:Hyperledger OU:Fabric SerialNumber:}] Hosts:[Nitishs-MacBook-Pro.local localhost] KeyRequest:<nil> CA:0xc4202d5000 SerialNumber:} Registry:{MaxEnrollments:-1 Identities:[{ Name:**** Pass:**** Type:client Affiliation: MaxEnrollments:0 Attrs:map[hf.Registrar.Attributes:* hf.AffiliationMgr:1 hf.Registrar.Roles:peer,orderer,client,user hf.Registrar.DelegateRoles:peer,orderer,client,user hf.Revoker:1 hf.IntermediateCA:1 hf.GenCRL:1]  }]} Affiliations:map[org1:[department1 department2] org2:[department1]] LDAP:{ Enabled:false URL:ldap://****:****@<host>:<port>/<base> UserFilter:(uid=%s) GroupFilter:(memberUid=%s) Attribute:{[uid member] [{ }] map[groups:[{ }]]} TLS:{false [] { }}  } DB:{ Type:sqlite3 Datasource:fabric-ca-server.db TLS:{false [] { }}  } CSP:0xc420340810 Client:<nil> Intermediate:{ParentServer:{ URL: CAName:  } TLS:{Enabled:false CertFiles:[] Client:{KeyFile: CertFile:}} Enrollment:{ Name: Secret:**** Profile: Label: CSR:<nil> CAName: AttrReqs:[]  }} CRL:{Expiry:24h0m0s}}
2018/10/27 14:11:45 [DEBUG] CA Home Directory: /Users/nitishbhushan/Documents/nitish_operations/technical/tehnologies/hyperledger-fabric/b9lab_fabric/certification/b9Lab-HLF11/network/crypto-config/peerOrganizations/org2.com.au/ca/root
2018/10/27 14:11:45 [DEBUG] Checking configuration file version '1.1.1-snapshot-e656889' against server version: '1.1.1-snapshot-e656889'
2018/10/27 14:11:45 [DEBUG] Initializing BCCSP: &{ProviderName:SW SwOpts:0xc420340870 PluginOpts:<nil> Pkcs11Opts:<nil>}
2018/10/27 14:11:45 [DEBUG] Initializing BCCSP with software options &{SecLevel:256 HashFamily:SHA2 Ephemeral:false FileKeystore:0xc420353990 DummyKeystore:<nil>}
2018/10/27 14:11:45 [DEBUG] Initialize key material
2018/10/27 14:11:45 [DEBUG] Making CA filenames absolute
2018/10/27 14:11:45 [DEBUG] Root CA certificate request: {CN:fabric-ca-server Names:[{C:US ST:North Carolina L: O:Hyperledger OU:Fabric SerialNumber:}] Hosts:[Nitishs-MacBook-Pro.local localhost] KeyRequest:0xc42035cd00 CA:0xc4202d5000 SerialNumber:}
2018/10/27 14:11:45 [INFO] generating key: &{A:ecdsa S:256}
2018/10/27 14:11:45 [DEBUG] generate key from request: algo=ecdsa, size=256
2018/10/27 14:11:45 [INFO] encoded CSR
2018/10/27 14:11:45 [DEBUG] validating configuration
2018/10/27 14:11:45 [DEBUG] validate local profile
2018/10/27 14:11:45 [DEBUG] profile is valid
2018/10/27 14:11:45 [INFO] signed certificate with serial number 703585408524534205861287301531408399457687903966
2018/10/27 14:11:45 [INFO] The CA key and certificate were generated for CA 
2018/10/27 14:11:45 [INFO] The key was stored by BCCSP provider 'SW'
2018/10/27 14:11:45 [INFO] The certificate is at: /Users/nitishbhushan/Documents/nitish_operations/technical/tehnologies/hyperledger-fabric/b9lab_fabric/certification/b9Lab-HLF11/network/crypto-config/peerOrganizations/org2.com.au/ca/root/ca-cert.pem
2018/10/27 14:11:45 [DEBUG] Initializing DB
2018/10/27 14:11:45 [DEBUG] Initializing 'sqlite3' database at '/Users/nitishbhushan/Documents/nitish_operations/technical/tehnologies/hyperledger-fabric/b9lab_fabric/certification/b9Lab-HLF11/network/crypto-config/peerOrganizations/org2.com.au/ca/root/fabric-ca-server.db'
2018/10/27 14:11:45 [DEBUG] Using sqlite database, connect to database in home (/Users/nitishbhushan/Documents/nitish_operations/technical/tehnologies/hyperledger-fabric/b9lab_fabric/certification/b9Lab-HLF11/network/crypto-config/peerOrganizations/org2.com.au/ca/root/fabric-ca-server.db) directory
2018/10/27 14:11:45 [DEBUG] Creating SQLite database (/Users/nitishbhushan/Documents/nitish_operations/technical/tehnologies/hyperledger-fabric/b9lab_fabric/certification/b9Lab-HLF11/network/crypto-config/peerOrganizations/org2.com.au/ca/root/fabric-ca-server.db) if it does not exist...
2018/10/27 14:11:45 [DEBUG] Creating users table if it does not exist
2018/10/27 14:11:45 [DEBUG] Creating affiliations table if it does not exist
2018/10/27 14:11:45 [DEBUG] Creating certificates table if it does not exist
2018/10/27 14:11:45 [DEBUG] Creating properties table if it does not exist
2018/10/27 14:11:45 [DEBUG] Successfully opened sqlite3 DB
2018/10/27 14:11:45 [DEBUG] Checking database schema...
2018/10/27 14:11:45 [DEBUG] Update SQLite schema, if using outdated schema
2018/10/27 14:11:45 [DEBUG] Upgrade identities table
2018/10/27 14:11:45 [DEBUG] Creating users table if it does not exist
2018/10/27 14:11:45 [DEBUG] Upgrade affiliation table
2018/10/27 14:11:45 [DEBUG] Creating affiliations table if it does not exist
2018/10/27 14:11:45 [DEBUG] Upgrade certificates table
2018/10/27 14:11:45 [DEBUG] Creating certificates table if it does not exist
2018/10/27 14:11:45 [DEBUG] Initializing identity registry
2018/10/27 14:11:45 [DEBUG] Initialized DB identity registry
2018/10/27 14:11:45 [DEBUG] DB: Get properties [identity.level affiliation.level certificate.level]
2018/10/27 14:11:45 [DEBUG] Checking database levels 'map[affiliation.level:0 certificate.level:0 identity.level:0]' against server levels '&{Identity:1 Affiliation:1 Certificate:1}'
2018/10/27 14:11:45 [DEBUG] Loading identity table
2018/10/27 14:11:45 [DEBUG] Loading identity 'admin'
2018/10/27 14:11:45 [DEBUG] DB: Getting identity admin
2018/10/27 14:11:45 [DEBUG] Max enrollment value verification - User specified max enrollment: 0, CA max enrollment: -1
2018/10/27 14:11:45 [DEBUG] DB: Add identity admin
2018/10/27 14:11:45 [DEBUG] Successfully added identity admin to the database
2018/10/27 14:11:45 [DEBUG] Registered identity: { Name:**** Pass:**** Type:client Affiliation: MaxEnrollments:-1 Attrs:map[hf.Revoker:1 hf.IntermediateCA:1 hf.GenCRL:1 hf.Registrar.Attributes:* hf.AffiliationMgr:1 hf.Registrar.Roles:peer,orderer,client,user hf.Registrar.DelegateRoles:peer,orderer,client,user]  }
2018/10/27 14:11:45 [DEBUG] Successfully loaded identity table
2018/10/27 14:11:45 [DEBUG] Loading affiliations table
2018/10/27 14:11:45 [DEBUG] DB: Add affiliation org1
2018/10/27 14:11:45 [DEBUG] Affiliation 'org1' added
2018/10/27 14:11:45 [DEBUG] DB: Add affiliation org1.department1
2018/10/27 14:11:45 [DEBUG] Affiliation 'org1.department1' added
2018/10/27 14:11:45 [DEBUG] DB: Add affiliation org1.department2
2018/10/27 14:11:45 [DEBUG] Affiliation 'org1.department2' added
2018/10/27 14:11:45 [DEBUG] DB: Add affiliation org2
2018/10/27 14:11:45 [DEBUG] Affiliation 'org2' added
2018/10/27 14:11:45 [DEBUG] DB: Add affiliation org2.department1
2018/10/27 14:11:45 [DEBUG] Affiliation 'org2.department1' added
2018/10/27 14:11:45 [DEBUG] Successfully loaded affiliations table
2018/10/27 14:11:45 [DEBUG] Checking and performing migration, if needed
2018/10/27 14:11:45 [DEBUG] Updating database level to &{Identity:1 Affiliation:1 Certificate:1}
2018/10/27 14:11:45 [INFO] Initialized sqlite3 database at /Users/nitishbhushan/Documents/nitish_operations/technical/tehnologies/hyperledger-fabric/b9lab_fabric/certification/b9Lab-HLF11/network/crypto-config/peerOrganizations/org2.com.au/ca/root/fabric-ca-server.db
2018/10/27 14:11:45 [DEBUG] Initializing enrollment signer
2018/10/27 14:11:45 [DEBUG] validating configuration
2018/10/27 14:11:45 [DEBUG] validate local profile
2018/10/27 14:11:45 [DEBUG] profile is valid
2018/10/27 14:11:45 [DEBUG] validate local profile
2018/10/27 14:11:45 [DEBUG] profile is valid
2018/10/27 14:11:45 [DEBUG] validate local profile
2018/10/27 14:11:45 [DEBUG] profile is valid
2018/10/27 14:11:45 [DEBUG] CA initialization successful
2018/10/27 14:11:45 [INFO] Home directory for default CA: /Users/nitishbhushan/Documents/nitish_operations/technical/tehnologies/hyperledger-fabric/b9lab_fabric/certification/b9Lab-HLF11/network/crypto-config/peerOrganizations/org2.com.au/ca/root
2018/10/27 14:11:45 [DEBUG] 1 CA instance(s) running on server
2018/10/27 14:11:45 [INFO] Listening on http://0.0.0.0:7104
2018/10/27 14:11:46 [DEBUG] Received request for /enroll
2018/10/27 14:11:46 [DEBUG] ca.Config: &{Version:1.1.1-snapshot-e656889 Cfg:{Identities:{AllowRemove:false} Affiliations:{AllowRemove:false}} CA:{Name: Keyfile:/Users/nitishbhushan/Documents/nitish_operations/technical/tehnologies/hyperledger-fabric/b9lab_fabric/certification/b9Lab-HLF11/network/crypto-config/peerOrganizations/org2.com.au/ca/root/ca-key.pem Certfile:/Users/nitishbhushan/Documents/nitish_operations/technical/tehnologies/hyperledger-fabric/b9lab_fabric/certification/b9Lab-HLF11/network/crypto-config/peerOrganizations/org2.com.au/ca/root/ca-cert.pem Chainfile:/Users/nitishbhushan/Documents/nitish_operations/technical/tehnologies/hyperledger-fabric/b9lab_fabric/certification/b9Lab-HLF11/network/crypto-config/peerOrganizations/org2.com.au/ca/root/ca-chain.pem} Signing:0xc420353a50 CSR:{CN:fabric-ca-server Names:[{C:US ST:North Carolina L: O:Hyperledger OU:Fabric SerialNumber:}] Hosts:[Nitishs-MacBook-Pro.local localhost] KeyRequest:0xc42035cce0 CA:0xc4202d5000 SerialNumber:} Registry:{MaxEnrollments:-1 Identities:[{ Name:**** Pass:**** Type:client Affiliation: MaxEnrollments:0 Attrs:map[hf.Revoker:1 hf.IntermediateCA:1 hf.GenCRL:1 hf.Registrar.Attributes:* hf.AffiliationMgr:1 hf.Registrar.Roles:peer,orderer,client,user hf.Registrar.DelegateRoles:peer,orderer,client,user]  }]} Affiliations:map[org2:[department1] org1:[department1 department2]] LDAP:{ Enabled:false URL:ldap://****:****@<host>:<port>/<base> UserFilter:(uid=%s) GroupFilter:(memberUid=%s) Attribute:{[uid member] [{ }] map[groups:[{ }]]} TLS:{false [] { }}  } DB:{ Type:sqlite3 Datasource:/Users/nitishbhushan/Documents/nitish_operations/technical/tehnologies/hyperledger-fabric/b9lab_fabric/certification/b9Lab-HLF11/network/crypto-config/peerOrganizations/org2.com.au/ca/root/fabric-ca-server.db TLS:{false [] { }}  } CSP:0xc420340810 Client:<nil> Intermediate:{ParentServer:{ URL: CAName:  } TLS:{Enabled:false CertFiles:[] Client:{KeyFile: CertFile:}} Enrollment:{ Name: Secret:**** Profile: Label: CSR:<nil> CAName: AttrReqs:[]  }} CRL:{Expiry:24h0m0s}}
2018/10/27 14:11:46 [DEBUG] DB: Getting identity admin
2018/10/27 14:11:46 [DEBUG] DB: Login user admin with max enrollments of -1 and state of 0
2018/10/27 14:11:46 [DEBUG] DB: identity admin successfully logged in
2018/10/27 14:11:46 [DEBUG] Processing sign request: id=admin, CommonName=admin, Subject=<nil>
2018/10/27 14:11:46 [DEBUG] Request is not for a CA signing certificate
2018/10/27 14:11:46 [DEBUG] Checking CSR fields to make sure that they do not exceed maximum character limits
2018/10/27 14:11:46 [DEBUG] DB: Getting identity admin
2018/10/27 14:11:46 [DEBUG] Finished processing sign request
2018/10/27 14:11:46 [DEBUG] DB: Getting identity admin
2018/10/27 14:11:46 [INFO] signed certificate with serial number 473678411670351794922044421805965470818269404010
2018/10/27 14:11:46 [DEBUG] DB: Insert Certificate
2018/10/27 14:11:46 [DEBUG] Saved serial number as hex 52f8797e8ffb7bf8ef37ca4ac795c6c042881b6a
2018/10/27 14:11:46 [DEBUG] saved certificate with serial number 473678411670351794922044421805965470818269404010
2018/10/27 14:11:46 [DEBUG] Successfully incremented state for identity admin to 1
2018/10/27 14:11:46 [INFO] [::1]:51548 POST /enroll 201 0 "OK"
2018/10/27 14:11:46 [DEBUG] Received request for /enroll
2018/10/27 14:11:46 [DEBUG] ca.Config: &{Version:1.1.1-snapshot-e656889 Cfg:{Identities:{AllowRemove:false} Affiliations:{AllowRemove:false}} CA:{Name: Keyfile:/Users/nitishbhushan/Documents/nitish_operations/technical/tehnologies/hyperledger-fabric/b9lab_fabric/certification/b9Lab-HLF11/network/crypto-config/peerOrganizations/org2.com.au/ca/root/ca-key.pem Certfile:/Users/nitishbhushan/Documents/nitish_operations/technical/tehnologies/hyperledger-fabric/b9lab_fabric/certification/b9Lab-HLF11/network/crypto-config/peerOrganizations/org2.com.au/ca/root/ca-cert.pem Chainfile:/Users/nitishbhushan/Documents/nitish_operations/technical/tehnologies/hyperledger-fabric/b9lab_fabric/certification/b9Lab-HLF11/network/crypto-config/peerOrganizations/org2.com.au/ca/root/ca-chain.pem} Signing:0xc420353a50 CSR:{CN:fabric-ca-server Names:[{C:US ST:North Carolina L: O:Hyperledger OU:Fabric SerialNumber:}] Hosts:[Nitishs-MacBook-Pro.local localhost] KeyRequest:0xc42035cce0 CA:0xc4202d5000 SerialNumber:} Registry:{MaxEnrollments:-1 Identities:[{ Name:**** Pass:**** Type:client Affiliation: MaxEnrollments:0 Attrs:map[hf.Revoker:1 hf.IntermediateCA:1 hf.GenCRL:1 hf.Registrar.Attributes:* hf.AffiliationMgr:1 hf.Registrar.Roles:peer,orderer,client,user hf.Registrar.DelegateRoles:peer,orderer,client,user]  }]} Affiliations:map[org2:[department1] org1:[department1 department2]] LDAP:{ Enabled:false URL:ldap://****:****@<host>:<port>/<base> UserFilter:(uid=%s) GroupFilter:(memberUid=%s) Attribute:{[uid member] [{ }] map[groups:[{ }]]} TLS:{false [] { }}  } DB:{ Type:sqlite3 Datasource:/Users/nitishbhushan/Documents/nitish_operations/technical/tehnologies/hyperledger-fabric/b9lab_fabric/certification/b9Lab-HLF11/network/crypto-config/peerOrganizations/org2.com.au/ca/root/fabric-ca-server.db TLS:{false [] { }}  } CSP:0xc420340810 Client:<nil> Intermediate:{ParentServer:{ URL: CAName:  } TLS:{Enabled:false CertFiles:[] Client:{KeyFile: CertFile:}} Enrollment:{ Name: Secret:**** Profile: Label: CSR:<nil> CAName: AttrReqs:[]  }} CRL:{Expiry:24h0m0s}}
2018/10/27 14:11:46 [DEBUG] DB: Getting identity admin
2018/10/27 14:11:46 [DEBUG] DB: Login user admin with max enrollments of -1 and state of 1
2018/10/27 14:11:46 [DEBUG] DB: identity admin successfully logged in
2018/10/27 14:11:46 [DEBUG] Processing sign request: id=admin, CommonName=admin, Subject=<nil>
2018/10/27 14:11:46 [DEBUG] Request is not for a CA signing certificate
2018/10/27 14:11:46 [DEBUG] Checking CSR fields to make sure that they do not exceed maximum character limits
2018/10/27 14:11:46 [DEBUG] DB: Getting identity admin
2018/10/27 14:11:46 [DEBUG] Finished processing sign request
2018/10/27 14:11:46 [DEBUG] DB: Getting identity admin
2018/10/27 14:11:46 [INFO] signed certificate with serial number 241290455988876530665525939020461595334563581865
2018/10/27 14:11:46 [DEBUG] DB: Insert Certificate
2018/10/27 14:11:46 [DEBUG] Saved serial number as hex 2a43d697ce3ec6938858df304389934dd853cfa9
2018/10/27 14:11:46 [DEBUG] saved certificate with serial number 241290455988876530665525939020461595334563581865
2018/10/27 14:11:46 [DEBUG] Successfully incremented state for identity admin to 2
2018/10/27 14:11:46 [INFO] [::1]:51551 POST /enroll 201 0 "OK"
2018/10/27 14:11:46 [DEBUG] Received request for /register
2018/10/27 14:11:46 [DEBUG] Checking for revocation/expiration of certificate owned by 'admin'
2018/10/27 14:11:46 [DEBUG] DB: Get certificate by serial (2a43d697ce3ec6938858df304389934dd853cfa9) and aki (e95061516183ee55164030331bbb09d1a6138f1a)
2018/10/27 14:11:46 [DEBUG] Successful token authentication of 'admin'
2018/10/27 14:11:46 [DEBUG] Received registration request from admin: { Name:nodeAdmin Type:user Secret:**** MaxEnrollments:0 Affiliation:org1 Attributes:[] CAName:  }
2018/10/27 14:11:46 [DEBUG] DB: Getting identity admin
2018/10/27 14:11:46 [DEBUG] canRegister - Check to see if user 'admin' can register
2018/10/27 14:11:46 [DEBUG] Checking to see if caller 'admin' is a registrar
2018/10/27 14:11:46 [DEBUG] Validate Affiliation
2018/10/27 14:11:46 [DEBUG] Checking to see if affiliation 'org1' contains caller's affiliation ''
2018/10/27 14:11:46 [DEBUG] Caller has root affiliation
2018/10/27 14:11:46 [DEBUG] Validate ID
2018/10/27 14:11:46 [DEBUG] Validating affiliation: org1
2018/10/27 14:11:46 [DEBUG] DB: Get affiliation org1
2018/10/27 14:11:46 [DEBUG] Registering user id: nodeAdmin
2018/10/27 14:11:46 [DEBUG] Max enrollment value verification - User specified max enrollment: 0, CA max enrollment: -1
2018/10/27 14:11:46 [DEBUG] DB: Getting identity nodeAdmin
2018/10/27 14:11:46 [DEBUG] DB: Add identity nodeAdmin
2018/10/27 14:11:46 [DEBUG] Successfully added identity nodeAdmin to the database
2018/10/27 14:11:46 [INFO] [::1]:51554 POST /register 201 0 "OK"
2018/10/27 14:11:46 [DEBUG] Received request for /enroll
2018/10/27 14:11:46 [DEBUG] ca.Config: &{Version:1.1.1-snapshot-e656889 Cfg:{Identities:{AllowRemove:false} Affiliations:{AllowRemove:false}} CA:{Name: Keyfile:/Users/nitishbhushan/Documents/nitish_operations/technical/tehnologies/hyperledger-fabric/b9lab_fabric/certification/b9Lab-HLF11/network/crypto-config/peerOrganizations/org2.com.au/ca/root/ca-key.pem Certfile:/Users/nitishbhushan/Documents/nitish_operations/technical/tehnologies/hyperledger-fabric/b9lab_fabric/certification/b9Lab-HLF11/network/crypto-config/peerOrganizations/org2.com.au/ca/root/ca-cert.pem Chainfile:/Users/nitishbhushan/Documents/nitish_operations/technical/tehnologies/hyperledger-fabric/b9lab_fabric/certification/b9Lab-HLF11/network/crypto-config/peerOrganizations/org2.com.au/ca/root/ca-chain.pem} Signing:0xc420353a50 CSR:{CN:fabric-ca-server Names:[{C:US ST:North Carolina L: O:Hyperledger OU:Fabric SerialNumber:}] Hosts:[Nitishs-MacBook-Pro.local localhost] KeyRequest:0xc42035cce0 CA:0xc4202d5000 SerialNumber:} Registry:{MaxEnrollments:-1 Identities:[{ Name:**** Pass:**** Type:client Affiliation: MaxEnrollments:0 Attrs:map[hf.Registrar.Attributes:* hf.AffiliationMgr:1 hf.Registrar.Roles:peer,orderer,client,user hf.Registrar.DelegateRoles:peer,orderer,client,user hf.Revoker:1 hf.IntermediateCA:1 hf.GenCRL:1]  }]} Affiliations:map[org1:[department1 department2] org2:[department1]] LDAP:{ Enabled:false URL:ldap://****:****@<host>:<port>/<base> UserFilter:(uid=%s) GroupFilter:(memberUid=%s) Attribute:{[uid member] [{ }] map[groups:[{ }]]} TLS:{false [] { }}  } DB:{ Type:sqlite3 Datasource:/Users/nitishbhushan/Documents/nitish_operations/technical/tehnologies/hyperledger-fabric/b9lab_fabric/certification/b9Lab-HLF11/network/crypto-config/peerOrganizations/org2.com.au/ca/root/fabric-ca-server.db TLS:{false [] { }}  } CSP:0xc420340810 Client:<nil> Intermediate:{ParentServer:{ URL: CAName:  } TLS:{Enabled:false CertFiles:[] Client:{KeyFile: CertFile:}} Enrollment:{ Name: Secret:**** Profile: Label: CSR:<nil> CAName: AttrReqs:[]  }} CRL:{Expiry:24h0m0s}}
2018/10/27 14:11:46 [DEBUG] DB: Getting identity nodeAdmin
2018/10/27 14:11:46 [DEBUG] DB: Login user nodeAdmin with max enrollments of -1 and state of 0
2018/10/27 14:11:46 [DEBUG] DB: identity nodeAdmin successfully logged in
2018/10/27 14:11:46 [DEBUG] Processing sign request: id=nodeAdmin, CommonName=nodeAdmin, Subject=<nil>
2018/10/27 14:11:46 [DEBUG] Request is not for a CA signing certificate
2018/10/27 14:11:46 [DEBUG] Checking CSR fields to make sure that they do not exceed maximum character limits
2018/10/27 14:11:46 [DEBUG] DB: Getting identity nodeAdmin
2018/10/27 14:11:46 [DEBUG] Finished processing sign request
2018/10/27 14:11:46 [DEBUG] DB: Getting identity nodeAdmin
2018/10/27 14:11:46 [DEBUG] Attribute extension being added to certificate is: &{ID:[1 2 3 4 5 6 7 8 1] Critical:false Value:7b226174747273223a7b2268662e416666696c696174696f6e223a226f726731222c2268662e456e726f6c6c6d656e744944223a226e6f646541646d696e222c2268662e54797065223a2275736572227d7d}
2018/10/27 14:11:46 [DEBUG] Adding attribute extension to CSR: &{ID:[1 2 3 4 5 6 7 8 1] Critical:false Value:7b226174747273223a7b2268662e416666696c696174696f6e223a226f726731222c2268662e456e726f6c6c6d656e744944223a226e6f646541646d696e222c2268662e54797065223a2275736572227d7d}
2018/10/27 14:11:46 [INFO] signed certificate with serial number 266660759872114135363001675534250307796181961417
2018/10/27 14:11:46 [DEBUG] DB: Insert Certificate
2018/10/27 14:11:46 [DEBUG] Saved serial number as hex 2eb57b660a03e210ebb8e3cd7df7895ccf67cac9
2018/10/27 14:11:46 [DEBUG] saved certificate with serial number 266660759872114135363001675534250307796181961417
2018/10/27 14:11:46 [DEBUG] Successfully incremented state for identity nodeAdmin to 1
2018/10/27 14:11:46 [INFO] [::1]:51558 POST /enroll 201 0 "OK"
2018/10/27 14:11:46 [DEBUG] Received request for /register
2018/10/27 14:11:47 [DEBUG] Checking for revocation/expiration of certificate owned by 'admin'
2018/10/27 14:11:47 [DEBUG] DB: Get certificate by serial (2a43d697ce3ec6938858df304389934dd853cfa9) and aki (e95061516183ee55164030331bbb09d1a6138f1a)
2018/10/27 14:11:47 [DEBUG] Successful token authentication of 'admin'
2018/10/27 14:11:47 [DEBUG] Received registration request from admin: { Name:User1@org2.com.au Type:user Secret:**** MaxEnrollments:0 Affiliation:org1 Attributes:[] CAName:  }
2018/10/27 14:11:47 [DEBUG] DB: Getting identity admin
2018/10/27 14:11:47 [DEBUG] canRegister - Check to see if user 'admin' can register
2018/10/27 14:11:47 [DEBUG] Checking to see if caller 'admin' is a registrar
2018/10/27 14:11:47 [DEBUG] Validate Affiliation
2018/10/27 14:11:47 [DEBUG] Checking to see if affiliation 'org1' contains caller's affiliation ''
2018/10/27 14:11:47 [DEBUG] Caller has root affiliation
2018/10/27 14:11:47 [DEBUG] Validate ID
2018/10/27 14:11:47 [DEBUG] Validating affiliation: org1
2018/10/27 14:11:47 [DEBUG] DB: Get affiliation org1
2018/10/27 14:11:47 [DEBUG] Registering user id: User1@org2.com.au
2018/10/27 14:11:47 [DEBUG] Max enrollment value verification - User specified max enrollment: 0, CA max enrollment: -1
2018/10/27 14:11:47 [DEBUG] DB: Getting identity User1@org2.com.au
2018/10/27 14:11:47 [DEBUG] DB: Add identity User1@org2.com.au
2018/10/27 14:11:47 [DEBUG] Successfully added identity User1@org2.com.au to the database
2018/10/27 14:11:47 [INFO] [::1]:51561 POST /register 201 0 "OK"
2018/10/27 14:11:47 [DEBUG] Received request for /enroll
2018/10/27 14:11:47 [DEBUG] ca.Config: &{Version:1.1.1-snapshot-e656889 Cfg:{Identities:{AllowRemove:false} Affiliations:{AllowRemove:false}} CA:{Name: Keyfile:/Users/nitishbhushan/Documents/nitish_operations/technical/tehnologies/hyperledger-fabric/b9lab_fabric/certification/b9Lab-HLF11/network/crypto-config/peerOrganizations/org2.com.au/ca/root/ca-key.pem Certfile:/Users/nitishbhushan/Documents/nitish_operations/technical/tehnologies/hyperledger-fabric/b9lab_fabric/certification/b9Lab-HLF11/network/crypto-config/peerOrganizations/org2.com.au/ca/root/ca-cert.pem Chainfile:/Users/nitishbhushan/Documents/nitish_operations/technical/tehnologies/hyperledger-fabric/b9lab_fabric/certification/b9Lab-HLF11/network/crypto-config/peerOrganizations/org2.com.au/ca/root/ca-chain.pem} Signing:0xc420353a50 CSR:{CN:fabric-ca-server Names:[{C:US ST:North Carolina L: O:Hyperledger OU:Fabric SerialNumber:}] Hosts:[Nitishs-MacBook-Pro.local localhost] KeyRequest:0xc42035cce0 CA:0xc4202d5000 SerialNumber:} Registry:{MaxEnrollments:-1 Identities:[{ Name:**** Pass:**** Type:client Affiliation: MaxEnrollments:0 Attrs:map[hf.Registrar.DelegateRoles:peer,orderer,client,user hf.Revoker:1 hf.IntermediateCA:1 hf.GenCRL:1 hf.Registrar.Attributes:* hf.AffiliationMgr:1 hf.Registrar.Roles:peer,orderer,client,user]  }]} Affiliations:map[org2:[department1] org1:[department1 department2]] LDAP:{ Enabled:false URL:ldap://****:****@<host>:<port>/<base> UserFilter:(uid=%s) GroupFilter:(memberUid=%s) Attribute:{[uid member] [{ }] map[groups:[{ }]]} TLS:{false [] { }}  } DB:{ Type:sqlite3 Datasource:/Users/nitishbhushan/Documents/nitish_operations/technical/tehnologies/hyperledger-fabric/b9lab_fabric/certification/b9Lab-HLF11/network/crypto-config/peerOrganizations/org2.com.au/ca/root/fabric-ca-server.db TLS:{false [] { }}  } CSP:0xc420340810 Client:<nil> Intermediate:{ParentServer:{ URL: CAName:  } TLS:{Enabled:false CertFiles:[] Client:{KeyFile: CertFile:}} Enrollment:{ Name: Secret:**** Profile: Label: CSR:<nil> CAName: AttrReqs:[]  }} CRL:{Expiry:24h0m0s}}
2018/10/27 14:11:47 [DEBUG] DB: Getting identity User1@org2.com.au
2018/10/27 14:11:47 [DEBUG] DB: Login user User1@org2.com.au with max enrollments of -1 and state of 0
2018/10/27 14:11:47 [DEBUG] DB: identity User1@org2.com.au successfully logged in
2018/10/27 14:11:47 [DEBUG] Processing sign request: id=User1@org2.com.au, CommonName=User1@org2.com.au, Subject=<nil>
2018/10/27 14:11:47 [DEBUG] Request is not for a CA signing certificate
2018/10/27 14:11:47 [DEBUG] Checking CSR fields to make sure that they do not exceed maximum character limits
2018/10/27 14:11:47 [DEBUG] DB: Getting identity User1@org2.com.au
2018/10/27 14:11:47 [DEBUG] Finished processing sign request
2018/10/27 14:11:47 [DEBUG] DB: Getting identity User1@org2.com.au
2018/10/27 14:11:47 [DEBUG] Attribute extension being added to certificate is: &{ID:[1 2 3 4 5 6 7 8 1] Critical:false Value:7b226174747273223a7b2268662e416666696c696174696f6e223a226f726731222c2268662e456e726f6c6c6d656e744944223a225573657231406f7267322e636f6d2e6175222c2268662e54797065223a2275736572227d7d}
2018/10/27 14:11:47 [DEBUG] Adding attribute extension to CSR: &{ID:[1 2 3 4 5 6 7 8 1] Critical:false Value:7b226174747273223a7b2268662e416666696c696174696f6e223a226f726731222c2268662e456e726f6c6c6d656e744944223a225573657231406f7267322e636f6d2e6175222c2268662e54797065223a2275736572227d7d}
2018/10/27 14:11:47 [INFO] signed certificate with serial number 21337768008884461557375502887223106487327037765
2018/10/27 14:11:47 [DEBUG] DB: Insert Certificate
2018/10/27 14:11:47 [DEBUG] Saved serial number as hex 3bcd190624ddbf040433e43490d2b1f74729945
2018/10/27 14:11:47 [DEBUG] saved certificate with serial number 21337768008884461557375502887223106487327037765
2018/10/27 14:11:47 [DEBUG] Successfully incremented state for identity User1@org2.com.au to 1
2018/10/27 14:11:47 [INFO] [::1]:51565 POST /enroll 201 0 "OK"
2018/10/27 14:11:47 [DEBUG] Received request for /enroll
2018/10/27 14:11:47 [DEBUG] ca.Config: &{Version:1.1.1-snapshot-e656889 Cfg:{Identities:{AllowRemove:false} Affiliations:{AllowRemove:false}} CA:{Name: Keyfile:/Users/nitishbhushan/Documents/nitish_operations/technical/tehnologies/hyperledger-fabric/b9lab_fabric/certification/b9Lab-HLF11/network/crypto-config/peerOrganizations/org2.com.au/ca/root/ca-key.pem Certfile:/Users/nitishbhushan/Documents/nitish_operations/technical/tehnologies/hyperledger-fabric/b9lab_fabric/certification/b9Lab-HLF11/network/crypto-config/peerOrganizations/org2.com.au/ca/root/ca-cert.pem Chainfile:/Users/nitishbhushan/Documents/nitish_operations/technical/tehnologies/hyperledger-fabric/b9lab_fabric/certification/b9Lab-HLF11/network/crypto-config/peerOrganizations/org2.com.au/ca/root/ca-chain.pem} Signing:0xc420353a50 CSR:{CN:fabric-ca-server Names:[{C:US ST:North Carolina L: O:Hyperledger OU:Fabric SerialNumber:}] Hosts:[Nitishs-MacBook-Pro.local localhost] KeyRequest:0xc42035cce0 CA:0xc4202d5000 SerialNumber:} Registry:{MaxEnrollments:-1 Identities:[{ Name:**** Pass:**** Type:client Affiliation: MaxEnrollments:0 Attrs:map[hf.Registrar.DelegateRoles:peer,orderer,client,user hf.Revoker:1 hf.IntermediateCA:1 hf.GenCRL:1 hf.Registrar.Attributes:* hf.AffiliationMgr:1 hf.Registrar.Roles:peer,orderer,client,user]  }]} Affiliations:map[org2:[department1] org1:[department1 department2]] LDAP:{ Enabled:false URL:ldap://****:****@<host>:<port>/<base> UserFilter:(uid=%s) GroupFilter:(memberUid=%s) Attribute:{[uid member] [{ }] map[groups:[{ }]]} TLS:{false [] { }}  } DB:{ Type:sqlite3 Datasource:/Users/nitishbhushan/Documents/nitish_operations/technical/tehnologies/hyperledger-fabric/b9lab_fabric/certification/b9Lab-HLF11/network/crypto-config/peerOrganizations/org2.com.au/ca/root/fabric-ca-server.db TLS:{false [] { }}  } CSP:0xc420340810 Client:<nil> Intermediate:{ParentServer:{ URL: CAName:  } TLS:{Enabled:false CertFiles:[] Client:{KeyFile: CertFile:}} Enrollment:{ Name: Secret:**** Profile: Label: CSR:<nil> CAName: AttrReqs:[]  }} CRL:{Expiry:24h0m0s}}
2018/10/27 14:11:47 [DEBUG] DB: Getting identity admin
2018/10/27 14:11:47 [DEBUG] DB: Login user admin with max enrollments of -1 and state of 2
2018/10/27 14:11:47 [DEBUG] DB: identity admin successfully logged in
2018/10/27 14:11:47 [DEBUG] Processing sign request: id=admin, CommonName=admin, Subject=<nil>
2018/10/27 14:11:47 [DEBUG] Request is not for a CA signing certificate
2018/10/27 14:11:47 [DEBUG] Checking CSR fields to make sure that they do not exceed maximum character limits
2018/10/27 14:11:47 [DEBUG] DB: Getting identity admin
2018/10/27 14:11:47 [DEBUG] Finished processing sign request
2018/10/27 14:11:47 [DEBUG] DB: Getting identity admin
2018/10/27 14:11:47 [INFO] signed certificate with serial number 485264367095785264888546581508762777908384679202
2018/10/27 14:11:47 [DEBUG] DB: Insert Certificate
2018/10/27 14:11:47 [DEBUG] Saved serial number as hex 550001bd70ed4ab9e951ebb75fa68ecbed58c522
2018/10/27 14:11:47 [DEBUG] saved certificate with serial number 485264367095785264888546581508762777908384679202
2018/10/27 14:11:47 [DEBUG] Successfully incremented state for identity admin to 3
2018/10/27 14:11:47 [INFO] [::1]:51568 POST /enroll 201 0 "OK"
2018/10/27 14:11:47 [DEBUG] Received request for /register
2018/10/27 14:11:47 [DEBUG] Checking for revocation/expiration of certificate owned by 'admin'
2018/10/27 14:11:47 [DEBUG] DB: Get certificate by serial (2a43d697ce3ec6938858df304389934dd853cfa9) and aki (e95061516183ee55164030331bbb09d1a6138f1a)
2018/10/27 14:11:47 [DEBUG] Successful token authentication of 'admin'
2018/10/27 14:11:47 [DEBUG] Received registration request from admin: { Name:peer0.org2.com.au Type:user Secret:**** MaxEnrollments:0 Affiliation:org1 Attributes:[] CAName:  }
2018/10/27 14:11:47 [DEBUG] DB: Getting identity admin
2018/10/27 14:11:47 [DEBUG] canRegister - Check to see if user 'admin' can register
2018/10/27 14:11:47 [DEBUG] Checking to see if caller 'admin' is a registrar
2018/10/27 14:11:47 [DEBUG] Validate Affiliation
2018/10/27 14:11:47 [DEBUG] Checking to see if affiliation 'org1' contains caller's affiliation ''
2018/10/27 14:11:47 [DEBUG] Caller has root affiliation
2018/10/27 14:11:47 [DEBUG] Validate ID
2018/10/27 14:11:47 [DEBUG] Validating affiliation: org1
2018/10/27 14:11:47 [DEBUG] DB: Get affiliation org1
2018/10/27 14:11:47 [DEBUG] Registering user id: peer0.org2.com.au
2018/10/27 14:11:47 [DEBUG] Max enrollment value verification - User specified max enrollment: 0, CA max enrollment: -1
2018/10/27 14:11:47 [DEBUG] DB: Getting identity peer0.org2.com.au
2018/10/27 14:11:47 [DEBUG] DB: Add identity peer0.org2.com.au
2018/10/27 14:11:47 [DEBUG] Successfully added identity peer0.org2.com.au to the database
2018/10/27 14:11:47 [INFO] [::1]:51571 POST /register 201 0 "OK"
2018/10/27 14:11:47 [DEBUG] Received request for /enroll
2018/10/27 14:11:47 [DEBUG] ca.Config: &{Version:1.1.1-snapshot-e656889 Cfg:{Identities:{AllowRemove:false} Affiliations:{AllowRemove:false}} CA:{Name: Keyfile:/Users/nitishbhushan/Documents/nitish_operations/technical/tehnologies/hyperledger-fabric/b9lab_fabric/certification/b9Lab-HLF11/network/crypto-config/peerOrganizations/org2.com.au/ca/root/ca-key.pem Certfile:/Users/nitishbhushan/Documents/nitish_operations/technical/tehnologies/hyperledger-fabric/b9lab_fabric/certification/b9Lab-HLF11/network/crypto-config/peerOrganizations/org2.com.au/ca/root/ca-cert.pem Chainfile:/Users/nitishbhushan/Documents/nitish_operations/technical/tehnologies/hyperledger-fabric/b9lab_fabric/certification/b9Lab-HLF11/network/crypto-config/peerOrganizations/org2.com.au/ca/root/ca-chain.pem} Signing:0xc420353a50 CSR:{CN:fabric-ca-server Names:[{C:US ST:North Carolina L: O:Hyperledger OU:Fabric SerialNumber:}] Hosts:[Nitishs-MacBook-Pro.local localhost] KeyRequest:0xc42035cce0 CA:0xc4202d5000 SerialNumber:} Registry:{MaxEnrollments:-1 Identities:[{ Name:**** Pass:**** Type:client Affiliation: MaxEnrollments:0 Attrs:map[hf.Revoker:1 hf.IntermediateCA:1 hf.GenCRL:1 hf.Registrar.Attributes:* hf.AffiliationMgr:1 hf.Registrar.Roles:peer,orderer,client,user hf.Registrar.DelegateRoles:peer,orderer,client,user]  }]} Affiliations:map[org2:[department1] org1:[department1 department2]] LDAP:{ Enabled:false URL:ldap://****:****@<host>:<port>/<base> UserFilter:(uid=%s) GroupFilter:(memberUid=%s) Attribute:{[uid member] [{ }] map[groups:[{ }]]} TLS:{false [] { }}  } DB:{ Type:sqlite3 Datasource:/Users/nitishbhushan/Documents/nitish_operations/technical/tehnologies/hyperledger-fabric/b9lab_fabric/certification/b9Lab-HLF11/network/crypto-config/peerOrganizations/org2.com.au/ca/root/fabric-ca-server.db TLS:{false [] { }}  } CSP:0xc420340810 Client:<nil> Intermediate:{ParentServer:{ URL: CAName:  } TLS:{Enabled:false CertFiles:[] Client:{KeyFile: CertFile:}} Enrollment:{ Name: Secret:**** Profile: Label: CSR:<nil> CAName: AttrReqs:[]  }} CRL:{Expiry:24h0m0s}}
2018/10/27 14:11:47 [DEBUG] DB: Getting identity peer0.org2.com.au
2018/10/27 14:11:47 [DEBUG] DB: Login user peer0.org2.com.au with max enrollments of -1 and state of 0
2018/10/27 14:11:47 [DEBUG] DB: identity peer0.org2.com.au successfully logged in
2018/10/27 14:11:47 [DEBUG] Processing sign request: id=peer0.org2.com.au, CommonName=peer0.org2.com.au, Subject=<nil>
2018/10/27 14:11:47 [DEBUG] Request is not for a CA signing certificate
2018/10/27 14:11:47 [DEBUG] Checking CSR fields to make sure that they do not exceed maximum character limits
2018/10/27 14:11:47 [DEBUG] DB: Getting identity peer0.org2.com.au
2018/10/27 14:11:47 [DEBUG] Finished processing sign request
2018/10/27 14:11:47 [DEBUG] DB: Getting identity peer0.org2.com.au
2018/10/27 14:11:47 [DEBUG] Attribute extension being added to certificate is: &{ID:[1 2 3 4 5 6 7 8 1] Critical:false Value:7b226174747273223a7b2268662e416666696c696174696f6e223a226f726731222c2268662e456e726f6c6c6d656e744944223a2270656572302e6f7267322e636f6d2e6175222c2268662e54797065223a2275736572227d7d}
2018/10/27 14:11:47 [DEBUG] Adding attribute extension to CSR: &{ID:[1 2 3 4 5 6 7 8 1] Critical:false Value:7b226174747273223a7b2268662e416666696c696174696f6e223a226f726731222c2268662e456e726f6c6c6d656e744944223a2270656572302e6f7267322e636f6d2e6175222c2268662e54797065223a2275736572227d7d}
2018/10/27 14:11:47 [INFO] signed certificate with serial number 381789435816708120855442852960529600222870092156
2018/10/27 14:11:47 [DEBUG] DB: Insert Certificate
2018/10/27 14:11:47 [DEBUG] Saved serial number as hex 42e007c883f2aead5fa432ae02873a7e3aa3b97c
2018/10/27 14:11:47 [DEBUG] saved certificate with serial number 381789435816708120855442852960529600222870092156
2018/10/27 14:11:47 [DEBUG] Successfully incremented state for identity peer0.org2.com.au to 1
2018/10/27 14:11:47 [INFO] [::1]:51575 POST /enroll 201 0 "OK"
2018/10/27 14:11:47 [DEBUG] Received request for /enroll
2018/10/27 14:11:47 [DEBUG] ca.Config: &{Version:1.1.1-snapshot-e656889 Cfg:{Identities:{AllowRemove:false} Affiliations:{AllowRemove:false}} CA:{Name: Keyfile:/Users/nitishbhushan/Documents/nitish_operations/technical/tehnologies/hyperledger-fabric/b9lab_fabric/certification/b9Lab-HLF11/network/crypto-config/peerOrganizations/org2.com.au/ca/root/ca-key.pem Certfile:/Users/nitishbhushan/Documents/nitish_operations/technical/tehnologies/hyperledger-fabric/b9lab_fabric/certification/b9Lab-HLF11/network/crypto-config/peerOrganizations/org2.com.au/ca/root/ca-cert.pem Chainfile:/Users/nitishbhushan/Documents/nitish_operations/technical/tehnologies/hyperledger-fabric/b9lab_fabric/certification/b9Lab-HLF11/network/crypto-config/peerOrganizations/org2.com.au/ca/root/ca-chain.pem} Signing:0xc420353a50 CSR:{CN:fabric-ca-server Names:[{C:US ST:North Carolina L: O:Hyperledger OU:Fabric SerialNumber:}] Hosts:[Nitishs-MacBook-Pro.local localhost] KeyRequest:0xc42035cce0 CA:0xc4202d5000 SerialNumber:} Registry:{MaxEnrollments:-1 Identities:[{ Name:**** Pass:**** Type:client Affiliation: MaxEnrollments:0 Attrs:map[hf.IntermediateCA:1 hf.GenCRL:1 hf.Registrar.Attributes:* hf.AffiliationMgr:1 hf.Registrar.Roles:peer,orderer,client,user hf.Registrar.DelegateRoles:peer,orderer,client,user hf.Revoker:1]  }]} Affiliations:map[org2:[department1] org1:[department1 department2]] LDAP:{ Enabled:false URL:ldap://****:****@<host>:<port>/<base> UserFilter:(uid=%s) GroupFilter:(memberUid=%s) Attribute:{[uid member] [{ }] map[groups:[{ }]]} TLS:{false [] { }}  } DB:{ Type:sqlite3 Datasource:/Users/nitishbhushan/Documents/nitish_operations/technical/tehnologies/hyperledger-fabric/b9lab_fabric/certification/b9Lab-HLF11/network/crypto-config/peerOrganizations/org2.com.au/ca/root/fabric-ca-server.db TLS:{false [] { }}  } CSP:0xc420340810 Client:<nil> Intermediate:{ParentServer:{ URL: CAName:  } TLS:{Enabled:false CertFiles:[] Client:{KeyFile: CertFile:}} Enrollment:{ Name: Secret:**** Profile: Label: CSR:<nil> CAName: AttrReqs:[]  }} CRL:{Expiry:24h0m0s}}
2018/10/27 14:11:47 [DEBUG] DB: Getting identity admin
2018/10/27 14:11:47 [DEBUG] DB: Login user admin with max enrollments of -1 and state of 3
2018/10/27 14:11:48 [DEBUG] DB: identity admin successfully logged in
2018/10/27 14:11:48 [DEBUG] Processing sign request: id=admin, CommonName=admin, Subject=<nil>
2018/10/27 14:11:48 [DEBUG] Request is not for a CA signing certificate
2018/10/27 14:11:48 [DEBUG] Checking CSR fields to make sure that they do not exceed maximum character limits
2018/10/27 14:11:48 [DEBUG] DB: Getting identity admin
2018/10/27 14:11:48 [DEBUG] Finished processing sign request
2018/10/27 14:11:48 [DEBUG] DB: Getting identity admin
2018/10/27 14:11:48 [INFO] signed certificate with serial number 303009130197616389743132761426375077820094694378
2018/10/27 14:11:48 [DEBUG] DB: Insert Certificate
2018/10/27 14:11:48 [DEBUG] Saved serial number as hex 35136639fcb8010fa106d2952aac4c1137e743ea
2018/10/27 14:11:48 [DEBUG] saved certificate with serial number 303009130197616389743132761426375077820094694378
2018/10/27 14:11:48 [DEBUG] Successfully incremented state for identity admin to 4
2018/10/27 14:11:48 [INFO] [::1]:51578 POST /enroll 201 0 "OK"
2018/10/27 14:11:48 [DEBUG] Received request for /register
2018/10/27 14:11:48 [DEBUG] Checking for revocation/expiration of certificate owned by 'admin'
2018/10/27 14:11:48 [DEBUG] DB: Get certificate by serial (2a43d697ce3ec6938858df304389934dd853cfa9) and aki (e95061516183ee55164030331bbb09d1a6138f1a)
2018/10/27 14:11:48 [DEBUG] Successful token authentication of 'admin'
2018/10/27 14:11:48 [DEBUG] Received registration request from admin: { Name:peer1.org2.com.au Type:user Secret:**** MaxEnrollments:0 Affiliation:org1 Attributes:[] CAName:  }
2018/10/27 14:11:48 [DEBUG] DB: Getting identity admin
2018/10/27 14:11:48 [DEBUG] canRegister - Check to see if user 'admin' can register
2018/10/27 14:11:48 [DEBUG] Checking to see if caller 'admin' is a registrar
2018/10/27 14:11:48 [DEBUG] Validate Affiliation
2018/10/27 14:11:48 [DEBUG] Checking to see if affiliation 'org1' contains caller's affiliation ''
2018/10/27 14:11:48 [DEBUG] Caller has root affiliation
2018/10/27 14:11:48 [DEBUG] Validate ID
2018/10/27 14:11:48 [DEBUG] Validating affiliation: org1
2018/10/27 14:11:48 [DEBUG] DB: Get affiliation org1
2018/10/27 14:11:48 [DEBUG] Registering user id: peer1.org2.com.au
2018/10/27 14:11:48 [DEBUG] Max enrollment value verification - User specified max enrollment: 0, CA max enrollment: -1
2018/10/27 14:11:48 [DEBUG] DB: Getting identity peer1.org2.com.au
2018/10/27 14:11:48 [DEBUG] DB: Add identity peer1.org2.com.au
2018/10/27 14:11:48 [DEBUG] Successfully added identity peer1.org2.com.au to the database
2018/10/27 14:11:48 [INFO] [::1]:51581 POST /register 201 0 "OK"
2018/10/27 14:11:48 [DEBUG] Received request for /enroll
2018/10/27 14:11:48 [DEBUG] ca.Config: &{Version:1.1.1-snapshot-e656889 Cfg:{Identities:{AllowRemove:false} Affiliations:{AllowRemove:false}} CA:{Name: Keyfile:/Users/nitishbhushan/Documents/nitish_operations/technical/tehnologies/hyperledger-fabric/b9lab_fabric/certification/b9Lab-HLF11/network/crypto-config/peerOrganizations/org2.com.au/ca/root/ca-key.pem Certfile:/Users/nitishbhushan/Documents/nitish_operations/technical/tehnologies/hyperledger-fabric/b9lab_fabric/certification/b9Lab-HLF11/network/crypto-config/peerOrganizations/org2.com.au/ca/root/ca-cert.pem Chainfile:/Users/nitishbhushan/Documents/nitish_operations/technical/tehnologies/hyperledger-fabric/b9lab_fabric/certification/b9Lab-HLF11/network/crypto-config/peerOrganizations/org2.com.au/ca/root/ca-chain.pem} Signing:0xc420353a50 CSR:{CN:fabric-ca-server Names:[{C:US ST:North Carolina L: O:Hyperledger OU:Fabric SerialNumber:}] Hosts:[Nitishs-MacBook-Pro.local localhost] KeyRequest:0xc42035cce0 CA:0xc4202d5000 SerialNumber:} Registry:{MaxEnrollments:-1 Identities:[{ Name:**** Pass:**** Type:client Affiliation: MaxEnrollments:0 Attrs:map[hf.Revoker:1 hf.IntermediateCA:1 hf.GenCRL:1 hf.Registrar.Attributes:* hf.AffiliationMgr:1 hf.Registrar.Roles:peer,orderer,client,user hf.Registrar.DelegateRoles:peer,orderer,client,user]  }]} Affiliations:map[org2:[department1] org1:[department1 department2]] LDAP:{ Enabled:false URL:ldap://****:****@<host>:<port>/<base> UserFilter:(uid=%s) GroupFilter:(memberUid=%s) Attribute:{[uid member] [{ }] map[groups:[{ }]]} TLS:{false [] { }}  } DB:{ Type:sqlite3 Datasource:/Users/nitishbhushan/Documents/nitish_operations/technical/tehnologies/hyperledger-fabric/b9lab_fabric/certification/b9Lab-HLF11/network/crypto-config/peerOrganizations/org2.com.au/ca/root/fabric-ca-server.db TLS:{false [] { }}  } CSP:0xc420340810 Client:<nil> Intermediate:{ParentServer:{ URL: CAName:  } TLS:{Enabled:false CertFiles:[] Client:{KeyFile: CertFile:}} Enrollment:{ Name: Secret:**** Profile: Label: CSR:<nil> CAName: AttrReqs:[]  }} CRL:{Expiry:24h0m0s}}
2018/10/27 14:11:48 [DEBUG] DB: Getting identity peer1.org2.com.au
2018/10/27 14:11:48 [DEBUG] DB: Login user peer1.org2.com.au with max enrollments of -1 and state of 0
2018/10/27 14:11:48 [DEBUG] DB: identity peer1.org2.com.au successfully logged in
2018/10/27 14:11:48 [DEBUG] Processing sign request: id=peer1.org2.com.au, CommonName=peer1.org2.com.au, Subject=<nil>
2018/10/27 14:11:48 [DEBUG] Request is not for a CA signing certificate
2018/10/27 14:11:48 [DEBUG] Checking CSR fields to make sure that they do not exceed maximum character limits
2018/10/27 14:11:48 [DEBUG] DB: Getting identity peer1.org2.com.au
2018/10/27 14:11:48 [DEBUG] Finished processing sign request
2018/10/27 14:11:48 [DEBUG] DB: Getting identity peer1.org2.com.au
2018/10/27 14:11:48 [DEBUG] Attribute extension being added to certificate is: &{ID:[1 2 3 4 5 6 7 8 1] Critical:false Value:7b226174747273223a7b2268662e416666696c696174696f6e223a226f726731222c2268662e456e726f6c6c6d656e744944223a2270656572312e6f7267322e636f6d2e6175222c2268662e54797065223a2275736572227d7d}
2018/10/27 14:11:48 [DEBUG] Adding attribute extension to CSR: &{ID:[1 2 3 4 5 6 7 8 1] Critical:false Value:7b226174747273223a7b2268662e416666696c696174696f6e223a226f726731222c2268662e456e726f6c6c6d656e744944223a2270656572312e6f7267322e636f6d2e6175222c2268662e54797065223a2275736572227d7d}
2018/10/27 14:11:48 [INFO] signed certificate with serial number 124466141407849647851964404341224854282462388876
2018/10/27 14:11:48 [DEBUG] DB: Insert Certificate
2018/10/27 14:11:48 [DEBUG] Saved serial number as hex 15cd413b3be35edef0137478e4c3b0c3d919628c
2018/10/27 14:11:48 [DEBUG] saved certificate with serial number 124466141407849647851964404341224854282462388876
2018/10/27 14:11:48 [DEBUG] Successfully incremented state for identity peer1.org2.com.au to 1
2018/10/27 14:11:48 [INFO] [::1]:51584 POST /enroll 201 0 "OK"
2018/10/27 14:11:48 [DEBUG] Received request for /cainfo
2018/10/27 14:11:48 [INFO] [::1]:51588 POST /cainfo 200 0 "OK"
