2018/11/02 17:34:24 [INFO] Created default configuration file at /Users/nitishbhushan/Documents/nitish_operations/technical/tehnologies/hyperledger-fabric/b9lab_fabric/certification/b9Lab-HLF11/extend/crypto-config/peerOrganizations/org2.com.au/ca/root/fabric-ca-server-config.yaml
2018/11/02 17:34:24 [INFO] Starting server in home directory: /Users/nitishbhushan/Documents/nitish_operations/technical/tehnologies/hyperledger-fabric/b9lab_fabric/certification/b9Lab-HLF11/extend/crypto-config/peerOrganizations/org2.com.au/ca/root
2018/11/02 17:34:24 [INFO] Server Version: 1.1.1-snapshot-e656889
2018/11/02 17:34:24 [INFO] Server Levels: &{Identity:1 Affiliation:1 Certificate:1}
2018/11/02 17:34:24 [DEBUG] Making server filenames absolute
2018/11/02 17:34:24 [DEBUG] Initializing default CA in directory /Users/nitishbhushan/Documents/nitish_operations/technical/tehnologies/hyperledger-fabric/b9lab_fabric/certification/b9Lab-HLF11/extend/crypto-config/peerOrganizations/org2.com.au/ca/root
2018/11/02 17:34:24 [DEBUG] Init CA with home /Users/nitishbhushan/Documents/nitish_operations/technical/tehnologies/hyperledger-fabric/b9lab_fabric/certification/b9Lab-HLF11/extend/crypto-config/peerOrganizations/org2.com.au/ca/root and config {Version:1.1.1-snapshot-e656889 Cfg:{Identities:{AllowRemove:false} Affiliations:{AllowRemove:false}} CA:{Name: Keyfile: Certfile:ca-cert.pem Chainfile:ca-chain.pem} Signing:0xc4202feb00 CSR:{CN:fabric-ca-server Names:[{C:US ST:North Carolina L: O:Hyperledger OU:Fabric SerialNumber:}] Hosts:[Nitishs-MacBook-Pro.local localhost] KeyRequest:<nil> CA:0xc4202b2880 SerialNumber:} Registry:{MaxEnrollments:-1 Identities:[{ Name:**** Pass:**** Type:client Affiliation: MaxEnrollments:0 Attrs:map[hf.IntermediateCA:1 hf.GenCRL:1 hf.Registrar.Attributes:* hf.AffiliationMgr:1 hf.Registrar.Roles:peer,orderer,client,user hf.Registrar.DelegateRoles:peer,orderer,client,user hf.Revoker:1]  }]} Affiliations:map[org1:[department1 department2] org2:[department1]] LDAP:{ Enabled:false URL:ldap://****:****@<host>:<port>/<base> UserFilter:(uid=%s) GroupFilter:(memberUid=%s) Attribute:{[uid member] [{ }] map[groups:[{ }]]} TLS:{false [] { }}  } DB:{ Type:sqlite3 Datasource:fabric-ca-server.db TLS:{false [] { }}  } CSP:0xc4202d1320 Client:<nil> Intermediate:{ParentServer:{ URL: CAName:  } TLS:{Enabled:false CertFiles:[] Client:{KeyFile: CertFile:}} Enrollment:{ Name: Secret:**** Profile: Label: CSR:<nil> CAName: AttrReqs:[]  }} CRL:{Expiry:24h0m0s}}
2018/11/02 17:34:24 [DEBUG] CA Home Directory: /Users/nitishbhushan/Documents/nitish_operations/technical/tehnologies/hyperledger-fabric/b9lab_fabric/certification/b9Lab-HLF11/extend/crypto-config/peerOrganizations/org2.com.au/ca/root
2018/11/02 17:34:24 [DEBUG] Checking configuration file version '1.1.1-snapshot-e656889' against server version: '1.1.1-snapshot-e656889'
2018/11/02 17:34:24 [DEBUG] Initializing BCCSP: &{ProviderName:SW SwOpts:0xc4202d1380 PluginOpts:<nil> Pkcs11Opts:<nil>}
2018/11/02 17:34:24 [DEBUG] Initializing BCCSP with software options &{SecLevel:256 HashFamily:SHA2 Ephemeral:false FileKeystore:0xc4202fe120 DummyKeystore:<nil>}
2018/11/02 17:34:24 [DEBUG] Initialize key material
2018/11/02 17:34:24 [DEBUG] Making CA filenames absolute
2018/11/02 17:34:24 [DEBUG] Root CA certificate request: {CN:fabric-ca-server Names:[{C:US ST:North Carolina L: O:Hyperledger OU:Fabric SerialNumber:}] Hosts:[Nitishs-MacBook-Pro.local localhost] KeyRequest:0xc420308680 CA:0xc4202b2880 SerialNumber:}
2018/11/02 17:34:24 [INFO] generating key: &{A:ecdsa S:256}
2018/11/02 17:34:24 [DEBUG] generate key from request: algo=ecdsa, size=256
2018/11/02 17:34:24 [INFO] encoded CSR
2018/11/02 17:34:24 [DEBUG] validating configuration
2018/11/02 17:34:24 [DEBUG] validate local profile
2018/11/02 17:34:24 [DEBUG] profile is valid
2018/11/02 17:34:24 [INFO] signed certificate with serial number 701997820295001665402692845111927408406210289372
2018/11/02 17:34:24 [INFO] The CA key and certificate were generated for CA 
2018/11/02 17:34:24 [INFO] The key was stored by BCCSP provider 'SW'
2018/11/02 17:34:24 [INFO] The certificate is at: /Users/nitishbhushan/Documents/nitish_operations/technical/tehnologies/hyperledger-fabric/b9lab_fabric/certification/b9Lab-HLF11/extend/crypto-config/peerOrganizations/org2.com.au/ca/root/ca-cert.pem
2018/11/02 17:34:24 [DEBUG] Initializing DB
2018/11/02 17:34:24 [DEBUG] Initializing 'sqlite3' database at '/Users/nitishbhushan/Documents/nitish_operations/technical/tehnologies/hyperledger-fabric/b9lab_fabric/certification/b9Lab-HLF11/extend/crypto-config/peerOrganizations/org2.com.au/ca/root/fabric-ca-server.db'
2018/11/02 17:34:24 [DEBUG] Using sqlite database, connect to database in home (/Users/nitishbhushan/Documents/nitish_operations/technical/tehnologies/hyperledger-fabric/b9lab_fabric/certification/b9Lab-HLF11/extend/crypto-config/peerOrganizations/org2.com.au/ca/root/fabric-ca-server.db) directory
2018/11/02 17:34:24 [DEBUG] Creating SQLite database (/Users/nitishbhushan/Documents/nitish_operations/technical/tehnologies/hyperledger-fabric/b9lab_fabric/certification/b9Lab-HLF11/extend/crypto-config/peerOrganizations/org2.com.au/ca/root/fabric-ca-server.db) if it does not exist...
2018/11/02 17:34:24 [DEBUG] Creating users table if it does not exist
2018/11/02 17:34:24 [DEBUG] Creating affiliations table if it does not exist
2018/11/02 17:34:24 [DEBUG] Creating certificates table if it does not exist
2018/11/02 17:34:24 [DEBUG] Creating properties table if it does not exist
2018/11/02 17:34:24 [DEBUG] Successfully opened sqlite3 DB
2018/11/02 17:34:24 [DEBUG] Checking database schema...
2018/11/02 17:34:24 [DEBUG] Update SQLite schema, if using outdated schema
2018/11/02 17:34:24 [DEBUG] Upgrade identities table
2018/11/02 17:34:24 [DEBUG] Creating users table if it does not exist
2018/11/02 17:34:24 [DEBUG] Upgrade affiliation table
2018/11/02 17:34:24 [DEBUG] Creating affiliations table if it does not exist
2018/11/02 17:34:24 [DEBUG] Upgrade certificates table
2018/11/02 17:34:24 [DEBUG] Creating certificates table if it does not exist
2018/11/02 17:34:24 [DEBUG] Initializing identity registry
2018/11/02 17:34:24 [DEBUG] Initialized DB identity registry
2018/11/02 17:34:24 [DEBUG] DB: Get properties [identity.level affiliation.level certificate.level]
2018/11/02 17:34:24 [DEBUG] Checking database levels 'map[affiliation.level:0 certificate.level:0 identity.level:0]' against server levels '&{Identity:1 Affiliation:1 Certificate:1}'
2018/11/02 17:34:24 [DEBUG] Loading identity table
2018/11/02 17:34:24 [DEBUG] Loading identity 'admin'
2018/11/02 17:34:24 [DEBUG] DB: Getting identity admin
2018/11/02 17:34:24 [DEBUG] Max enrollment value verification - User specified max enrollment: 0, CA max enrollment: -1
2018/11/02 17:34:24 [DEBUG] DB: Add identity admin
2018/11/02 17:34:24 [DEBUG] Successfully added identity admin to the database
2018/11/02 17:34:24 [DEBUG] Registered identity: { Name:**** Pass:**** Type:client Affiliation: MaxEnrollments:-1 Attrs:map[hf.GenCRL:1 hf.Registrar.Attributes:* hf.AffiliationMgr:1 hf.Registrar.Roles:peer,orderer,client,user hf.Registrar.DelegateRoles:peer,orderer,client,user hf.Revoker:1 hf.IntermediateCA:1]  }
2018/11/02 17:34:24 [DEBUG] Successfully loaded identity table
2018/11/02 17:34:24 [DEBUG] Loading affiliations table
2018/11/02 17:34:24 [DEBUG] DB: Add affiliation org1
2018/11/02 17:34:24 [DEBUG] Affiliation 'org1' added
2018/11/02 17:34:24 [DEBUG] DB: Add affiliation org1.department1
2018/11/02 17:34:24 [DEBUG] Affiliation 'org1.department1' added
2018/11/02 17:34:24 [DEBUG] DB: Add affiliation org1.department2
2018/11/02 17:34:24 [DEBUG] Affiliation 'org1.department2' added
2018/11/02 17:34:24 [DEBUG] DB: Add affiliation org2
2018/11/02 17:34:24 [DEBUG] Affiliation 'org2' added
2018/11/02 17:34:24 [DEBUG] DB: Add affiliation org2.department1
2018/11/02 17:34:24 [DEBUG] Affiliation 'org2.department1' added
2018/11/02 17:34:24 [DEBUG] Successfully loaded affiliations table
2018/11/02 17:34:24 [DEBUG] Checking and performing migration, if needed
2018/11/02 17:34:24 [DEBUG] Updating database level to &{Identity:1 Affiliation:1 Certificate:1}
2018/11/02 17:34:24 [INFO] Initialized sqlite3 database at /Users/nitishbhushan/Documents/nitish_operations/technical/tehnologies/hyperledger-fabric/b9lab_fabric/certification/b9Lab-HLF11/extend/crypto-config/peerOrganizations/org2.com.au/ca/root/fabric-ca-server.db
2018/11/02 17:34:24 [DEBUG] Initializing enrollment signer
2018/11/02 17:34:24 [DEBUG] validating configuration
2018/11/02 17:34:24 [DEBUG] validate local profile
2018/11/02 17:34:24 [DEBUG] profile is valid
2018/11/02 17:34:24 [DEBUG] validate local profile
2018/11/02 17:34:24 [DEBUG] profile is valid
2018/11/02 17:34:24 [DEBUG] validate local profile
2018/11/02 17:34:24 [DEBUG] profile is valid
2018/11/02 17:34:24 [DEBUG] CA initialization successful
2018/11/02 17:34:24 [INFO] Home directory for default CA: /Users/nitishbhushan/Documents/nitish_operations/technical/tehnologies/hyperledger-fabric/b9lab_fabric/certification/b9Lab-HLF11/extend/crypto-config/peerOrganizations/org2.com.au/ca/root
2018/11/02 17:34:24 [DEBUG] 1 CA instance(s) running on server
2018/11/02 17:34:24 [INFO] Listening on http://0.0.0.0:7104
2018/11/02 17:34:25 [DEBUG] Received request for /enroll
2018/11/02 17:34:25 [DEBUG] ca.Config: &{Version:1.1.1-snapshot-e656889 Cfg:{Identities:{AllowRemove:false} Affiliations:{AllowRemove:false}} CA:{Name: Keyfile:/Users/nitishbhushan/Documents/nitish_operations/technical/tehnologies/hyperledger-fabric/b9lab_fabric/certification/b9Lab-HLF11/extend/crypto-config/peerOrganizations/org2.com.au/ca/root/ca-key.pem Certfile:/Users/nitishbhushan/Documents/nitish_operations/technical/tehnologies/hyperledger-fabric/b9lab_fabric/certification/b9Lab-HLF11/extend/crypto-config/peerOrganizations/org2.com.au/ca/root/ca-cert.pem Chainfile:/Users/nitishbhushan/Documents/nitish_operations/technical/tehnologies/hyperledger-fabric/b9lab_fabric/certification/b9Lab-HLF11/extend/crypto-config/peerOrganizations/org2.com.au/ca/root/ca-chain.pem} Signing:0xc4202feb00 CSR:{CN:fabric-ca-server Names:[{C:US ST:North Carolina L: O:Hyperledger OU:Fabric SerialNumber:}] Hosts:[Nitishs-MacBook-Pro.local localhost] KeyRequest:0xc420308660 CA:0xc4202b2880 SerialNumber:} Registry:{MaxEnrollments:-1 Identities:[{ Name:**** Pass:**** Type:client Affiliation: MaxEnrollments:0 Attrs:map[hf.Registrar.DelegateRoles:peer,orderer,client,user hf.Revoker:1 hf.IntermediateCA:1 hf.GenCRL:1 hf.Registrar.Attributes:* hf.AffiliationMgr:1 hf.Registrar.Roles:peer,orderer,client,user]  }]} Affiliations:map[org2:[department1] org1:[department1 department2]] LDAP:{ Enabled:false URL:ldap://****:****@<host>:<port>/<base> UserFilter:(uid=%s) GroupFilter:(memberUid=%s) Attribute:{[uid member] [{ }] map[groups:[{ }]]} TLS:{false [] { }}  } DB:{ Type:sqlite3 Datasource:/Users/nitishbhushan/Documents/nitish_operations/technical/tehnologies/hyperledger-fabric/b9lab_fabric/certification/b9Lab-HLF11/extend/crypto-config/peerOrganizations/org2.com.au/ca/root/fabric-ca-server.db TLS:{false [] { }}  } CSP:0xc4202d1320 Client:<nil> Intermediate:{ParentServer:{ URL: CAName:  } TLS:{Enabled:false CertFiles:[] Client:{KeyFile: CertFile:}} Enrollment:{ Name: Secret:**** Profile: Label: CSR:<nil> CAName: AttrReqs:[]  }} CRL:{Expiry:24h0m0s}}
2018/11/02 17:34:25 [DEBUG] DB: Getting identity admin
2018/11/02 17:34:25 [DEBUG] DB: Login user admin with max enrollments of -1 and state of 0
2018/11/02 17:34:25 [DEBUG] DB: identity admin successfully logged in
2018/11/02 17:34:25 [DEBUG] Processing sign request: id=admin, CommonName=admin, Subject=<nil>
2018/11/02 17:34:25 [DEBUG] Request is not for a CA signing certificate
2018/11/02 17:34:25 [DEBUG] Checking CSR fields to make sure that they do not exceed maximum character limits
2018/11/02 17:34:25 [DEBUG] DB: Getting identity admin
2018/11/02 17:34:25 [DEBUG] Finished processing sign request
2018/11/02 17:34:25 [DEBUG] DB: Getting identity admin
2018/11/02 17:34:25 [INFO] signed certificate with serial number 125716973254923833610649992679529634283024538980
2018/11/02 17:34:25 [DEBUG] DB: Insert Certificate
2018/11/02 17:34:25 [DEBUG] Saved serial number as hex 16055813a8bab52517153b0ba4177b08e3c7dd64
2018/11/02 17:34:25 [DEBUG] saved certificate with serial number 125716973254923833610649992679529634283024538980
2018/11/02 17:34:25 [DEBUG] Successfully incremented state for identity admin to 1
2018/11/02 17:34:25 [INFO] [::1]:53150 POST /enroll 201 0 "OK"
2018/11/02 17:34:25 [DEBUG] Received request for /enroll
2018/11/02 17:34:25 [DEBUG] ca.Config: &{Version:1.1.1-snapshot-e656889 Cfg:{Identities:{AllowRemove:false} Affiliations:{AllowRemove:false}} CA:{Name: Keyfile:/Users/nitishbhushan/Documents/nitish_operations/technical/tehnologies/hyperledger-fabric/b9lab_fabric/certification/b9Lab-HLF11/extend/crypto-config/peerOrganizations/org2.com.au/ca/root/ca-key.pem Certfile:/Users/nitishbhushan/Documents/nitish_operations/technical/tehnologies/hyperledger-fabric/b9lab_fabric/certification/b9Lab-HLF11/extend/crypto-config/peerOrganizations/org2.com.au/ca/root/ca-cert.pem Chainfile:/Users/nitishbhushan/Documents/nitish_operations/technical/tehnologies/hyperledger-fabric/b9lab_fabric/certification/b9Lab-HLF11/extend/crypto-config/peerOrganizations/org2.com.au/ca/root/ca-chain.pem} Signing:0xc4202feb00 CSR:{CN:fabric-ca-server Names:[{C:US ST:North Carolina L: O:Hyperledger OU:Fabric SerialNumber:}] Hosts:[Nitishs-MacBook-Pro.local localhost] KeyRequest:0xc420308660 CA:0xc4202b2880 SerialNumber:} Registry:{MaxEnrollments:-1 Identities:[{ Name:**** Pass:**** Type:client Affiliation: MaxEnrollments:0 Attrs:map[hf.Revoker:1 hf.IntermediateCA:1 hf.GenCRL:1 hf.Registrar.Attributes:* hf.AffiliationMgr:1 hf.Registrar.Roles:peer,orderer,client,user hf.Registrar.DelegateRoles:peer,orderer,client,user]  }]} Affiliations:map[org1:[department1 department2] org2:[department1]] LDAP:{ Enabled:false URL:ldap://****:****@<host>:<port>/<base> UserFilter:(uid=%s) GroupFilter:(memberUid=%s) Attribute:{[uid member] [{ }] map[groups:[{ }]]} TLS:{false [] { }}  } DB:{ Type:sqlite3 Datasource:/Users/nitishbhushan/Documents/nitish_operations/technical/tehnologies/hyperledger-fabric/b9lab_fabric/certification/b9Lab-HLF11/extend/crypto-config/peerOrganizations/org2.com.au/ca/root/fabric-ca-server.db TLS:{false [] { }}  } CSP:0xc4202d1320 Client:<nil> Intermediate:{ParentServer:{ URL: CAName:  } TLS:{Enabled:false CertFiles:[] Client:{KeyFile: CertFile:}} Enrollment:{ Name: Secret:**** Profile: Label: CSR:<nil> CAName: AttrReqs:[]  }} CRL:{Expiry:24h0m0s}}
2018/11/02 17:34:25 [DEBUG] DB: Getting identity admin
2018/11/02 17:34:25 [DEBUG] DB: Login user admin with max enrollments of -1 and state of 1
2018/11/02 17:34:25 [DEBUG] DB: identity admin successfully logged in
2018/11/02 17:34:25 [DEBUG] Processing sign request: id=admin, CommonName=admin, Subject=<nil>
2018/11/02 17:34:25 [DEBUG] Request is not for a CA signing certificate
2018/11/02 17:34:25 [DEBUG] Checking CSR fields to make sure that they do not exceed maximum character limits
2018/11/02 17:34:25 [DEBUG] DB: Getting identity admin
2018/11/02 17:34:25 [DEBUG] Finished processing sign request
2018/11/02 17:34:25 [DEBUG] DB: Getting identity admin
2018/11/02 17:34:25 [INFO] signed certificate with serial number 78695842789584916941206465152222021397359503505
2018/11/02 17:34:25 [DEBUG] DB: Insert Certificate
2018/11/02 17:34:25 [DEBUG] Saved serial number as hex dc8d7f894b531872276642eed979fc2f4262891
2018/11/02 17:34:25 [DEBUG] saved certificate with serial number 78695842789584916941206465152222021397359503505
2018/11/02 17:34:25 [DEBUG] Successfully incremented state for identity admin to 2
2018/11/02 17:34:25 [INFO] [::1]:53153 POST /enroll 201 0 "OK"
2018/11/02 17:34:26 [DEBUG] Received request for /register
2018/11/02 17:34:26 [DEBUG] Checking for revocation/expiration of certificate owned by 'admin'
2018/11/02 17:34:26 [DEBUG] DB: Get certificate by serial (dc8d7f894b531872276642eed979fc2f4262891) and aki (2e6f33d794cbdb491db077346fe168d21055e766)
2018/11/02 17:34:26 [DEBUG] Successful token authentication of 'admin'
2018/11/02 17:34:26 [DEBUG] Received registration request from admin: { Name:nodeAdmin Type:user Secret:**** MaxEnrollments:0 Affiliation:org1 Attributes:[] CAName:  }
2018/11/02 17:34:26 [DEBUG] DB: Getting identity admin
2018/11/02 17:34:26 [DEBUG] canRegister - Check to see if user 'admin' can register
2018/11/02 17:34:26 [DEBUG] Checking to see if caller 'admin' is a registrar
2018/11/02 17:34:26 [DEBUG] Validate Affiliation
2018/11/02 17:34:26 [DEBUG] Checking to see if affiliation 'org1' contains caller's affiliation ''
2018/11/02 17:34:26 [DEBUG] Caller has root affiliation
2018/11/02 17:34:26 [DEBUG] Validate ID
2018/11/02 17:34:26 [DEBUG] Validating affiliation: org1
2018/11/02 17:34:26 [DEBUG] DB: Get affiliation org1
2018/11/02 17:34:26 [DEBUG] Registering user id: nodeAdmin
2018/11/02 17:34:26 [DEBUG] Max enrollment value verification - User specified max enrollment: 0, CA max enrollment: -1
2018/11/02 17:34:26 [DEBUG] DB: Getting identity nodeAdmin
2018/11/02 17:34:26 [DEBUG] DB: Add identity nodeAdmin
2018/11/02 17:34:26 [DEBUG] Successfully added identity nodeAdmin to the database
2018/11/02 17:34:26 [INFO] [::1]:53156 POST /register 201 0 "OK"
2018/11/02 17:34:26 [DEBUG] Received request for /enroll
2018/11/02 17:34:26 [DEBUG] ca.Config: &{Version:1.1.1-snapshot-e656889 Cfg:{Identities:{AllowRemove:false} Affiliations:{AllowRemove:false}} CA:{Name: Keyfile:/Users/nitishbhushan/Documents/nitish_operations/technical/tehnologies/hyperledger-fabric/b9lab_fabric/certification/b9Lab-HLF11/extend/crypto-config/peerOrganizations/org2.com.au/ca/root/ca-key.pem Certfile:/Users/nitishbhushan/Documents/nitish_operations/technical/tehnologies/hyperledger-fabric/b9lab_fabric/certification/b9Lab-HLF11/extend/crypto-config/peerOrganizations/org2.com.au/ca/root/ca-cert.pem Chainfile:/Users/nitishbhushan/Documents/nitish_operations/technical/tehnologies/hyperledger-fabric/b9lab_fabric/certification/b9Lab-HLF11/extend/crypto-config/peerOrganizations/org2.com.au/ca/root/ca-chain.pem} Signing:0xc4202feb00 CSR:{CN:fabric-ca-server Names:[{C:US ST:North Carolina L: O:Hyperledger OU:Fabric SerialNumber:}] Hosts:[Nitishs-MacBook-Pro.local localhost] KeyRequest:0xc420308660 CA:0xc4202b2880 SerialNumber:} Registry:{MaxEnrollments:-1 Identities:[{ Name:**** Pass:**** Type:client Affiliation: MaxEnrollments:0 Attrs:map[hf.IntermediateCA:1 hf.GenCRL:1 hf.Registrar.Attributes:* hf.AffiliationMgr:1 hf.Registrar.Roles:peer,orderer,client,user hf.Registrar.DelegateRoles:peer,orderer,client,user hf.Revoker:1]  }]} Affiliations:map[org1:[department1 department2] org2:[department1]] LDAP:{ Enabled:false URL:ldap://****:****@<host>:<port>/<base> UserFilter:(uid=%s) GroupFilter:(memberUid=%s) Attribute:{[uid member] [{ }] map[groups:[{ }]]} TLS:{false [] { }}  } DB:{ Type:sqlite3 Datasource:/Users/nitishbhushan/Documents/nitish_operations/technical/tehnologies/hyperledger-fabric/b9lab_fabric/certification/b9Lab-HLF11/extend/crypto-config/peerOrganizations/org2.com.au/ca/root/fabric-ca-server.db TLS:{false [] { }}  } CSP:0xc4202d1320 Client:<nil> Intermediate:{ParentServer:{ URL: CAName:  } TLS:{Enabled:false CertFiles:[] Client:{KeyFile: CertFile:}} Enrollment:{ Name: Secret:**** Profile: Label: CSR:<nil> CAName: AttrReqs:[]  }} CRL:{Expiry:24h0m0s}}
2018/11/02 17:34:26 [DEBUG] DB: Getting identity nodeAdmin
2018/11/02 17:34:26 [DEBUG] DB: Login user nodeAdmin with max enrollments of -1 and state of 0
2018/11/02 17:34:26 [DEBUG] DB: identity nodeAdmin successfully logged in
2018/11/02 17:34:26 [DEBUG] Processing sign request: id=nodeAdmin, CommonName=nodeAdmin, Subject=<nil>
2018/11/02 17:34:26 [DEBUG] Request is not for a CA signing certificate
2018/11/02 17:34:26 [DEBUG] Checking CSR fields to make sure that they do not exceed maximum character limits
2018/11/02 17:34:26 [DEBUG] DB: Getting identity nodeAdmin
2018/11/02 17:34:26 [DEBUG] Finished processing sign request
2018/11/02 17:34:26 [DEBUG] DB: Getting identity nodeAdmin
2018/11/02 17:34:26 [DEBUG] Attribute extension being added to certificate is: &{ID:[1 2 3 4 5 6 7 8 1] Critical:false Value:7b226174747273223a7b2268662e416666696c696174696f6e223a226f726731222c2268662e456e726f6c6c6d656e744944223a226e6f646541646d696e222c2268662e54797065223a2275736572227d7d}
2018/11/02 17:34:26 [DEBUG] Adding attribute extension to CSR: &{ID:[1 2 3 4 5 6 7 8 1] Critical:false Value:7b226174747273223a7b2268662e416666696c696174696f6e223a226f726731222c2268662e456e726f6c6c6d656e744944223a226e6f646541646d696e222c2268662e54797065223a2275736572227d7d}
2018/11/02 17:34:26 [INFO] signed certificate with serial number 601480522753296051211639045114857650423059024837
2018/11/02 17:34:26 [DEBUG] DB: Insert Certificate
2018/11/02 17:34:26 [DEBUG] Saved serial number as hex 695b51c790ba19ef2081ac6cbc3a23ef8b8d8bc5
2018/11/02 17:34:26 [DEBUG] saved certificate with serial number 601480522753296051211639045114857650423059024837
2018/11/02 17:34:26 [DEBUG] Successfully incremented state for identity nodeAdmin to 1
2018/11/02 17:34:26 [INFO] [::1]:53159 POST /enroll 201 0 "OK"
2018/11/02 17:34:26 [DEBUG] Received request for /register
2018/11/02 17:34:26 [DEBUG] Checking for revocation/expiration of certificate owned by 'admin'
2018/11/02 17:34:26 [DEBUG] DB: Get certificate by serial (dc8d7f894b531872276642eed979fc2f4262891) and aki (2e6f33d794cbdb491db077346fe168d21055e766)
2018/11/02 17:34:26 [DEBUG] Successful token authentication of 'admin'
2018/11/02 17:34:26 [DEBUG] Received registration request from admin: { Name:User1@org2.com.au Type:user Secret:**** MaxEnrollments:0 Affiliation:org1 Attributes:[] CAName:  }
2018/11/02 17:34:26 [DEBUG] DB: Getting identity admin
2018/11/02 17:34:26 [DEBUG] canRegister - Check to see if user 'admin' can register
2018/11/02 17:34:26 [DEBUG] Checking to see if caller 'admin' is a registrar
2018/11/02 17:34:26 [DEBUG] Validate Affiliation
2018/11/02 17:34:26 [DEBUG] Checking to see if affiliation 'org1' contains caller's affiliation ''
2018/11/02 17:34:26 [DEBUG] Caller has root affiliation
2018/11/02 17:34:26 [DEBUG] Validate ID
2018/11/02 17:34:26 [DEBUG] Validating affiliation: org1
2018/11/02 17:34:26 [DEBUG] DB: Get affiliation org1
2018/11/02 17:34:26 [DEBUG] Registering user id: User1@org2.com.au
2018/11/02 17:34:26 [DEBUG] Max enrollment value verification - User specified max enrollment: 0, CA max enrollment: -1
2018/11/02 17:34:26 [DEBUG] DB: Getting identity User1@org2.com.au
2018/11/02 17:34:26 [DEBUG] DB: Add identity User1@org2.com.au
2018/11/02 17:34:26 [DEBUG] Successfully added identity User1@org2.com.au to the database
2018/11/02 17:34:26 [INFO] [::1]:53162 POST /register 201 0 "OK"
2018/11/02 17:34:26 [DEBUG] Received request for /enroll
2018/11/02 17:34:26 [DEBUG] ca.Config: &{Version:1.1.1-snapshot-e656889 Cfg:{Identities:{AllowRemove:false} Affiliations:{AllowRemove:false}} CA:{Name: Keyfile:/Users/nitishbhushan/Documents/nitish_operations/technical/tehnologies/hyperledger-fabric/b9lab_fabric/certification/b9Lab-HLF11/extend/crypto-config/peerOrganizations/org2.com.au/ca/root/ca-key.pem Certfile:/Users/nitishbhushan/Documents/nitish_operations/technical/tehnologies/hyperledger-fabric/b9lab_fabric/certification/b9Lab-HLF11/extend/crypto-config/peerOrganizations/org2.com.au/ca/root/ca-cert.pem Chainfile:/Users/nitishbhushan/Documents/nitish_operations/technical/tehnologies/hyperledger-fabric/b9lab_fabric/certification/b9Lab-HLF11/extend/crypto-config/peerOrganizations/org2.com.au/ca/root/ca-chain.pem} Signing:0xc4202feb00 CSR:{CN:fabric-ca-server Names:[{C:US ST:North Carolina L: O:Hyperledger OU:Fabric SerialNumber:}] Hosts:[Nitishs-MacBook-Pro.local localhost] KeyRequest:0xc420308660 CA:0xc4202b2880 SerialNumber:} Registry:{MaxEnrollments:-1 Identities:[{ Name:**** Pass:**** Type:client Affiliation: MaxEnrollments:0 Attrs:map[hf.Registrar.Attributes:* hf.AffiliationMgr:1 hf.Registrar.Roles:peer,orderer,client,user hf.Registrar.DelegateRoles:peer,orderer,client,user hf.Revoker:1 hf.IntermediateCA:1 hf.GenCRL:1]  }]} Affiliations:map[org1:[department1 department2] org2:[department1]] LDAP:{ Enabled:false URL:ldap://****:****@<host>:<port>/<base> UserFilter:(uid=%s) GroupFilter:(memberUid=%s) Attribute:{[uid member] [{ }] map[groups:[{ }]]} TLS:{false [] { }}  } DB:{ Type:sqlite3 Datasource:/Users/nitishbhushan/Documents/nitish_operations/technical/tehnologies/hyperledger-fabric/b9lab_fabric/certification/b9Lab-HLF11/extend/crypto-config/peerOrganizations/org2.com.au/ca/root/fabric-ca-server.db TLS:{false [] { }}  } CSP:0xc4202d1320 Client:<nil> Intermediate:{ParentServer:{ URL: CAName:  } TLS:{Enabled:false CertFiles:[] Client:{KeyFile: CertFile:}} Enrollment:{ Name: Secret:**** Profile: Label: CSR:<nil> CAName: AttrReqs:[]  }} CRL:{Expiry:24h0m0s}}
2018/11/02 17:34:26 [DEBUG] DB: Getting identity User1@org2.com.au
2018/11/02 17:34:26 [DEBUG] DB: Login user User1@org2.com.au with max enrollments of -1 and state of 0
2018/11/02 17:34:26 [DEBUG] DB: identity User1@org2.com.au successfully logged in
2018/11/02 17:34:26 [DEBUG] Processing sign request: id=User1@org2.com.au, CommonName=User1@org2.com.au, Subject=<nil>
2018/11/02 17:34:26 [DEBUG] Request is not for a CA signing certificate
2018/11/02 17:34:26 [DEBUG] Checking CSR fields to make sure that they do not exceed maximum character limits
2018/11/02 17:34:26 [DEBUG] DB: Getting identity User1@org2.com.au
2018/11/02 17:34:26 [DEBUG] Finished processing sign request
2018/11/02 17:34:26 [DEBUG] DB: Getting identity User1@org2.com.au
2018/11/02 17:34:26 [DEBUG] Attribute extension being added to certificate is: &{ID:[1 2 3 4 5 6 7 8 1] Critical:false Value:7b226174747273223a7b2268662e416666696c696174696f6e223a226f726731222c2268662e456e726f6c6c6d656e744944223a225573657231406f7267322e636f6d2e6175222c2268662e54797065223a2275736572227d7d}
2018/11/02 17:34:26 [DEBUG] Adding attribute extension to CSR: &{ID:[1 2 3 4 5 6 7 8 1] Critical:false Value:7b226174747273223a7b2268662e416666696c696174696f6e223a226f726731222c2268662e456e726f6c6c6d656e744944223a225573657231406f7267322e636f6d2e6175222c2268662e54797065223a2275736572227d7d}
2018/11/02 17:34:26 [INFO] signed certificate with serial number 630646358220876982562208830059372090455552828639
2018/11/02 17:34:26 [DEBUG] DB: Insert Certificate
2018/11/02 17:34:26 [DEBUG] Saved serial number as hex 6e772926a362a48907de527be1805f8d425624df
2018/11/02 17:34:26 [DEBUG] saved certificate with serial number 630646358220876982562208830059372090455552828639
2018/11/02 17:34:26 [DEBUG] Successfully incremented state for identity User1@org2.com.au to 1
2018/11/02 17:34:26 [INFO] [::1]:53165 POST /enroll 201 0 "OK"
2018/11/02 17:34:26 [DEBUG] Received request for /enroll
2018/11/02 17:34:26 [DEBUG] ca.Config: &{Version:1.1.1-snapshot-e656889 Cfg:{Identities:{AllowRemove:false} Affiliations:{AllowRemove:false}} CA:{Name: Keyfile:/Users/nitishbhushan/Documents/nitish_operations/technical/tehnologies/hyperledger-fabric/b9lab_fabric/certification/b9Lab-HLF11/extend/crypto-config/peerOrganizations/org2.com.au/ca/root/ca-key.pem Certfile:/Users/nitishbhushan/Documents/nitish_operations/technical/tehnologies/hyperledger-fabric/b9lab_fabric/certification/b9Lab-HLF11/extend/crypto-config/peerOrganizations/org2.com.au/ca/root/ca-cert.pem Chainfile:/Users/nitishbhushan/Documents/nitish_operations/technical/tehnologies/hyperledger-fabric/b9lab_fabric/certification/b9Lab-HLF11/extend/crypto-config/peerOrganizations/org2.com.au/ca/root/ca-chain.pem} Signing:0xc4202feb00 CSR:{CN:fabric-ca-server Names:[{C:US ST:North Carolina L: O:Hyperledger OU:Fabric SerialNumber:}] Hosts:[Nitishs-MacBook-Pro.local localhost] KeyRequest:0xc420308660 CA:0xc4202b2880 SerialNumber:} Registry:{MaxEnrollments:-1 Identities:[{ Name:**** Pass:**** Type:client Affiliation: MaxEnrollments:0 Attrs:map[hf.AffiliationMgr:1 hf.Registrar.Roles:peer,orderer,client,user hf.Registrar.DelegateRoles:peer,orderer,client,user hf.Revoker:1 hf.IntermediateCA:1 hf.GenCRL:1 hf.Registrar.Attributes:*]  }]} Affiliations:map[org1:[department1 department2] org2:[department1]] LDAP:{ Enabled:false URL:ldap://****:****@<host>:<port>/<base> UserFilter:(uid=%s) GroupFilter:(memberUid=%s) Attribute:{[uid member] [{ }] map[groups:[{ }]]} TLS:{false [] { }}  } DB:{ Type:sqlite3 Datasource:/Users/nitishbhushan/Documents/nitish_operations/technical/tehnologies/hyperledger-fabric/b9lab_fabric/certification/b9Lab-HLF11/extend/crypto-config/peerOrganizations/org2.com.au/ca/root/fabric-ca-server.db TLS:{false [] { }}  } CSP:0xc4202d1320 Client:<nil> Intermediate:{ParentServer:{ URL: CAName:  } TLS:{Enabled:false CertFiles:[] Client:{KeyFile: CertFile:}} Enrollment:{ Name: Secret:**** Profile: Label: CSR:<nil> CAName: AttrReqs:[]  }} CRL:{Expiry:24h0m0s}}
2018/11/02 17:34:26 [DEBUG] DB: Getting identity admin
2018/11/02 17:34:26 [DEBUG] DB: Login user admin with max enrollments of -1 and state of 2
2018/11/02 17:34:26 [DEBUG] DB: identity admin successfully logged in
2018/11/02 17:34:26 [DEBUG] Processing sign request: id=admin, CommonName=admin, Subject=<nil>
2018/11/02 17:34:26 [DEBUG] Request is not for a CA signing certificate
2018/11/02 17:34:26 [DEBUG] Checking CSR fields to make sure that they do not exceed maximum character limits
2018/11/02 17:34:26 [DEBUG] DB: Getting identity admin
2018/11/02 17:34:26 [DEBUG] Finished processing sign request
2018/11/02 17:34:26 [DEBUG] DB: Getting identity admin
2018/11/02 17:34:26 [INFO] signed certificate with serial number 201726620438662782816862980749124174758944428823
2018/11/02 17:34:26 [DEBUG] DB: Insert Certificate
2018/11/02 17:34:26 [DEBUG] Saved serial number as hex 2355bc08d71de286cec8ac5ac347c0752707d317
2018/11/02 17:34:26 [DEBUG] saved certificate with serial number 201726620438662782816862980749124174758944428823
2018/11/02 17:34:26 [DEBUG] Successfully incremented state for identity admin to 3
2018/11/02 17:34:26 [INFO] [::1]:53168 POST /enroll 201 0 "OK"
2018/11/02 17:34:26 [DEBUG] Received request for /register
2018/11/02 17:34:26 [DEBUG] Checking for revocation/expiration of certificate owned by 'admin'
2018/11/02 17:34:26 [DEBUG] DB: Get certificate by serial (dc8d7f894b531872276642eed979fc2f4262891) and aki (2e6f33d794cbdb491db077346fe168d21055e766)
2018/11/02 17:34:26 [DEBUG] Successful token authentication of 'admin'
2018/11/02 17:34:26 [DEBUG] Received registration request from admin: { Name:peer0.org2.com.au Type:user Secret:**** MaxEnrollments:0 Affiliation:org1 Attributes:[] CAName:  }
2018/11/02 17:34:26 [DEBUG] DB: Getting identity admin
2018/11/02 17:34:26 [DEBUG] canRegister - Check to see if user 'admin' can register
2018/11/02 17:34:26 [DEBUG] Checking to see if caller 'admin' is a registrar
2018/11/02 17:34:26 [DEBUG] Validate Affiliation
2018/11/02 17:34:26 [DEBUG] Checking to see if affiliation 'org1' contains caller's affiliation ''
2018/11/02 17:34:26 [DEBUG] Caller has root affiliation
2018/11/02 17:34:26 [DEBUG] Validate ID
2018/11/02 17:34:26 [DEBUG] Validating affiliation: org1
2018/11/02 17:34:26 [DEBUG] DB: Get affiliation org1
2018/11/02 17:34:26 [DEBUG] Registering user id: peer0.org2.com.au
2018/11/02 17:34:26 [DEBUG] Max enrollment value verification - User specified max enrollment: 0, CA max enrollment: -1
2018/11/02 17:34:26 [DEBUG] DB: Getting identity peer0.org2.com.au
2018/11/02 17:34:26 [DEBUG] DB: Add identity peer0.org2.com.au
2018/11/02 17:34:26 [DEBUG] Successfully added identity peer0.org2.com.au to the database
2018/11/02 17:34:26 [INFO] [::1]:53171 POST /register 201 0 "OK"
2018/11/02 17:34:27 [DEBUG] Received request for /enroll
2018/11/02 17:34:27 [DEBUG] ca.Config: &{Version:1.1.1-snapshot-e656889 Cfg:{Identities:{AllowRemove:false} Affiliations:{AllowRemove:false}} CA:{Name: Keyfile:/Users/nitishbhushan/Documents/nitish_operations/technical/tehnologies/hyperledger-fabric/b9lab_fabric/certification/b9Lab-HLF11/extend/crypto-config/peerOrganizations/org2.com.au/ca/root/ca-key.pem Certfile:/Users/nitishbhushan/Documents/nitish_operations/technical/tehnologies/hyperledger-fabric/b9lab_fabric/certification/b9Lab-HLF11/extend/crypto-config/peerOrganizations/org2.com.au/ca/root/ca-cert.pem Chainfile:/Users/nitishbhushan/Documents/nitish_operations/technical/tehnologies/hyperledger-fabric/b9lab_fabric/certification/b9Lab-HLF11/extend/crypto-config/peerOrganizations/org2.com.au/ca/root/ca-chain.pem} Signing:0xc4202feb00 CSR:{CN:fabric-ca-server Names:[{C:US ST:North Carolina L: O:Hyperledger OU:Fabric SerialNumber:}] Hosts:[Nitishs-MacBook-Pro.local localhost] KeyRequest:0xc420308660 CA:0xc4202b2880 SerialNumber:} Registry:{MaxEnrollments:-1 Identities:[{ Name:**** Pass:**** Type:client Affiliation: MaxEnrollments:0 Attrs:map[hf.Registrar.Attributes:* hf.AffiliationMgr:1 hf.Registrar.Roles:peer,orderer,client,user hf.Registrar.DelegateRoles:peer,orderer,client,user hf.Revoker:1 hf.IntermediateCA:1 hf.GenCRL:1]  }]} Affiliations:map[org2:[department1] org1:[department1 department2]] LDAP:{ Enabled:false URL:ldap://****:****@<host>:<port>/<base> UserFilter:(uid=%s) GroupFilter:(memberUid=%s) Attribute:{[uid member] [{ }] map[groups:[{ }]]} TLS:{false [] { }}  } DB:{ Type:sqlite3 Datasource:/Users/nitishbhushan/Documents/nitish_operations/technical/tehnologies/hyperledger-fabric/b9lab_fabric/certification/b9Lab-HLF11/extend/crypto-config/peerOrganizations/org2.com.au/ca/root/fabric-ca-server.db TLS:{false [] { }}  } CSP:0xc4202d1320 Client:<nil> Intermediate:{ParentServer:{ URL: CAName:  } TLS:{Enabled:false CertFiles:[] Client:{KeyFile: CertFile:}} Enrollment:{ Name: Secret:**** Profile: Label: CSR:<nil> CAName: AttrReqs:[]  }} CRL:{Expiry:24h0m0s}}
2018/11/02 17:34:27 [DEBUG] DB: Getting identity peer0.org2.com.au
2018/11/02 17:34:27 [DEBUG] DB: Login user peer0.org2.com.au with max enrollments of -1 and state of 0
2018/11/02 17:34:27 [DEBUG] DB: identity peer0.org2.com.au successfully logged in
2018/11/02 17:34:27 [DEBUG] Processing sign request: id=peer0.org2.com.au, CommonName=peer0.org2.com.au, Subject=<nil>
2018/11/02 17:34:27 [DEBUG] Request is not for a CA signing certificate
2018/11/02 17:34:27 [DEBUG] Checking CSR fields to make sure that they do not exceed maximum character limits
2018/11/02 17:34:27 [DEBUG] DB: Getting identity peer0.org2.com.au
2018/11/02 17:34:27 [DEBUG] Finished processing sign request
2018/11/02 17:34:27 [DEBUG] DB: Getting identity peer0.org2.com.au
2018/11/02 17:34:27 [DEBUG] Attribute extension being added to certificate is: &{ID:[1 2 3 4 5 6 7 8 1] Critical:false Value:7b226174747273223a7b2268662e416666696c696174696f6e223a226f726731222c2268662e456e726f6c6c6d656e744944223a2270656572302e6f7267322e636f6d2e6175222c2268662e54797065223a2275736572227d7d}
2018/11/02 17:34:27 [DEBUG] Adding attribute extension to CSR: &{ID:[1 2 3 4 5 6 7 8 1] Critical:false Value:7b226174747273223a7b2268662e416666696c696174696f6e223a226f726731222c2268662e456e726f6c6c6d656e744944223a2270656572302e6f7267322e636f6d2e6175222c2268662e54797065223a2275736572227d7d}
2018/11/02 17:34:27 [INFO] signed certificate with serial number 304495971068204819012020041889826139137545692937
2018/11/02 17:34:27 [DEBUG] DB: Insert Certificate
2018/11/02 17:34:27 [DEBUG] Saved serial number as hex 3556125298d88228ebc90412a7193d4a4a596709
2018/11/02 17:34:27 [DEBUG] saved certificate with serial number 304495971068204819012020041889826139137545692937
2018/11/02 17:34:27 [DEBUG] Successfully incremented state for identity peer0.org2.com.au to 1
2018/11/02 17:34:27 [INFO] [::1]:53180 POST /enroll 201 0 "OK"
2018/11/02 17:34:27 [DEBUG] Received request for /enroll
2018/11/02 17:34:27 [DEBUG] ca.Config: &{Version:1.1.1-snapshot-e656889 Cfg:{Identities:{AllowRemove:false} Affiliations:{AllowRemove:false}} CA:{Name: Keyfile:/Users/nitishbhushan/Documents/nitish_operations/technical/tehnologies/hyperledger-fabric/b9lab_fabric/certification/b9Lab-HLF11/extend/crypto-config/peerOrganizations/org2.com.au/ca/root/ca-key.pem Certfile:/Users/nitishbhushan/Documents/nitish_operations/technical/tehnologies/hyperledger-fabric/b9lab_fabric/certification/b9Lab-HLF11/extend/crypto-config/peerOrganizations/org2.com.au/ca/root/ca-cert.pem Chainfile:/Users/nitishbhushan/Documents/nitish_operations/technical/tehnologies/hyperledger-fabric/b9lab_fabric/certification/b9Lab-HLF11/extend/crypto-config/peerOrganizations/org2.com.au/ca/root/ca-chain.pem} Signing:0xc4202feb00 CSR:{CN:fabric-ca-server Names:[{C:US ST:North Carolina L: O:Hyperledger OU:Fabric SerialNumber:}] Hosts:[Nitishs-MacBook-Pro.local localhost] KeyRequest:0xc420308660 CA:0xc4202b2880 SerialNumber:} Registry:{MaxEnrollments:-1 Identities:[{ Name:**** Pass:**** Type:client Affiliation: MaxEnrollments:0 Attrs:map[hf.Registrar.DelegateRoles:peer,orderer,client,user hf.Revoker:1 hf.IntermediateCA:1 hf.GenCRL:1 hf.Registrar.Attributes:* hf.AffiliationMgr:1 hf.Registrar.Roles:peer,orderer,client,user]  }]} Affiliations:map[org2:[department1] org1:[department1 department2]] LDAP:{ Enabled:false URL:ldap://****:****@<host>:<port>/<base> UserFilter:(uid=%s) GroupFilter:(memberUid=%s) Attribute:{[uid member] [{ }] map[groups:[{ }]]} TLS:{false [] { }}  } DB:{ Type:sqlite3 Datasource:/Users/nitishbhushan/Documents/nitish_operations/technical/tehnologies/hyperledger-fabric/b9lab_fabric/certification/b9Lab-HLF11/extend/crypto-config/peerOrganizations/org2.com.au/ca/root/fabric-ca-server.db TLS:{false [] { }}  } CSP:0xc4202d1320 Client:<nil> Intermediate:{ParentServer:{ URL: CAName:  } TLS:{Enabled:false CertFiles:[] Client:{KeyFile: CertFile:}} Enrollment:{ Name: Secret:**** Profile: Label: CSR:<nil> CAName: AttrReqs:[]  }} CRL:{Expiry:24h0m0s}}
2018/11/02 17:34:27 [DEBUG] DB: Getting identity admin
2018/11/02 17:34:27 [DEBUG] DB: Login user admin with max enrollments of -1 and state of 3
2018/11/02 17:34:27 [DEBUG] DB: identity admin successfully logged in
2018/11/02 17:34:27 [DEBUG] Processing sign request: id=admin, CommonName=admin, Subject=<nil>
2018/11/02 17:34:27 [DEBUG] Request is not for a CA signing certificate
2018/11/02 17:34:27 [DEBUG] Checking CSR fields to make sure that they do not exceed maximum character limits
2018/11/02 17:34:27 [DEBUG] DB: Getting identity admin
2018/11/02 17:34:27 [DEBUG] Finished processing sign request
2018/11/02 17:34:27 [DEBUG] DB: Getting identity admin
2018/11/02 17:34:27 [INFO] signed certificate with serial number 680428539069395505938244834295297240020936319264
2018/11/02 17:34:27 [DEBUG] DB: Insert Certificate
2018/11/02 17:34:27 [DEBUG] Saved serial number as hex 772f788f892ce707da3042c0912dd5dc526c6120
2018/11/02 17:34:27 [DEBUG] saved certificate with serial number 680428539069395505938244834295297240020936319264
2018/11/02 17:34:27 [DEBUG] Successfully incremented state for identity admin to 4
2018/11/02 17:34:27 [INFO] [::1]:53183 POST /enroll 201 0 "OK"
2018/11/02 17:34:27 [DEBUG] Received request for /register
2018/11/02 17:34:27 [DEBUG] Checking for revocation/expiration of certificate owned by 'admin'
2018/11/02 17:34:27 [DEBUG] DB: Get certificate by serial (dc8d7f894b531872276642eed979fc2f4262891) and aki (2e6f33d794cbdb491db077346fe168d21055e766)
2018/11/02 17:34:27 [DEBUG] Successful token authentication of 'admin'
2018/11/02 17:34:27 [DEBUG] Received registration request from admin: { Name:peer1.org2.com.au Type:user Secret:**** MaxEnrollments:0 Affiliation:org1 Attributes:[] CAName:  }
2018/11/02 17:34:27 [DEBUG] DB: Getting identity admin
2018/11/02 17:34:27 [DEBUG] canRegister - Check to see if user 'admin' can register
2018/11/02 17:34:27 [DEBUG] Checking to see if caller 'admin' is a registrar
2018/11/02 17:34:27 [DEBUG] Validate Affiliation
2018/11/02 17:34:27 [DEBUG] Checking to see if affiliation 'org1' contains caller's affiliation ''
2018/11/02 17:34:27 [DEBUG] Caller has root affiliation
2018/11/02 17:34:27 [DEBUG] Validate ID
2018/11/02 17:34:27 [DEBUG] Validating affiliation: org1
2018/11/02 17:34:27 [DEBUG] DB: Get affiliation org1
2018/11/02 17:34:27 [DEBUG] Registering user id: peer1.org2.com.au
2018/11/02 17:34:27 [DEBUG] Max enrollment value verification - User specified max enrollment: 0, CA max enrollment: -1
2018/11/02 17:34:27 [DEBUG] DB: Getting identity peer1.org2.com.au
2018/11/02 17:34:27 [DEBUG] DB: Add identity peer1.org2.com.au
2018/11/02 17:34:27 [DEBUG] Successfully added identity peer1.org2.com.au to the database
2018/11/02 17:34:27 [INFO] [::1]:53186 POST /register 201 0 "OK"
2018/11/02 17:34:27 [DEBUG] Received request for /enroll
2018/11/02 17:34:27 [DEBUG] ca.Config: &{Version:1.1.1-snapshot-e656889 Cfg:{Identities:{AllowRemove:false} Affiliations:{AllowRemove:false}} CA:{Name: Keyfile:/Users/nitishbhushan/Documents/nitish_operations/technical/tehnologies/hyperledger-fabric/b9lab_fabric/certification/b9Lab-HLF11/extend/crypto-config/peerOrganizations/org2.com.au/ca/root/ca-key.pem Certfile:/Users/nitishbhushan/Documents/nitish_operations/technical/tehnologies/hyperledger-fabric/b9lab_fabric/certification/b9Lab-HLF11/extend/crypto-config/peerOrganizations/org2.com.au/ca/root/ca-cert.pem Chainfile:/Users/nitishbhushan/Documents/nitish_operations/technical/tehnologies/hyperledger-fabric/b9lab_fabric/certification/b9Lab-HLF11/extend/crypto-config/peerOrganizations/org2.com.au/ca/root/ca-chain.pem} Signing:0xc4202feb00 CSR:{CN:fabric-ca-server Names:[{C:US ST:North Carolina L: O:Hyperledger OU:Fabric SerialNumber:}] Hosts:[Nitishs-MacBook-Pro.local localhost] KeyRequest:0xc420308660 CA:0xc4202b2880 SerialNumber:} Registry:{MaxEnrollments:-1 Identities:[{ Name:**** Pass:**** Type:client Affiliation: MaxEnrollments:0 Attrs:map[hf.Registrar.DelegateRoles:peer,orderer,client,user hf.Revoker:1 hf.IntermediateCA:1 hf.GenCRL:1 hf.Registrar.Attributes:* hf.AffiliationMgr:1 hf.Registrar.Roles:peer,orderer,client,user]  }]} Affiliations:map[org1:[department1 department2] org2:[department1]] LDAP:{ Enabled:false URL:ldap://****:****@<host>:<port>/<base> UserFilter:(uid=%s) GroupFilter:(memberUid=%s) Attribute:{[uid member] [{ }] map[groups:[{ }]]} TLS:{false [] { }}  } DB:{ Type:sqlite3 Datasource:/Users/nitishbhushan/Documents/nitish_operations/technical/tehnologies/hyperledger-fabric/b9lab_fabric/certification/b9Lab-HLF11/extend/crypto-config/peerOrganizations/org2.com.au/ca/root/fabric-ca-server.db TLS:{false [] { }}  } CSP:0xc4202d1320 Client:<nil> Intermediate:{ParentServer:{ URL: CAName:  } TLS:{Enabled:false CertFiles:[] Client:{KeyFile: CertFile:}} Enrollment:{ Name: Secret:**** Profile: Label: CSR:<nil> CAName: AttrReqs:[]  }} CRL:{Expiry:24h0m0s}}
2018/11/02 17:34:27 [DEBUG] DB: Getting identity peer1.org2.com.au
2018/11/02 17:34:27 [DEBUG] DB: Login user peer1.org2.com.au with max enrollments of -1 and state of 0
2018/11/02 17:34:27 [DEBUG] DB: identity peer1.org2.com.au successfully logged in
2018/11/02 17:34:27 [DEBUG] Processing sign request: id=peer1.org2.com.au, CommonName=peer1.org2.com.au, Subject=<nil>
2018/11/02 17:34:27 [DEBUG] Request is not for a CA signing certificate
2018/11/02 17:34:27 [DEBUG] Checking CSR fields to make sure that they do not exceed maximum character limits
2018/11/02 17:34:27 [DEBUG] DB: Getting identity peer1.org2.com.au
2018/11/02 17:34:27 [DEBUG] Finished processing sign request
2018/11/02 17:34:27 [DEBUG] DB: Getting identity peer1.org2.com.au
2018/11/02 17:34:27 [DEBUG] Attribute extension being added to certificate is: &{ID:[1 2 3 4 5 6 7 8 1] Critical:false Value:7b226174747273223a7b2268662e416666696c696174696f6e223a226f726731222c2268662e456e726f6c6c6d656e744944223a2270656572312e6f7267322e636f6d2e6175222c2268662e54797065223a2275736572227d7d}
2018/11/02 17:34:27 [DEBUG] Adding attribute extension to CSR: &{ID:[1 2 3 4 5 6 7 8 1] Critical:false Value:7b226174747273223a7b2268662e416666696c696174696f6e223a226f726731222c2268662e456e726f6c6c6d656e744944223a2270656572312e6f7267322e636f6d2e6175222c2268662e54797065223a2275736572227d7d}
2018/11/02 17:34:27 [INFO] signed certificate with serial number 240294294774923387955199648608726944827458290691
2018/11/02 17:34:27 [DEBUG] DB: Insert Certificate
2018/11/02 17:34:27 [DEBUG] Saved serial number as hex 2a172b391b5bd370bdd83eed5875177b85758403
2018/11/02 17:34:27 [DEBUG] saved certificate with serial number 240294294774923387955199648608726944827458290691
2018/11/02 17:34:27 [DEBUG] Successfully incremented state for identity peer1.org2.com.au to 1
2018/11/02 17:34:27 [INFO] [::1]:53189 POST /enroll 201 0 "OK"
2018/11/02 17:34:27 [DEBUG] Received request for /cainfo
2018/11/02 17:34:27 [INFO] [::1]:53195 POST /cainfo 200 0 "OK"
