2018/10/27 14:11:41 [INFO] Created default configuration file at /Users/nitishbhushan/Documents/nitish_operations/technical/tehnologies/hyperledger-fabric/b9lab_fabric/certification/b9Lab-HLF11/network/crypto-config/peerOrganizations/org1.com.au/ca/root/fabric-ca-server-config.yaml
2018/10/27 14:11:41 [INFO] Starting server in home directory: /Users/nitishbhushan/Documents/nitish_operations/technical/tehnologies/hyperledger-fabric/b9lab_fabric/certification/b9Lab-HLF11/network/crypto-config/peerOrganizations/org1.com.au/ca/root
2018/10/27 14:11:41 [INFO] Server Version: 1.1.1-snapshot-e656889
2018/10/27 14:11:41 [INFO] Server Levels: &{Identity:1 Affiliation:1 Certificate:1}
2018/10/27 14:11:41 [DEBUG] Making server filenames absolute
2018/10/27 14:11:41 [DEBUG] Initializing default CA in directory /Users/nitishbhushan/Documents/nitish_operations/technical/tehnologies/hyperledger-fabric/b9lab_fabric/certification/b9Lab-HLF11/network/crypto-config/peerOrganizations/org1.com.au/ca/root
2018/10/27 14:11:41 [DEBUG] Init CA with home /Users/nitishbhushan/Documents/nitish_operations/technical/tehnologies/hyperledger-fabric/b9lab_fabric/certification/b9Lab-HLF11/network/crypto-config/peerOrganizations/org1.com.au/ca/root and config {Version:1.1.1-snapshot-e656889 Cfg:{Identities:{AllowRemove:false} Affiliations:{AllowRemove:false}} CA:{Name: Keyfile: Certfile:ca-cert.pem Chainfile:ca-chain.pem} Signing:0xc4202f8e40 CSR:{CN:fabric-ca-server Names:[{C:US ST:North Carolina L: O:Hyperledger OU:Fabric SerialNumber:}] Hosts:[Nitishs-MacBook-Pro.local localhost] KeyRequest:<nil> CA:0xc4202b30e0 SerialNumber:} Registry:{MaxEnrollments:-1 Identities:[{ Name:**** Pass:**** Type:client Affiliation: MaxEnrollments:0 Attrs:map[hf.Registrar.DelegateRoles:peer,orderer,client,user hf.Revoker:1 hf.IntermediateCA:1 hf.GenCRL:1 hf.Registrar.Attributes:* hf.AffiliationMgr:1 hf.Registrar.Roles:peer,orderer,client,user]  }]} Affiliations:map[org1:[department1 department2] org2:[department1]] LDAP:{ Enabled:false URL:ldap://****:****@<host>:<port>/<base> UserFilter:(uid=%s) GroupFilter:(memberUid=%s) Attribute:{[uid member] [{ }] map[groups:[{ }]]} TLS:{false [] { }}  } DB:{ Type:sqlite3 Datasource:fabric-ca-server.db TLS:{false [] { }}  } CSP:0xc4202cd2c0 Client:<nil> Intermediate:{ParentServer:{ URL: CAName:  } TLS:{Enabled:false CertFiles:[] Client:{KeyFile: CertFile:}} Enrollment:{ Name: Secret:**** Profile: Label: CSR:<nil> CAName: AttrReqs:[]  }} CRL:{Expiry:24h0m0s}}
2018/10/27 14:11:41 [DEBUG] CA Home Directory: /Users/nitishbhushan/Documents/nitish_operations/technical/tehnologies/hyperledger-fabric/b9lab_fabric/certification/b9Lab-HLF11/network/crypto-config/peerOrganizations/org1.com.au/ca/root
2018/10/27 14:11:41 [DEBUG] Checking configuration file version '1.1.1-snapshot-e656889' against server version: '1.1.1-snapshot-e656889'
2018/10/27 14:11:41 [DEBUG] Initializing BCCSP: &{ProviderName:SW SwOpts:0xc4202cd320 PluginOpts:<nil> Pkcs11Opts:<nil>}
2018/10/27 14:11:41 [DEBUG] Initializing BCCSP with software options &{SecLevel:256 HashFamily:SHA2 Ephemeral:false FileKeystore:0xc4202ebe20 DummyKeystore:<nil>}
2018/10/27 14:11:41 [DEBUG] Initialize key material
2018/10/27 14:11:41 [DEBUG] Making CA filenames absolute
2018/10/27 14:11:41 [DEBUG] Root CA certificate request: {CN:fabric-ca-server Names:[{C:US ST:North Carolina L: O:Hyperledger OU:Fabric SerialNumber:}] Hosts:[Nitishs-MacBook-Pro.local localhost] KeyRequest:0xc420302680 CA:0xc4202b30e0 SerialNumber:}
2018/10/27 14:11:41 [INFO] generating key: &{A:ecdsa S:256}
2018/10/27 14:11:41 [DEBUG] generate key from request: algo=ecdsa, size=256
2018/10/27 14:11:41 [INFO] encoded CSR
2018/10/27 14:11:41 [DEBUG] validating configuration
2018/10/27 14:11:41 [DEBUG] validate local profile
2018/10/27 14:11:41 [DEBUG] profile is valid
2018/10/27 14:11:41 [INFO] signed certificate with serial number 44467759311843521037306427235087490645371711607
2018/10/27 14:11:41 [INFO] The CA key and certificate were generated for CA 
2018/10/27 14:11:41 [INFO] The key was stored by BCCSP provider 'SW'
2018/10/27 14:11:41 [INFO] The certificate is at: /Users/nitishbhushan/Documents/nitish_operations/technical/tehnologies/hyperledger-fabric/b9lab_fabric/certification/b9Lab-HLF11/network/crypto-config/peerOrganizations/org1.com.au/ca/root/ca-cert.pem
2018/10/27 14:11:41 [DEBUG] Initializing DB
2018/10/27 14:11:41 [DEBUG] Initializing 'sqlite3' database at '/Users/nitishbhushan/Documents/nitish_operations/technical/tehnologies/hyperledger-fabric/b9lab_fabric/certification/b9Lab-HLF11/network/crypto-config/peerOrganizations/org1.com.au/ca/root/fabric-ca-server.db'
2018/10/27 14:11:41 [DEBUG] Using sqlite database, connect to database in home (/Users/nitishbhushan/Documents/nitish_operations/technical/tehnologies/hyperledger-fabric/b9lab_fabric/certification/b9Lab-HLF11/network/crypto-config/peerOrganizations/org1.com.au/ca/root/fabric-ca-server.db) directory
2018/10/27 14:11:41 [DEBUG] Creating SQLite database (/Users/nitishbhushan/Documents/nitish_operations/technical/tehnologies/hyperledger-fabric/b9lab_fabric/certification/b9Lab-HLF11/network/crypto-config/peerOrganizations/org1.com.au/ca/root/fabric-ca-server.db) if it does not exist...
2018/10/27 14:11:41 [DEBUG] Creating users table if it does not exist
2018/10/27 14:11:41 [DEBUG] Creating affiliations table if it does not exist
2018/10/27 14:11:41 [DEBUG] Creating certificates table if it does not exist
2018/10/27 14:11:41 [DEBUG] Creating properties table if it does not exist
2018/10/27 14:11:41 [DEBUG] Successfully opened sqlite3 DB
2018/10/27 14:11:41 [DEBUG] Checking database schema...
2018/10/27 14:11:41 [DEBUG] Update SQLite schema, if using outdated schema
2018/10/27 14:11:41 [DEBUG] Upgrade identities table
2018/10/27 14:11:41 [DEBUG] Creating users table if it does not exist
2018/10/27 14:11:41 [DEBUG] Upgrade affiliation table
2018/10/27 14:11:41 [DEBUG] Creating affiliations table if it does not exist
2018/10/27 14:11:41 [DEBUG] Upgrade certificates table
2018/10/27 14:11:41 [DEBUG] Creating certificates table if it does not exist
2018/10/27 14:11:41 [DEBUG] Initializing identity registry
2018/10/27 14:11:41 [DEBUG] Initialized DB identity registry
2018/10/27 14:11:41 [DEBUG] DB: Get properties [identity.level affiliation.level certificate.level]
2018/10/27 14:11:41 [DEBUG] Checking database levels 'map[affiliation.level:0 certificate.level:0 identity.level:0]' against server levels '&{Identity:1 Affiliation:1 Certificate:1}'
2018/10/27 14:11:41 [DEBUG] Loading identity table
2018/10/27 14:11:41 [DEBUG] Loading identity 'admin'
2018/10/27 14:11:41 [DEBUG] DB: Getting identity admin
2018/10/27 14:11:41 [DEBUG] Max enrollment value verification - User specified max enrollment: 0, CA max enrollment: -1
2018/10/27 14:11:41 [DEBUG] DB: Add identity admin
2018/10/27 14:11:41 [DEBUG] Successfully added identity admin to the database
2018/10/27 14:11:41 [DEBUG] Registered identity: { Name:**** Pass:**** Type:client Affiliation: MaxEnrollments:-1 Attrs:map[hf.GenCRL:1 hf.Registrar.Attributes:* hf.AffiliationMgr:1 hf.Registrar.Roles:peer,orderer,client,user hf.Registrar.DelegateRoles:peer,orderer,client,user hf.Revoker:1 hf.IntermediateCA:1]  }
2018/10/27 14:11:41 [DEBUG] Successfully loaded identity table
2018/10/27 14:11:41 [DEBUG] Loading affiliations table
2018/10/27 14:11:41 [DEBUG] DB: Add affiliation org1
2018/10/27 14:11:41 [DEBUG] Affiliation 'org1' added
2018/10/27 14:11:41 [DEBUG] DB: Add affiliation org1.department1
2018/10/27 14:11:41 [DEBUG] Affiliation 'org1.department1' added
2018/10/27 14:11:41 [DEBUG] DB: Add affiliation org1.department2
2018/10/27 14:11:41 [DEBUG] Affiliation 'org1.department2' added
2018/10/27 14:11:41 [DEBUG] DB: Add affiliation org2
2018/10/27 14:11:41 [DEBUG] Affiliation 'org2' added
2018/10/27 14:11:41 [DEBUG] DB: Add affiliation org2.department1
2018/10/27 14:11:41 [DEBUG] Affiliation 'org2.department1' added
2018/10/27 14:11:41 [DEBUG] Successfully loaded affiliations table
2018/10/27 14:11:41 [DEBUG] Checking and performing migration, if needed
2018/10/27 14:11:41 [DEBUG] Updating database level to &{Identity:1 Affiliation:1 Certificate:1}
2018/10/27 14:11:41 [INFO] Initialized sqlite3 database at /Users/nitishbhushan/Documents/nitish_operations/technical/tehnologies/hyperledger-fabric/b9lab_fabric/certification/b9Lab-HLF11/network/crypto-config/peerOrganizations/org1.com.au/ca/root/fabric-ca-server.db
2018/10/27 14:11:41 [DEBUG] Initializing enrollment signer
2018/10/27 14:11:41 [DEBUG] validating configuration
2018/10/27 14:11:41 [DEBUG] validate local profile
2018/10/27 14:11:41 [DEBUG] profile is valid
2018/10/27 14:11:41 [DEBUG] validate local profile
2018/10/27 14:11:41 [DEBUG] profile is valid
2018/10/27 14:11:41 [DEBUG] validate local profile
2018/10/27 14:11:41 [DEBUG] profile is valid
2018/10/27 14:11:41 [DEBUG] CA initialization successful
2018/10/27 14:11:41 [INFO] Home directory for default CA: /Users/nitishbhushan/Documents/nitish_operations/technical/tehnologies/hyperledger-fabric/b9lab_fabric/certification/b9Lab-HLF11/network/crypto-config/peerOrganizations/org1.com.au/ca/root
2018/10/27 14:11:41 [DEBUG] 1 CA instance(s) running on server
2018/10/27 14:11:41 [INFO] Listening on http://0.0.0.0:7102
2018/10/27 14:11:42 [DEBUG] Received request for /enroll
2018/10/27 14:11:42 [DEBUG] ca.Config: &{Version:1.1.1-snapshot-e656889 Cfg:{Identities:{AllowRemove:false} Affiliations:{AllowRemove:false}} CA:{Name: Keyfile:/Users/nitishbhushan/Documents/nitish_operations/technical/tehnologies/hyperledger-fabric/b9lab_fabric/certification/b9Lab-HLF11/network/crypto-config/peerOrganizations/org1.com.au/ca/root/ca-key.pem Certfile:/Users/nitishbhushan/Documents/nitish_operations/technical/tehnologies/hyperledger-fabric/b9lab_fabric/certification/b9Lab-HLF11/network/crypto-config/peerOrganizations/org1.com.au/ca/root/ca-cert.pem Chainfile:/Users/nitishbhushan/Documents/nitish_operations/technical/tehnologies/hyperledger-fabric/b9lab_fabric/certification/b9Lab-HLF11/network/crypto-config/peerOrganizations/org1.com.au/ca/root/ca-chain.pem} Signing:0xc4202f8e40 CSR:{CN:fabric-ca-server Names:[{C:US ST:North Carolina L: O:Hyperledger OU:Fabric SerialNumber:}] Hosts:[Nitishs-MacBook-Pro.local localhost] KeyRequest:0xc420302660 CA:0xc4202b30e0 SerialNumber:} Registry:{MaxEnrollments:-1 Identities:[{ Name:**** Pass:**** Type:client Affiliation: MaxEnrollments:0 Attrs:map[hf.AffiliationMgr:1 hf.Registrar.Roles:peer,orderer,client,user hf.Registrar.DelegateRoles:peer,orderer,client,user hf.Revoker:1 hf.IntermediateCA:1 hf.GenCRL:1 hf.Registrar.Attributes:*]  }]} Affiliations:map[org1:[department1 department2] org2:[department1]] LDAP:{ Enabled:false URL:ldap://****:****@<host>:<port>/<base> UserFilter:(uid=%s) GroupFilter:(memberUid=%s) Attribute:{[uid member] [{ }] map[groups:[{ }]]} TLS:{false [] { }}  } DB:{ Type:sqlite3 Datasource:/Users/nitishbhushan/Documents/nitish_operations/technical/tehnologies/hyperledger-fabric/b9lab_fabric/certification/b9Lab-HLF11/network/crypto-config/peerOrganizations/org1.com.au/ca/root/fabric-ca-server.db TLS:{false [] { }}  } CSP:0xc4202cd2c0 Client:<nil> Intermediate:{ParentServer:{ URL: CAName:  } TLS:{Enabled:false CertFiles:[] Client:{KeyFile: CertFile:}} Enrollment:{ Name: Secret:**** Profile: Label: CSR:<nil> CAName: AttrReqs:[]  }} CRL:{Expiry:24h0m0s}}
2018/10/27 14:11:42 [DEBUG] DB: Getting identity admin
2018/10/27 14:11:42 [DEBUG] DB: Login user admin with max enrollments of -1 and state of 0
2018/10/27 14:11:42 [DEBUG] DB: identity admin successfully logged in
2018/10/27 14:11:42 [DEBUG] Processing sign request: id=admin, CommonName=admin, Subject=<nil>
2018/10/27 14:11:42 [DEBUG] Request is not for a CA signing certificate
2018/10/27 14:11:42 [DEBUG] Checking CSR fields to make sure that they do not exceed maximum character limits
2018/10/27 14:11:42 [DEBUG] DB: Getting identity admin
2018/10/27 14:11:42 [DEBUG] Finished processing sign request
2018/10/27 14:11:42 [DEBUG] DB: Getting identity admin
2018/10/27 14:11:42 [INFO] signed certificate with serial number 347368533963922986953970603379344748160526855313
2018/10/27 14:11:42 [DEBUG] DB: Insert Certificate
2018/10/27 14:11:42 [DEBUG] Saved serial number as hex 3cd88b3551ed627ac643b5720a9ec2ba83182c91
2018/10/27 14:11:42 [DEBUG] saved certificate with serial number 347368533963922986953970603379344748160526855313
2018/10/27 14:11:42 [DEBUG] Successfully incremented state for identity admin to 1
2018/10/27 14:11:42 [INFO] [::1]:51507 POST /enroll 201 0 "OK"
2018/10/27 14:11:42 [DEBUG] Received request for /enroll
2018/10/27 14:11:42 [DEBUG] ca.Config: &{Version:1.1.1-snapshot-e656889 Cfg:{Identities:{AllowRemove:false} Affiliations:{AllowRemove:false}} CA:{Name: Keyfile:/Users/nitishbhushan/Documents/nitish_operations/technical/tehnologies/hyperledger-fabric/b9lab_fabric/certification/b9Lab-HLF11/network/crypto-config/peerOrganizations/org1.com.au/ca/root/ca-key.pem Certfile:/Users/nitishbhushan/Documents/nitish_operations/technical/tehnologies/hyperledger-fabric/b9lab_fabric/certification/b9Lab-HLF11/network/crypto-config/peerOrganizations/org1.com.au/ca/root/ca-cert.pem Chainfile:/Users/nitishbhushan/Documents/nitish_operations/technical/tehnologies/hyperledger-fabric/b9lab_fabric/certification/b9Lab-HLF11/network/crypto-config/peerOrganizations/org1.com.au/ca/root/ca-chain.pem} Signing:0xc4202f8e40 CSR:{CN:fabric-ca-server Names:[{C:US ST:North Carolina L: O:Hyperledger OU:Fabric SerialNumber:}] Hosts:[Nitishs-MacBook-Pro.local localhost] KeyRequest:0xc420302660 CA:0xc4202b30e0 SerialNumber:} Registry:{MaxEnrollments:-1 Identities:[{ Name:**** Pass:**** Type:client Affiliation: MaxEnrollments:0 Attrs:map[hf.AffiliationMgr:1 hf.Registrar.Roles:peer,orderer,client,user hf.Registrar.DelegateRoles:peer,orderer,client,user hf.Revoker:1 hf.IntermediateCA:1 hf.GenCRL:1 hf.Registrar.Attributes:*]  }]} Affiliations:map[org1:[department1 department2] org2:[department1]] LDAP:{ Enabled:false URL:ldap://****:****@<host>:<port>/<base> UserFilter:(uid=%s) GroupFilter:(memberUid=%s) Attribute:{[uid member] [{ }] map[groups:[{ }]]} TLS:{false [] { }}  } DB:{ Type:sqlite3 Datasource:/Users/nitishbhushan/Documents/nitish_operations/technical/tehnologies/hyperledger-fabric/b9lab_fabric/certification/b9Lab-HLF11/network/crypto-config/peerOrganizations/org1.com.au/ca/root/fabric-ca-server.db TLS:{false [] { }}  } CSP:0xc4202cd2c0 Client:<nil> Intermediate:{ParentServer:{ URL: CAName:  } TLS:{Enabled:false CertFiles:[] Client:{KeyFile: CertFile:}} Enrollment:{ Name: Secret:**** Profile: Label: CSR:<nil> CAName: AttrReqs:[]  }} CRL:{Expiry:24h0m0s}}
2018/10/27 14:11:42 [DEBUG] DB: Getting identity admin
2018/10/27 14:11:42 [DEBUG] DB: Login user admin with max enrollments of -1 and state of 1
2018/10/27 14:11:42 [DEBUG] DB: identity admin successfully logged in
2018/10/27 14:11:42 [DEBUG] Processing sign request: id=admin, CommonName=admin, Subject=<nil>
2018/10/27 14:11:42 [DEBUG] Request is not for a CA signing certificate
2018/10/27 14:11:42 [DEBUG] Checking CSR fields to make sure that they do not exceed maximum character limits
2018/10/27 14:11:42 [DEBUG] DB: Getting identity admin
2018/10/27 14:11:42 [DEBUG] Finished processing sign request
2018/10/27 14:11:42 [DEBUG] DB: Getting identity admin
2018/10/27 14:11:42 [INFO] signed certificate with serial number 105962914029555528936911405478601779300250186784
2018/10/27 14:11:42 [DEBUG] DB: Insert Certificate
2018/10/27 14:11:42 [DEBUG] Saved serial number as hex 128f8a9918952223dc4e26c9def87483bf707420
2018/10/27 14:11:42 [DEBUG] saved certificate with serial number 105962914029555528936911405478601779300250186784
2018/10/27 14:11:42 [DEBUG] Successfully incremented state for identity admin to 2
2018/10/27 14:11:42 [INFO] [::1]:51510 POST /enroll 201 0 "OK"
2018/10/27 14:11:43 [DEBUG] Received request for /register
2018/10/27 14:11:43 [DEBUG] Checking for revocation/expiration of certificate owned by 'admin'
2018/10/27 14:11:43 [DEBUG] DB: Get certificate by serial (128f8a9918952223dc4e26c9def87483bf707420) and aki (1747f3cc800c3babe967a91b74581d0e66d99e5b)
2018/10/27 14:11:43 [DEBUG] Successful token authentication of 'admin'
2018/10/27 14:11:43 [DEBUG] Received registration request from admin: { Name:nodeAdmin Type:user Secret:**** MaxEnrollments:0 Affiliation:org1 Attributes:[] CAName:  }
2018/10/27 14:11:43 [DEBUG] DB: Getting identity admin
2018/10/27 14:11:43 [DEBUG] canRegister - Check to see if user 'admin' can register
2018/10/27 14:11:43 [DEBUG] Checking to see if caller 'admin' is a registrar
2018/10/27 14:11:43 [DEBUG] Validate Affiliation
2018/10/27 14:11:43 [DEBUG] Checking to see if affiliation 'org1' contains caller's affiliation ''
2018/10/27 14:11:43 [DEBUG] Caller has root affiliation
2018/10/27 14:11:43 [DEBUG] Validate ID
2018/10/27 14:11:43 [DEBUG] Validating affiliation: org1
2018/10/27 14:11:43 [DEBUG] DB: Get affiliation org1
2018/10/27 14:11:43 [DEBUG] Registering user id: nodeAdmin
2018/10/27 14:11:43 [DEBUG] Max enrollment value verification - User specified max enrollment: 0, CA max enrollment: -1
2018/10/27 14:11:43 [DEBUG] DB: Getting identity nodeAdmin
2018/10/27 14:11:43 [DEBUG] DB: Add identity nodeAdmin
2018/10/27 14:11:43 [DEBUG] Successfully added identity nodeAdmin to the database
2018/10/27 14:11:43 [INFO] [::1]:51513 POST /register 201 0 "OK"
2018/10/27 14:11:43 [DEBUG] Received request for /enroll
2018/10/27 14:11:43 [DEBUG] ca.Config: &{Version:1.1.1-snapshot-e656889 Cfg:{Identities:{AllowRemove:false} Affiliations:{AllowRemove:false}} CA:{Name: Keyfile:/Users/nitishbhushan/Documents/nitish_operations/technical/tehnologies/hyperledger-fabric/b9lab_fabric/certification/b9Lab-HLF11/network/crypto-config/peerOrganizations/org1.com.au/ca/root/ca-key.pem Certfile:/Users/nitishbhushan/Documents/nitish_operations/technical/tehnologies/hyperledger-fabric/b9lab_fabric/certification/b9Lab-HLF11/network/crypto-config/peerOrganizations/org1.com.au/ca/root/ca-cert.pem Chainfile:/Users/nitishbhushan/Documents/nitish_operations/technical/tehnologies/hyperledger-fabric/b9lab_fabric/certification/b9Lab-HLF11/network/crypto-config/peerOrganizations/org1.com.au/ca/root/ca-chain.pem} Signing:0xc4202f8e40 CSR:{CN:fabric-ca-server Names:[{C:US ST:North Carolina L: O:Hyperledger OU:Fabric SerialNumber:}] Hosts:[Nitishs-MacBook-Pro.local localhost] KeyRequest:0xc420302660 CA:0xc4202b30e0 SerialNumber:} Registry:{MaxEnrollments:-1 Identities:[{ Name:**** Pass:**** Type:client Affiliation: MaxEnrollments:0 Attrs:map[hf.GenCRL:1 hf.Registrar.Attributes:* hf.AffiliationMgr:1 hf.Registrar.Roles:peer,orderer,client,user hf.Registrar.DelegateRoles:peer,orderer,client,user hf.Revoker:1 hf.IntermediateCA:1]  }]} Affiliations:map[org1:[department1 department2] org2:[department1]] LDAP:{ Enabled:false URL:ldap://****:****@<host>:<port>/<base> UserFilter:(uid=%s) GroupFilter:(memberUid=%s) Attribute:{[uid member] [{ }] map[groups:[{ }]]} TLS:{false [] { }}  } DB:{ Type:sqlite3 Datasource:/Users/nitishbhushan/Documents/nitish_operations/technical/tehnologies/hyperledger-fabric/b9lab_fabric/certification/b9Lab-HLF11/network/crypto-config/peerOrganizations/org1.com.au/ca/root/fabric-ca-server.db TLS:{false [] { }}  } CSP:0xc4202cd2c0 Client:<nil> Intermediate:{ParentServer:{ URL: CAName:  } TLS:{Enabled:false CertFiles:[] Client:{KeyFile: CertFile:}} Enrollment:{ Name: Secret:**** Profile: Label: CSR:<nil> CAName: AttrReqs:[]  }} CRL:{Expiry:24h0m0s}}
2018/10/27 14:11:43 [DEBUG] DB: Getting identity nodeAdmin
2018/10/27 14:11:43 [DEBUG] DB: Login user nodeAdmin with max enrollments of -1 and state of 0
2018/10/27 14:11:43 [DEBUG] DB: identity nodeAdmin successfully logged in
2018/10/27 14:11:43 [DEBUG] Processing sign request: id=nodeAdmin, CommonName=nodeAdmin, Subject=<nil>
2018/10/27 14:11:43 [DEBUG] Request is not for a CA signing certificate
2018/10/27 14:11:43 [DEBUG] Checking CSR fields to make sure that they do not exceed maximum character limits
2018/10/27 14:11:43 [DEBUG] DB: Getting identity nodeAdmin
2018/10/27 14:11:43 [DEBUG] Finished processing sign request
2018/10/27 14:11:43 [DEBUG] DB: Getting identity nodeAdmin
2018/10/27 14:11:43 [DEBUG] Attribute extension being added to certificate is: &{ID:[1 2 3 4 5 6 7 8 1] Critical:false Value:7b226174747273223a7b2268662e416666696c696174696f6e223a226f726731222c2268662e456e726f6c6c6d656e744944223a226e6f646541646d696e222c2268662e54797065223a2275736572227d7d}
2018/10/27 14:11:43 [DEBUG] Adding attribute extension to CSR: &{ID:[1 2 3 4 5 6 7 8 1] Critical:false Value:7b226174747273223a7b2268662e416666696c696174696f6e223a226f726731222c2268662e456e726f6c6c6d656e744944223a226e6f646541646d696e222c2268662e54797065223a2275736572227d7d}
2018/10/27 14:11:43 [INFO] signed certificate with serial number 521389849939385009111425080801981281568741943146
2018/10/27 14:11:43 [DEBUG] DB: Insert Certificate
2018/10/27 14:11:43 [DEBUG] Saved serial number as hex 5b53edf1f316e6d7d518f44d3c63a6b6b464676a
2018/10/27 14:11:43 [DEBUG] saved certificate with serial number 521389849939385009111425080801981281568741943146
2018/10/27 14:11:43 [DEBUG] Successfully incremented state for identity nodeAdmin to 1
2018/10/27 14:11:43 [INFO] [::1]:51516 POST /enroll 201 0 "OK"
2018/10/27 14:11:43 [DEBUG] Received request for /register
2018/10/27 14:11:43 [DEBUG] Checking for revocation/expiration of certificate owned by 'admin'
2018/10/27 14:11:43 [DEBUG] DB: Get certificate by serial (128f8a9918952223dc4e26c9def87483bf707420) and aki (1747f3cc800c3babe967a91b74581d0e66d99e5b)
2018/10/27 14:11:43 [DEBUG] Successful token authentication of 'admin'
2018/10/27 14:11:43 [DEBUG] Received registration request from admin: { Name:User1@org1.com.au Type:user Secret:**** MaxEnrollments:0 Affiliation:org1 Attributes:[] CAName:  }
2018/10/27 14:11:43 [DEBUG] DB: Getting identity admin
2018/10/27 14:11:43 [DEBUG] canRegister - Check to see if user 'admin' can register
2018/10/27 14:11:43 [DEBUG] Checking to see if caller 'admin' is a registrar
2018/10/27 14:11:43 [DEBUG] Validate Affiliation
2018/10/27 14:11:43 [DEBUG] Checking to see if affiliation 'org1' contains caller's affiliation ''
2018/10/27 14:11:43 [DEBUG] Caller has root affiliation
2018/10/27 14:11:43 [DEBUG] Validate ID
2018/10/27 14:11:43 [DEBUG] Validating affiliation: org1
2018/10/27 14:11:43 [DEBUG] DB: Get affiliation org1
2018/10/27 14:11:43 [DEBUG] Registering user id: User1@org1.com.au
2018/10/27 14:11:43 [DEBUG] Max enrollment value verification - User specified max enrollment: 0, CA max enrollment: -1
2018/10/27 14:11:43 [DEBUG] DB: Getting identity User1@org1.com.au
2018/10/27 14:11:43 [DEBUG] DB: Add identity User1@org1.com.au
2018/10/27 14:11:43 [DEBUG] Successfully added identity User1@org1.com.au to the database
2018/10/27 14:11:43 [INFO] [::1]:51519 POST /register 201 0 "OK"
2018/10/27 14:11:43 [DEBUG] Received request for /enroll
2018/10/27 14:11:43 [DEBUG] ca.Config: &{Version:1.1.1-snapshot-e656889 Cfg:{Identities:{AllowRemove:false} Affiliations:{AllowRemove:false}} CA:{Name: Keyfile:/Users/nitishbhushan/Documents/nitish_operations/technical/tehnologies/hyperledger-fabric/b9lab_fabric/certification/b9Lab-HLF11/network/crypto-config/peerOrganizations/org1.com.au/ca/root/ca-key.pem Certfile:/Users/nitishbhushan/Documents/nitish_operations/technical/tehnologies/hyperledger-fabric/b9lab_fabric/certification/b9Lab-HLF11/network/crypto-config/peerOrganizations/org1.com.au/ca/root/ca-cert.pem Chainfile:/Users/nitishbhushan/Documents/nitish_operations/technical/tehnologies/hyperledger-fabric/b9lab_fabric/certification/b9Lab-HLF11/network/crypto-config/peerOrganizations/org1.com.au/ca/root/ca-chain.pem} Signing:0xc4202f8e40 CSR:{CN:fabric-ca-server Names:[{C:US ST:North Carolina L: O:Hyperledger OU:Fabric SerialNumber:}] Hosts:[Nitishs-MacBook-Pro.local localhost] KeyRequest:0xc420302660 CA:0xc4202b30e0 SerialNumber:} Registry:{MaxEnrollments:-1 Identities:[{ Name:**** Pass:**** Type:client Affiliation: MaxEnrollments:0 Attrs:map[hf.AffiliationMgr:1 hf.Registrar.Roles:peer,orderer,client,user hf.Registrar.DelegateRoles:peer,orderer,client,user hf.Revoker:1 hf.IntermediateCA:1 hf.GenCRL:1 hf.Registrar.Attributes:*]  }]} Affiliations:map[org1:[department1 department2] org2:[department1]] LDAP:{ Enabled:false URL:ldap://****:****@<host>:<port>/<base> UserFilter:(uid=%s) GroupFilter:(memberUid=%s) Attribute:{[uid member] [{ }] map[groups:[{ }]]} TLS:{false [] { }}  } DB:{ Type:sqlite3 Datasource:/Users/nitishbhushan/Documents/nitish_operations/technical/tehnologies/hyperledger-fabric/b9lab_fabric/certification/b9Lab-HLF11/network/crypto-config/peerOrganizations/org1.com.au/ca/root/fabric-ca-server.db TLS:{false [] { }}  } CSP:0xc4202cd2c0 Client:<nil> Intermediate:{ParentServer:{ URL: CAName:  } TLS:{Enabled:false CertFiles:[] Client:{KeyFile: CertFile:}} Enrollment:{ Name: Secret:**** Profile: Label: CSR:<nil> CAName: AttrReqs:[]  }} CRL:{Expiry:24h0m0s}}
2018/10/27 14:11:43 [DEBUG] DB: Getting identity User1@org1.com.au
2018/10/27 14:11:43 [DEBUG] DB: Login user User1@org1.com.au with max enrollments of -1 and state of 0
2018/10/27 14:11:43 [DEBUG] DB: identity User1@org1.com.au successfully logged in
2018/10/27 14:11:43 [DEBUG] Processing sign request: id=User1@org1.com.au, CommonName=User1@org1.com.au, Subject=<nil>
2018/10/27 14:11:43 [DEBUG] Request is not for a CA signing certificate
2018/10/27 14:11:43 [DEBUG] Checking CSR fields to make sure that they do not exceed maximum character limits
2018/10/27 14:11:43 [DEBUG] DB: Getting identity User1@org1.com.au
2018/10/27 14:11:43 [DEBUG] Finished processing sign request
2018/10/27 14:11:43 [DEBUG] DB: Getting identity User1@org1.com.au
2018/10/27 14:11:43 [DEBUG] Attribute extension being added to certificate is: &{ID:[1 2 3 4 5 6 7 8 1] Critical:false Value:7b226174747273223a7b2268662e416666696c696174696f6e223a226f726731222c2268662e456e726f6c6c6d656e744944223a225573657231406f7267312e636f6d2e6175222c2268662e54797065223a2275736572227d7d}
2018/10/27 14:11:43 [DEBUG] Adding attribute extension to CSR: &{ID:[1 2 3 4 5 6 7 8 1] Critical:false Value:7b226174747273223a7b2268662e416666696c696174696f6e223a226f726731222c2268662e456e726f6c6c6d656e744944223a225573657231406f7267312e636f6d2e6175222c2268662e54797065223a2275736572227d7d}
2018/10/27 14:11:43 [INFO] signed certificate with serial number 562973930722698872677407090250776378221802136633
2018/10/27 14:11:43 [DEBUG] DB: Insert Certificate
2018/10/27 14:11:43 [DEBUG] Saved serial number as hex 629c9fc80fd719d925075943855cfd0d54c5a439
2018/10/27 14:11:43 [DEBUG] saved certificate with serial number 562973930722698872677407090250776378221802136633
2018/10/27 14:11:43 [DEBUG] Successfully incremented state for identity User1@org1.com.au to 1
2018/10/27 14:11:43 [INFO] [::1]:51522 POST /enroll 201 0 "OK"
2018/10/27 14:11:43 [DEBUG] Received request for /enroll
2018/10/27 14:11:43 [DEBUG] ca.Config: &{Version:1.1.1-snapshot-e656889 Cfg:{Identities:{AllowRemove:false} Affiliations:{AllowRemove:false}} CA:{Name: Keyfile:/Users/nitishbhushan/Documents/nitish_operations/technical/tehnologies/hyperledger-fabric/b9lab_fabric/certification/b9Lab-HLF11/network/crypto-config/peerOrganizations/org1.com.au/ca/root/ca-key.pem Certfile:/Users/nitishbhushan/Documents/nitish_operations/technical/tehnologies/hyperledger-fabric/b9lab_fabric/certification/b9Lab-HLF11/network/crypto-config/peerOrganizations/org1.com.au/ca/root/ca-cert.pem Chainfile:/Users/nitishbhushan/Documents/nitish_operations/technical/tehnologies/hyperledger-fabric/b9lab_fabric/certification/b9Lab-HLF11/network/crypto-config/peerOrganizations/org1.com.au/ca/root/ca-chain.pem} Signing:0xc4202f8e40 CSR:{CN:fabric-ca-server Names:[{C:US ST:North Carolina L: O:Hyperledger OU:Fabric SerialNumber:}] Hosts:[Nitishs-MacBook-Pro.local localhost] KeyRequest:0xc420302660 CA:0xc4202b30e0 SerialNumber:} Registry:{MaxEnrollments:-1 Identities:[{ Name:**** Pass:**** Type:client Affiliation: MaxEnrollments:0 Attrs:map[hf.Registrar.Roles:peer,orderer,client,user hf.Registrar.DelegateRoles:peer,orderer,client,user hf.Revoker:1 hf.IntermediateCA:1 hf.GenCRL:1 hf.Registrar.Attributes:* hf.AffiliationMgr:1]  }]} Affiliations:map[org1:[department1 department2] org2:[department1]] LDAP:{ Enabled:false URL:ldap://****:****@<host>:<port>/<base> UserFilter:(uid=%s) GroupFilter:(memberUid=%s) Attribute:{[uid member] [{ }] map[groups:[{ }]]} TLS:{false [] { }}  } DB:{ Type:sqlite3 Datasource:/Users/nitishbhushan/Documents/nitish_operations/technical/tehnologies/hyperledger-fabric/b9lab_fabric/certification/b9Lab-HLF11/network/crypto-config/peerOrganizations/org1.com.au/ca/root/fabric-ca-server.db TLS:{false [] { }}  } CSP:0xc4202cd2c0 Client:<nil> Intermediate:{ParentServer:{ URL: CAName:  } TLS:{Enabled:false CertFiles:[] Client:{KeyFile: CertFile:}} Enrollment:{ Name: Secret:**** Profile: Label: CSR:<nil> CAName: AttrReqs:[]  }} CRL:{Expiry:24h0m0s}}
2018/10/27 14:11:43 [DEBUG] DB: Getting identity admin
2018/10/27 14:11:43 [DEBUG] DB: Login user admin with max enrollments of -1 and state of 2
2018/10/27 14:11:43 [DEBUG] DB: identity admin successfully logged in
2018/10/27 14:11:43 [DEBUG] Processing sign request: id=admin, CommonName=admin, Subject=<nil>
2018/10/27 14:11:43 [DEBUG] Request is not for a CA signing certificate
2018/10/27 14:11:43 [DEBUG] Checking CSR fields to make sure that they do not exceed maximum character limits
2018/10/27 14:11:43 [DEBUG] DB: Getting identity admin
2018/10/27 14:11:43 [DEBUG] Finished processing sign request
2018/10/27 14:11:43 [DEBUG] DB: Getting identity admin
2018/10/27 14:11:43 [INFO] signed certificate with serial number 49699201291947550023288573387907428275871443882
2018/10/27 14:11:43 [DEBUG] DB: Insert Certificate
2018/10/27 14:11:43 [DEBUG] Saved serial number as hex 8b496d9e5cd0efba9d052269dabdc705ac26baa
2018/10/27 14:11:43 [DEBUG] saved certificate with serial number 49699201291947550023288573387907428275871443882
2018/10/27 14:11:43 [DEBUG] Successfully incremented state for identity admin to 3
2018/10/27 14:11:43 [INFO] [::1]:51525 POST /enroll 201 0 "OK"
2018/10/27 14:11:44 [DEBUG] Received request for /register
2018/10/27 14:11:44 [DEBUG] Checking for revocation/expiration of certificate owned by 'admin'
2018/10/27 14:11:44 [DEBUG] DB: Get certificate by serial (128f8a9918952223dc4e26c9def87483bf707420) and aki (1747f3cc800c3babe967a91b74581d0e66d99e5b)
2018/10/27 14:11:44 [DEBUG] Successful token authentication of 'admin'
2018/10/27 14:11:44 [DEBUG] Received registration request from admin: { Name:peer0.org1.com.au Type:user Secret:**** MaxEnrollments:0 Affiliation:org1 Attributes:[] CAName:  }
2018/10/27 14:11:44 [DEBUG] DB: Getting identity admin
2018/10/27 14:11:44 [DEBUG] canRegister - Check to see if user 'admin' can register
2018/10/27 14:11:44 [DEBUG] Checking to see if caller 'admin' is a registrar
2018/10/27 14:11:44 [DEBUG] Validate Affiliation
2018/10/27 14:11:44 [DEBUG] Checking to see if affiliation 'org1' contains caller's affiliation ''
2018/10/27 14:11:44 [DEBUG] Caller has root affiliation
2018/10/27 14:11:44 [DEBUG] Validate ID
2018/10/27 14:11:44 [DEBUG] Validating affiliation: org1
2018/10/27 14:11:44 [DEBUG] DB: Get affiliation org1
2018/10/27 14:11:44 [DEBUG] Registering user id: peer0.org1.com.au
2018/10/27 14:11:44 [DEBUG] Max enrollment value verification - User specified max enrollment: 0, CA max enrollment: -1
2018/10/27 14:11:44 [DEBUG] DB: Getting identity peer0.org1.com.au
2018/10/27 14:11:44 [DEBUG] DB: Add identity peer0.org1.com.au
2018/10/27 14:11:44 [DEBUG] Successfully added identity peer0.org1.com.au to the database
2018/10/27 14:11:44 [INFO] [::1]:51528 POST /register 201 0 "OK"
2018/10/27 14:11:44 [DEBUG] Received request for /enroll
2018/10/27 14:11:44 [DEBUG] ca.Config: &{Version:1.1.1-snapshot-e656889 Cfg:{Identities:{AllowRemove:false} Affiliations:{AllowRemove:false}} CA:{Name: Keyfile:/Users/nitishbhushan/Documents/nitish_operations/technical/tehnologies/hyperledger-fabric/b9lab_fabric/certification/b9Lab-HLF11/network/crypto-config/peerOrganizations/org1.com.au/ca/root/ca-key.pem Certfile:/Users/nitishbhushan/Documents/nitish_operations/technical/tehnologies/hyperledger-fabric/b9lab_fabric/certification/b9Lab-HLF11/network/crypto-config/peerOrganizations/org1.com.au/ca/root/ca-cert.pem Chainfile:/Users/nitishbhushan/Documents/nitish_operations/technical/tehnologies/hyperledger-fabric/b9lab_fabric/certification/b9Lab-HLF11/network/crypto-config/peerOrganizations/org1.com.au/ca/root/ca-chain.pem} Signing:0xc4202f8e40 CSR:{CN:fabric-ca-server Names:[{C:US ST:North Carolina L: O:Hyperledger OU:Fabric SerialNumber:}] Hosts:[Nitishs-MacBook-Pro.local localhost] KeyRequest:0xc420302660 CA:0xc4202b30e0 SerialNumber:} Registry:{MaxEnrollments:-1 Identities:[{ Name:**** Pass:**** Type:client Affiliation: MaxEnrollments:0 Attrs:map[hf.Revoker:1 hf.IntermediateCA:1 hf.GenCRL:1 hf.Registrar.Attributes:* hf.AffiliationMgr:1 hf.Registrar.Roles:peer,orderer,client,user hf.Registrar.DelegateRoles:peer,orderer,client,user]  }]} Affiliations:map[org1:[department1 department2] org2:[department1]] LDAP:{ Enabled:false URL:ldap://****:****@<host>:<port>/<base> UserFilter:(uid=%s) GroupFilter:(memberUid=%s) Attribute:{[uid member] [{ }] map[groups:[{ }]]} TLS:{false [] { }}  } DB:{ Type:sqlite3 Datasource:/Users/nitishbhushan/Documents/nitish_operations/technical/tehnologies/hyperledger-fabric/b9lab_fabric/certification/b9Lab-HLF11/network/crypto-config/peerOrganizations/org1.com.au/ca/root/fabric-ca-server.db TLS:{false [] { }}  } CSP:0xc4202cd2c0 Client:<nil> Intermediate:{ParentServer:{ URL: CAName:  } TLS:{Enabled:false CertFiles:[] Client:{KeyFile: CertFile:}} Enrollment:{ Name: Secret:**** Profile: Label: CSR:<nil> CAName: AttrReqs:[]  }} CRL:{Expiry:24h0m0s}}
2018/10/27 14:11:44 [DEBUG] DB: Getting identity peer0.org1.com.au
2018/10/27 14:11:44 [DEBUG] DB: Login user peer0.org1.com.au with max enrollments of -1 and state of 0
2018/10/27 14:11:44 [DEBUG] DB: identity peer0.org1.com.au successfully logged in
2018/10/27 14:11:44 [DEBUG] Processing sign request: id=peer0.org1.com.au, CommonName=peer0.org1.com.au, Subject=<nil>
2018/10/27 14:11:44 [DEBUG] Request is not for a CA signing certificate
2018/10/27 14:11:44 [DEBUG] Checking CSR fields to make sure that they do not exceed maximum character limits
2018/10/27 14:11:44 [DEBUG] DB: Getting identity peer0.org1.com.au
2018/10/27 14:11:44 [DEBUG] Finished processing sign request
2018/10/27 14:11:44 [DEBUG] DB: Getting identity peer0.org1.com.au
2018/10/27 14:11:44 [DEBUG] Attribute extension being added to certificate is: &{ID:[1 2 3 4 5 6 7 8 1] Critical:false Value:7b226174747273223a7b2268662e416666696c696174696f6e223a226f726731222c2268662e456e726f6c6c6d656e744944223a2270656572302e6f7267312e636f6d2e6175222c2268662e54797065223a2275736572227d7d}
2018/10/27 14:11:44 [DEBUG] Adding attribute extension to CSR: &{ID:[1 2 3 4 5 6 7 8 1] Critical:false Value:7b226174747273223a7b2268662e416666696c696174696f6e223a226f726731222c2268662e456e726f6c6c6d656e744944223a2270656572302e6f7267312e636f6d2e6175222c2268662e54797065223a2275736572227d7d}
2018/10/27 14:11:44 [INFO] signed certificate with serial number 157878043305352006350844329981638887734199537757
2018/10/27 14:11:44 [DEBUG] DB: Insert Certificate
2018/10/27 14:11:44 [DEBUG] Saved serial number as hex 1ba77f0e0f9038675935b0cda146103f6a25505d
2018/10/27 14:11:44 [DEBUG] saved certificate with serial number 157878043305352006350844329981638887734199537757
2018/10/27 14:11:44 [DEBUG] Successfully incremented state for identity peer0.org1.com.au to 1
2018/10/27 14:11:44 [INFO] [::1]:51531 POST /enroll 201 0 "OK"
2018/10/27 14:11:44 [DEBUG] Received request for /enroll
2018/10/27 14:11:44 [DEBUG] ca.Config: &{Version:1.1.1-snapshot-e656889 Cfg:{Identities:{AllowRemove:false} Affiliations:{AllowRemove:false}} CA:{Name: Keyfile:/Users/nitishbhushan/Documents/nitish_operations/technical/tehnologies/hyperledger-fabric/b9lab_fabric/certification/b9Lab-HLF11/network/crypto-config/peerOrganizations/org1.com.au/ca/root/ca-key.pem Certfile:/Users/nitishbhushan/Documents/nitish_operations/technical/tehnologies/hyperledger-fabric/b9lab_fabric/certification/b9Lab-HLF11/network/crypto-config/peerOrganizations/org1.com.au/ca/root/ca-cert.pem Chainfile:/Users/nitishbhushan/Documents/nitish_operations/technical/tehnologies/hyperledger-fabric/b9lab_fabric/certification/b9Lab-HLF11/network/crypto-config/peerOrganizations/org1.com.au/ca/root/ca-chain.pem} Signing:0xc4202f8e40 CSR:{CN:fabric-ca-server Names:[{C:US ST:North Carolina L: O:Hyperledger OU:Fabric SerialNumber:}] Hosts:[Nitishs-MacBook-Pro.local localhost] KeyRequest:0xc420302660 CA:0xc4202b30e0 SerialNumber:} Registry:{MaxEnrollments:-1 Identities:[{ Name:**** Pass:**** Type:client Affiliation: MaxEnrollments:0 Attrs:map[hf.GenCRL:1 hf.Registrar.Attributes:* hf.AffiliationMgr:1 hf.Registrar.Roles:peer,orderer,client,user hf.Registrar.DelegateRoles:peer,orderer,client,user hf.Revoker:1 hf.IntermediateCA:1]  }]} Affiliations:map[org1:[department1 department2] org2:[department1]] LDAP:{ Enabled:false URL:ldap://****:****@<host>:<port>/<base> UserFilter:(uid=%s) GroupFilter:(memberUid=%s) Attribute:{[uid member] [{ }] map[groups:[{ }]]} TLS:{false [] { }}  } DB:{ Type:sqlite3 Datasource:/Users/nitishbhushan/Documents/nitish_operations/technical/tehnologies/hyperledger-fabric/b9lab_fabric/certification/b9Lab-HLF11/network/crypto-config/peerOrganizations/org1.com.au/ca/root/fabric-ca-server.db TLS:{false [] { }}  } CSP:0xc4202cd2c0 Client:<nil> Intermediate:{ParentServer:{ URL: CAName:  } TLS:{Enabled:false CertFiles:[] Client:{KeyFile: CertFile:}} Enrollment:{ Name: Secret:**** Profile: Label: CSR:<nil> CAName: AttrReqs:[]  }} CRL:{Expiry:24h0m0s}}
2018/10/27 14:11:44 [DEBUG] DB: Getting identity admin
2018/10/27 14:11:44 [DEBUG] DB: Login user admin with max enrollments of -1 and state of 3
2018/10/27 14:11:44 [DEBUG] DB: identity admin successfully logged in
2018/10/27 14:11:44 [DEBUG] Processing sign request: id=admin, CommonName=admin, Subject=<nil>
2018/10/27 14:11:44 [DEBUG] Request is not for a CA signing certificate
2018/10/27 14:11:44 [DEBUG] Checking CSR fields to make sure that they do not exceed maximum character limits
2018/10/27 14:11:44 [DEBUG] DB: Getting identity admin
2018/10/27 14:11:44 [DEBUG] Finished processing sign request
2018/10/27 14:11:44 [DEBUG] DB: Getting identity admin
2018/10/27 14:11:44 [INFO] signed certificate with serial number 504263236255351269894084764161636587022532135300
2018/10/27 14:11:44 [DEBUG] DB: Insert Certificate
2018/10/27 14:11:44 [DEBUG] Saved serial number as hex 5853f20fdd239fe1bee2f5dd27c36d7d220ac984
2018/10/27 14:11:44 [DEBUG] saved certificate with serial number 504263236255351269894084764161636587022532135300
2018/10/27 14:11:44 [DEBUG] Successfully incremented state for identity admin to 4
2018/10/27 14:11:44 [INFO] [::1]:51534 POST /enroll 201 0 "OK"
2018/10/27 14:11:44 [DEBUG] Received request for /register
2018/10/27 14:11:44 [DEBUG] Checking for revocation/expiration of certificate owned by 'admin'
2018/10/27 14:11:44 [DEBUG] DB: Get certificate by serial (128f8a9918952223dc4e26c9def87483bf707420) and aki (1747f3cc800c3babe967a91b74581d0e66d99e5b)
2018/10/27 14:11:44 [DEBUG] Successful token authentication of 'admin'
2018/10/27 14:11:44 [DEBUG] Received registration request from admin: { Name:peer1.org1.com.au Type:user Secret:**** MaxEnrollments:0 Affiliation:org1 Attributes:[] CAName:  }
2018/10/27 14:11:44 [DEBUG] DB: Getting identity admin
2018/10/27 14:11:44 [DEBUG] canRegister - Check to see if user 'admin' can register
2018/10/27 14:11:44 [DEBUG] Checking to see if caller 'admin' is a registrar
2018/10/27 14:11:44 [DEBUG] Validate Affiliation
2018/10/27 14:11:44 [DEBUG] Checking to see if affiliation 'org1' contains caller's affiliation ''
2018/10/27 14:11:44 [DEBUG] Caller has root affiliation
2018/10/27 14:11:44 [DEBUG] Validate ID
2018/10/27 14:11:44 [DEBUG] Validating affiliation: org1
2018/10/27 14:11:44 [DEBUG] DB: Get affiliation org1
2018/10/27 14:11:44 [DEBUG] Registering user id: peer1.org1.com.au
2018/10/27 14:11:44 [DEBUG] Max enrollment value verification - User specified max enrollment: 0, CA max enrollment: -1
2018/10/27 14:11:44 [DEBUG] DB: Getting identity peer1.org1.com.au
2018/10/27 14:11:44 [DEBUG] DB: Add identity peer1.org1.com.au
2018/10/27 14:11:44 [DEBUG] Successfully added identity peer1.org1.com.au to the database
2018/10/27 14:11:44 [INFO] [::1]:51537 POST /register 201 0 "OK"
2018/10/27 14:11:44 [DEBUG] Received request for /enroll
2018/10/27 14:11:44 [DEBUG] ca.Config: &{Version:1.1.1-snapshot-e656889 Cfg:{Identities:{AllowRemove:false} Affiliations:{AllowRemove:false}} CA:{Name: Keyfile:/Users/nitishbhushan/Documents/nitish_operations/technical/tehnologies/hyperledger-fabric/b9lab_fabric/certification/b9Lab-HLF11/network/crypto-config/peerOrganizations/org1.com.au/ca/root/ca-key.pem Certfile:/Users/nitishbhushan/Documents/nitish_operations/technical/tehnologies/hyperledger-fabric/b9lab_fabric/certification/b9Lab-HLF11/network/crypto-config/peerOrganizations/org1.com.au/ca/root/ca-cert.pem Chainfile:/Users/nitishbhushan/Documents/nitish_operations/technical/tehnologies/hyperledger-fabric/b9lab_fabric/certification/b9Lab-HLF11/network/crypto-config/peerOrganizations/org1.com.au/ca/root/ca-chain.pem} Signing:0xc4202f8e40 CSR:{CN:fabric-ca-server Names:[{C:US ST:North Carolina L: O:Hyperledger OU:Fabric SerialNumber:}] Hosts:[Nitishs-MacBook-Pro.local localhost] KeyRequest:0xc420302660 CA:0xc4202b30e0 SerialNumber:} Registry:{MaxEnrollments:-1 Identities:[{ Name:**** Pass:**** Type:client Affiliation: MaxEnrollments:0 Attrs:map[hf.Registrar.DelegateRoles:peer,orderer,client,user hf.Revoker:1 hf.IntermediateCA:1 hf.GenCRL:1 hf.Registrar.Attributes:* hf.AffiliationMgr:1 hf.Registrar.Roles:peer,orderer,client,user]  }]} Affiliations:map[org1:[department1 department2] org2:[department1]] LDAP:{ Enabled:false URL:ldap://****:****@<host>:<port>/<base> UserFilter:(uid=%s) GroupFilter:(memberUid=%s) Attribute:{[uid member] [{ }] map[groups:[{ }]]} TLS:{false [] { }}  } DB:{ Type:sqlite3 Datasource:/Users/nitishbhushan/Documents/nitish_operations/technical/tehnologies/hyperledger-fabric/b9lab_fabric/certification/b9Lab-HLF11/network/crypto-config/peerOrganizations/org1.com.au/ca/root/fabric-ca-server.db TLS:{false [] { }}  } CSP:0xc4202cd2c0 Client:<nil> Intermediate:{ParentServer:{ URL: CAName:  } TLS:{Enabled:false CertFiles:[] Client:{KeyFile: CertFile:}} Enrollment:{ Name: Secret:**** Profile: Label: CSR:<nil> CAName: AttrReqs:[]  }} CRL:{Expiry:24h0m0s}}
2018/10/27 14:11:44 [DEBUG] DB: Getting identity peer1.org1.com.au
2018/10/27 14:11:44 [DEBUG] DB: Login user peer1.org1.com.au with max enrollments of -1 and state of 0
2018/10/27 14:11:44 [DEBUG] DB: identity peer1.org1.com.au successfully logged in
2018/10/27 14:11:44 [DEBUG] Processing sign request: id=peer1.org1.com.au, CommonName=peer1.org1.com.au, Subject=<nil>
2018/10/27 14:11:44 [DEBUG] Request is not for a CA signing certificate
2018/10/27 14:11:44 [DEBUG] Checking CSR fields to make sure that they do not exceed maximum character limits
2018/10/27 14:11:44 [DEBUG] DB: Getting identity peer1.org1.com.au
2018/10/27 14:11:44 [DEBUG] Finished processing sign request
2018/10/27 14:11:44 [DEBUG] DB: Getting identity peer1.org1.com.au
2018/10/27 14:11:44 [DEBUG] Attribute extension being added to certificate is: &{ID:[1 2 3 4 5 6 7 8 1] Critical:false Value:7b226174747273223a7b2268662e416666696c696174696f6e223a226f726731222c2268662e456e726f6c6c6d656e744944223a2270656572312e6f7267312e636f6d2e6175222c2268662e54797065223a2275736572227d7d}
2018/10/27 14:11:44 [DEBUG] Adding attribute extension to CSR: &{ID:[1 2 3 4 5 6 7 8 1] Critical:false Value:7b226174747273223a7b2268662e416666696c696174696f6e223a226f726731222c2268662e456e726f6c6c6d656e744944223a2270656572312e6f7267312e636f6d2e6175222c2268662e54797065223a2275736572227d7d}
2018/10/27 14:11:44 [INFO] signed certificate with serial number 657489980932570251344770089644646291529682282570
2018/10/27 14:11:44 [DEBUG] DB: Insert Certificate
2018/10/27 14:11:44 [DEBUG] Saved serial number as hex 732aded3c56efa82d8dae832fb0b263b173e684a
2018/10/27 14:11:44 [DEBUG] saved certificate with serial number 657489980932570251344770089644646291529682282570
2018/10/27 14:11:44 [DEBUG] Successfully incremented state for identity peer1.org1.com.au to 1
2018/10/27 14:11:44 [INFO] [::1]:51540 POST /enroll 201 0 "OK"
2018/10/27 14:11:45 [DEBUG] Received request for /cainfo
2018/10/27 14:11:45 [INFO] [::1]:51543 POST /cainfo 200 0 "OK"
