2018/10/27 14:11:38 [INFO] Created default configuration file at /Users/nitishbhushan/Documents/nitish_operations/technical/tehnologies/hyperledger-fabric/b9lab_fabric/certification/b9Lab-HLF11/network/crypto-config/ordererOrganizations/hlf11.com.au/ca/root/fabric-ca-server-config.yaml
2018/10/27 14:11:38 [INFO] Starting server in home directory: /Users/nitishbhushan/Documents/nitish_operations/technical/tehnologies/hyperledger-fabric/b9lab_fabric/certification/b9Lab-HLF11/network/crypto-config/ordererOrganizations/hlf11.com.au/ca/root
2018/10/27 14:11:38 [INFO] Server Version: 1.1.1-snapshot-e656889
2018/10/27 14:11:38 [INFO] Server Levels: &{Identity:1 Affiliation:1 Certificate:1}
2018/10/27 14:11:38 [DEBUG] Making server filenames absolute
2018/10/27 14:11:38 [DEBUG] Initializing default CA in directory /Users/nitishbhushan/Documents/nitish_operations/technical/tehnologies/hyperledger-fabric/b9lab_fabric/certification/b9Lab-HLF11/network/crypto-config/ordererOrganizations/hlf11.com.au/ca/root
2018/10/27 14:11:38 [DEBUG] Init CA with home /Users/nitishbhushan/Documents/nitish_operations/technical/tehnologies/hyperledger-fabric/b9lab_fabric/certification/b9Lab-HLF11/network/crypto-config/ordererOrganizations/hlf11.com.au/ca/root and config {Version:1.1.1-snapshot-e656889 Cfg:{Identities:{AllowRemove:false} Affiliations:{AllowRemove:false}} CA:{Name: Keyfile: Certfile:ca-cert.pem Chainfile:ca-chain.pem} Signing:0xc42030ca10 CSR:{CN:fabric-ca-server Names:[{C:US ST:North Carolina L: O:Hyperledger OU:Fabric SerialNumber:}] Hosts:[Nitishs-MacBook-Pro.local localhost] KeyRequest:<nil> CA:0xc4202bcfc0 SerialNumber:} Registry:{MaxEnrollments:-1 Identities:[{ Name:**** Pass:**** Type:client Affiliation: MaxEnrollments:0 Attrs:map[hf.Revoker:1 hf.IntermediateCA:1 hf.GenCRL:1 hf.Registrar.Attributes:* hf.AffiliationMgr:1 hf.Registrar.Roles:peer,orderer,client,user hf.Registrar.DelegateRoles:peer,orderer,client,user]  }]} Affiliations:map[org1:[department1 department2] org2:[department1]] LDAP:{ Enabled:false URL:ldap://****:****@<host>:<port>/<base> UserFilter:(uid=%s) GroupFilter:(memberUid=%s) Attribute:{[uid member] [{ }] map[groups:[{ }]]} TLS:{false [] { }}  } DB:{ Type:sqlite3 Datasource:fabric-ca-server.db TLS:{false [] { }}  } CSP:0xc4202e3230 Client:<nil> Intermediate:{ParentServer:{ URL: CAName:  } TLS:{Enabled:false CertFiles:[] Client:{KeyFile: CertFile:}} Enrollment:{ Name: Secret:**** Profile: Label: CSR:<nil> CAName: AttrReqs:[]  }} CRL:{Expiry:24h0m0s}}
2018/10/27 14:11:38 [DEBUG] CA Home Directory: /Users/nitishbhushan/Documents/nitish_operations/technical/tehnologies/hyperledger-fabric/b9lab_fabric/certification/b9Lab-HLF11/network/crypto-config/ordererOrganizations/hlf11.com.au/ca/root
2018/10/27 14:11:38 [DEBUG] Checking configuration file version '1.1.1-snapshot-e656889' against server version: '1.1.1-snapshot-e656889'
2018/10/27 14:11:38 [DEBUG] Initializing BCCSP: &{ProviderName:SW SwOpts:0xc4202e3290 PluginOpts:<nil> Pkcs11Opts:<nil>}
2018/10/27 14:11:38 [DEBUG] Initializing BCCSP with software options &{SecLevel:256 HashFamily:SHA2 Ephemeral:false FileKeystore:0xc42030db00 DummyKeystore:<nil>}
2018/10/27 14:11:38 [DEBUG] Initialize key material
2018/10/27 14:11:38 [DEBUG] Making CA filenames absolute
2018/10/27 14:11:38 [DEBUG] Root CA certificate request: {CN:fabric-ca-server Names:[{C:US ST:North Carolina L: O:Hyperledger OU:Fabric SerialNumber:}] Hosts:[Nitishs-MacBook-Pro.local localhost] KeyRequest:0xc420316640 CA:0xc4202bcfc0 SerialNumber:}
2018/10/27 14:11:38 [INFO] generating key: &{A:ecdsa S:256}
2018/10/27 14:11:38 [DEBUG] generate key from request: algo=ecdsa, size=256
2018/10/27 14:11:38 [INFO] encoded CSR
2018/10/27 14:11:38 [DEBUG] validating configuration
2018/10/27 14:11:38 [DEBUG] validate local profile
2018/10/27 14:11:38 [DEBUG] profile is valid
2018/10/27 14:11:38 [INFO] signed certificate with serial number 63641410317688527595199245640702816856489116373
2018/10/27 14:11:38 [INFO] The CA key and certificate were generated for CA 
2018/10/27 14:11:38 [INFO] The key was stored by BCCSP provider 'SW'
2018/10/27 14:11:38 [INFO] The certificate is at: /Users/nitishbhushan/Documents/nitish_operations/technical/tehnologies/hyperledger-fabric/b9lab_fabric/certification/b9Lab-HLF11/network/crypto-config/ordererOrganizations/hlf11.com.au/ca/root/ca-cert.pem
2018/10/27 14:11:38 [DEBUG] Initializing DB
2018/10/27 14:11:38 [DEBUG] Initializing 'sqlite3' database at '/Users/nitishbhushan/Documents/nitish_operations/technical/tehnologies/hyperledger-fabric/b9lab_fabric/certification/b9Lab-HLF11/network/crypto-config/ordererOrganizations/hlf11.com.au/ca/root/fabric-ca-server.db'
2018/10/27 14:11:38 [DEBUG] Using sqlite database, connect to database in home (/Users/nitishbhushan/Documents/nitish_operations/technical/tehnologies/hyperledger-fabric/b9lab_fabric/certification/b9Lab-HLF11/network/crypto-config/ordererOrganizations/hlf11.com.au/ca/root/fabric-ca-server.db) directory
2018/10/27 14:11:38 [DEBUG] Creating SQLite database (/Users/nitishbhushan/Documents/nitish_operations/technical/tehnologies/hyperledger-fabric/b9lab_fabric/certification/b9Lab-HLF11/network/crypto-config/ordererOrganizations/hlf11.com.au/ca/root/fabric-ca-server.db) if it does not exist...
2018/10/27 14:11:38 [DEBUG] Creating users table if it does not exist
2018/10/27 14:11:38 [DEBUG] Creating affiliations table if it does not exist
2018/10/27 14:11:38 [DEBUG] Creating certificates table if it does not exist
2018/10/27 14:11:38 [DEBUG] Creating properties table if it does not exist
2018/10/27 14:11:38 [DEBUG] Successfully opened sqlite3 DB
2018/10/27 14:11:38 [DEBUG] Checking database schema...
2018/10/27 14:11:38 [DEBUG] Update SQLite schema, if using outdated schema
2018/10/27 14:11:38 [DEBUG] Upgrade identities table
2018/10/27 14:11:38 [DEBUG] Creating users table if it does not exist
2018/10/27 14:11:38 [DEBUG] Upgrade affiliation table
2018/10/27 14:11:38 [DEBUG] Creating affiliations table if it does not exist
2018/10/27 14:11:38 [DEBUG] Upgrade certificates table
2018/10/27 14:11:38 [DEBUG] Creating certificates table if it does not exist
2018/10/27 14:11:38 [DEBUG] Initializing identity registry
2018/10/27 14:11:38 [DEBUG] Initialized DB identity registry
2018/10/27 14:11:38 [DEBUG] DB: Get properties [identity.level affiliation.level certificate.level]
2018/10/27 14:11:38 [DEBUG] Checking database levels 'map[affiliation.level:0 certificate.level:0 identity.level:0]' against server levels '&{Identity:1 Affiliation:1 Certificate:1}'
2018/10/27 14:11:38 [DEBUG] Loading identity table
2018/10/27 14:11:38 [DEBUG] Loading identity 'admin'
2018/10/27 14:11:38 [DEBUG] DB: Getting identity admin
2018/10/27 14:11:38 [DEBUG] Max enrollment value verification - User specified max enrollment: 0, CA max enrollment: -1
2018/10/27 14:11:38 [DEBUG] DB: Add identity admin
2018/10/27 14:11:38 [DEBUG] Successfully added identity admin to the database
2018/10/27 14:11:38 [DEBUG] Registered identity: { Name:**** Pass:**** Type:client Affiliation: MaxEnrollments:-1 Attrs:map[hf.Registrar.Roles:peer,orderer,client,user hf.Registrar.DelegateRoles:peer,orderer,client,user hf.Revoker:1 hf.IntermediateCA:1 hf.GenCRL:1 hf.Registrar.Attributes:* hf.AffiliationMgr:1]  }
2018/10/27 14:11:38 [DEBUG] Successfully loaded identity table
2018/10/27 14:11:38 [DEBUG] Loading affiliations table
2018/10/27 14:11:38 [DEBUG] DB: Add affiliation org1
2018/10/27 14:11:38 [DEBUG] Affiliation 'org1' added
2018/10/27 14:11:38 [DEBUG] DB: Add affiliation org1.department1
2018/10/27 14:11:38 [DEBUG] Affiliation 'org1.department1' added
2018/10/27 14:11:38 [DEBUG] DB: Add affiliation org1.department2
2018/10/27 14:11:38 [DEBUG] Affiliation 'org1.department2' added
2018/10/27 14:11:38 [DEBUG] DB: Add affiliation org2
2018/10/27 14:11:38 [DEBUG] Affiliation 'org2' added
2018/10/27 14:11:38 [DEBUG] DB: Add affiliation org2.department1
2018/10/27 14:11:38 [DEBUG] Affiliation 'org2.department1' added
2018/10/27 14:11:38 [DEBUG] Successfully loaded affiliations table
2018/10/27 14:11:38 [DEBUG] Checking and performing migration, if needed
2018/10/27 14:11:38 [DEBUG] Updating database level to &{Identity:1 Affiliation:1 Certificate:1}
2018/10/27 14:11:38 [INFO] Initialized sqlite3 database at /Users/nitishbhushan/Documents/nitish_operations/technical/tehnologies/hyperledger-fabric/b9lab_fabric/certification/b9Lab-HLF11/network/crypto-config/ordererOrganizations/hlf11.com.au/ca/root/fabric-ca-server.db
2018/10/27 14:11:38 [DEBUG] Initializing enrollment signer
2018/10/27 14:11:38 [DEBUG] validating configuration
2018/10/27 14:11:38 [DEBUG] validate local profile
2018/10/27 14:11:38 [DEBUG] profile is valid
2018/10/27 14:11:38 [DEBUG] validate local profile
2018/10/27 14:11:38 [DEBUG] profile is valid
2018/10/27 14:11:38 [DEBUG] validate local profile
2018/10/27 14:11:38 [DEBUG] profile is valid
2018/10/27 14:11:38 [DEBUG] CA initialization successful
2018/10/27 14:11:38 [INFO] Home directory for default CA: /Users/nitishbhushan/Documents/nitish_operations/technical/tehnologies/hyperledger-fabric/b9lab_fabric/certification/b9Lab-HLF11/network/crypto-config/ordererOrganizations/hlf11.com.au/ca/root
2018/10/27 14:11:38 [DEBUG] 1 CA instance(s) running on server
2018/10/27 14:11:38 [INFO] Listening on http://0.0.0.0:7100
2018/10/27 14:11:39 [DEBUG] Received request for /enroll
2018/10/27 14:11:39 [DEBUG] ca.Config: &{Version:1.1.1-snapshot-e656889 Cfg:{Identities:{AllowRemove:false} Affiliations:{AllowRemove:false}} CA:{Name: Keyfile:/Users/nitishbhushan/Documents/nitish_operations/technical/tehnologies/hyperledger-fabric/b9lab_fabric/certification/b9Lab-HLF11/network/crypto-config/ordererOrganizations/hlf11.com.au/ca/root/ca-key.pem Certfile:/Users/nitishbhushan/Documents/nitish_operations/technical/tehnologies/hyperledger-fabric/b9lab_fabric/certification/b9Lab-HLF11/network/crypto-config/ordererOrganizations/hlf11.com.au/ca/root/ca-cert.pem Chainfile:/Users/nitishbhushan/Documents/nitish_operations/technical/tehnologies/hyperledger-fabric/b9lab_fabric/certification/b9Lab-HLF11/network/crypto-config/ordererOrganizations/hlf11.com.au/ca/root/ca-chain.pem} Signing:0xc42030ca10 CSR:{CN:fabric-ca-server Names:[{C:US ST:North Carolina L: O:Hyperledger OU:Fabric SerialNumber:}] Hosts:[Nitishs-MacBook-Pro.local localhost] KeyRequest:0xc420316620 CA:0xc4202bcfc0 SerialNumber:} Registry:{MaxEnrollments:-1 Identities:[{ Name:**** Pass:**** Type:client Affiliation: MaxEnrollments:0 Attrs:map[hf.IntermediateCA:1 hf.GenCRL:1 hf.Registrar.Attributes:* hf.AffiliationMgr:1 hf.Registrar.Roles:peer,orderer,client,user hf.Registrar.DelegateRoles:peer,orderer,client,user hf.Revoker:1]  }]} Affiliations:map[org2:[department1] org1:[department1 department2]] LDAP:{ Enabled:false URL:ldap://****:****@<host>:<port>/<base> UserFilter:(uid=%s) GroupFilter:(memberUid=%s) Attribute:{[uid member] [{ }] map[groups:[{ }]]} TLS:{false [] { }}  } DB:{ Type:sqlite3 Datasource:/Users/nitishbhushan/Documents/nitish_operations/technical/tehnologies/hyperledger-fabric/b9lab_fabric/certification/b9Lab-HLF11/network/crypto-config/ordererOrganizations/hlf11.com.au/ca/root/fabric-ca-server.db TLS:{false [] { }}  } CSP:0xc4202e3230 Client:<nil> Intermediate:{ParentServer:{ URL: CAName:  } TLS:{Enabled:false CertFiles:[] Client:{KeyFile: CertFile:}} Enrollment:{ Name: Secret:**** Profile: Label: CSR:<nil> CAName: AttrReqs:[]  }} CRL:{Expiry:24h0m0s}}
2018/10/27 14:11:39 [DEBUG] DB: Getting identity admin
2018/10/27 14:11:39 [DEBUG] DB: Login user admin with max enrollments of -1 and state of 0
2018/10/27 14:11:39 [DEBUG] DB: identity admin successfully logged in
2018/10/27 14:11:39 [DEBUG] Processing sign request: id=admin, CommonName=admin, Subject=<nil>
2018/10/27 14:11:39 [DEBUG] Request is not for a CA signing certificate
2018/10/27 14:11:39 [DEBUG] Checking CSR fields to make sure that they do not exceed maximum character limits
2018/10/27 14:11:39 [DEBUG] DB: Getting identity admin
2018/10/27 14:11:39 [DEBUG] Finished processing sign request
2018/10/27 14:11:39 [DEBUG] DB: Getting identity admin
2018/10/27 14:11:39 [INFO] signed certificate with serial number 82121329866999137516753000445689458444779213276
2018/10/27 14:11:39 [DEBUG] DB: Insert Certificate
2018/10/27 14:11:39 [DEBUG] Saved serial number as hex e6272a25a078cca1e52690265f823d3e24951dc
2018/10/27 14:11:39 [DEBUG] saved certificate with serial number 82121329866999137516753000445689458444779213276
2018/10/27 14:11:39 [DEBUG] Successfully incremented state for identity admin to 1
2018/10/27 14:11:39 [INFO] [::1]:51471 POST /enroll 201 0 "OK"
2018/10/27 14:11:39 [DEBUG] Received request for /enroll
2018/10/27 14:11:39 [DEBUG] ca.Config: &{Version:1.1.1-snapshot-e656889 Cfg:{Identities:{AllowRemove:false} Affiliations:{AllowRemove:false}} CA:{Name: Keyfile:/Users/nitishbhushan/Documents/nitish_operations/technical/tehnologies/hyperledger-fabric/b9lab_fabric/certification/b9Lab-HLF11/network/crypto-config/ordererOrganizations/hlf11.com.au/ca/root/ca-key.pem Certfile:/Users/nitishbhushan/Documents/nitish_operations/technical/tehnologies/hyperledger-fabric/b9lab_fabric/certification/b9Lab-HLF11/network/crypto-config/ordererOrganizations/hlf11.com.au/ca/root/ca-cert.pem Chainfile:/Users/nitishbhushan/Documents/nitish_operations/technical/tehnologies/hyperledger-fabric/b9lab_fabric/certification/b9Lab-HLF11/network/crypto-config/ordererOrganizations/hlf11.com.au/ca/root/ca-chain.pem} Signing:0xc42030ca10 CSR:{CN:fabric-ca-server Names:[{C:US ST:North Carolina L: O:Hyperledger OU:Fabric SerialNumber:}] Hosts:[Nitishs-MacBook-Pro.local localhost] KeyRequest:0xc420316620 CA:0xc4202bcfc0 SerialNumber:} Registry:{MaxEnrollments:-1 Identities:[{ Name:**** Pass:**** Type:client Affiliation: MaxEnrollments:0 Attrs:map[hf.IntermediateCA:1 hf.GenCRL:1 hf.Registrar.Attributes:* hf.AffiliationMgr:1 hf.Registrar.Roles:peer,orderer,client,user hf.Registrar.DelegateRoles:peer,orderer,client,user hf.Revoker:1]  }]} Affiliations:map[org2:[department1] org1:[department1 department2]] LDAP:{ Enabled:false URL:ldap://****:****@<host>:<port>/<base> UserFilter:(uid=%s) GroupFilter:(memberUid=%s) Attribute:{[uid member] [{ }] map[groups:[{ }]]} TLS:{false [] { }}  } DB:{ Type:sqlite3 Datasource:/Users/nitishbhushan/Documents/nitish_operations/technical/tehnologies/hyperledger-fabric/b9lab_fabric/certification/b9Lab-HLF11/network/crypto-config/ordererOrganizations/hlf11.com.au/ca/root/fabric-ca-server.db TLS:{false [] { }}  } CSP:0xc4202e3230 Client:<nil> Intermediate:{ParentServer:{ URL: CAName:  } TLS:{Enabled:false CertFiles:[] Client:{KeyFile: CertFile:}} Enrollment:{ Name: Secret:**** Profile: Label: CSR:<nil> CAName: AttrReqs:[]  }} CRL:{Expiry:24h0m0s}}
2018/10/27 14:11:39 [DEBUG] DB: Getting identity admin
2018/10/27 14:11:39 [DEBUG] DB: Login user admin with max enrollments of -1 and state of 1
2018/10/27 14:11:40 [DEBUG] DB: identity admin successfully logged in
2018/10/27 14:11:40 [DEBUG] Processing sign request: id=admin, CommonName=admin, Subject=<nil>
2018/10/27 14:11:40 [DEBUG] Request is not for a CA signing certificate
2018/10/27 14:11:40 [DEBUG] Checking CSR fields to make sure that they do not exceed maximum character limits
2018/10/27 14:11:40 [DEBUG] DB: Getting identity admin
2018/10/27 14:11:40 [DEBUG] Finished processing sign request
2018/10/27 14:11:40 [DEBUG] DB: Getting identity admin
2018/10/27 14:11:40 [INFO] signed certificate with serial number 496978396249665866401348392440176613562165601171
2018/10/27 14:11:40 [DEBUG] DB: Insert Certificate
2018/10/27 14:11:40 [DEBUG] Saved serial number as hex 570d48332e35aa1ec38beeb9a0d7df42b845a393
2018/10/27 14:11:40 [DEBUG] saved certificate with serial number 496978396249665866401348392440176613562165601171
2018/10/27 14:11:40 [DEBUG] Successfully incremented state for identity admin to 2
2018/10/27 14:11:40 [INFO] [::1]:51474 POST /enroll 201 0 "OK"
2018/10/27 14:11:40 [DEBUG] Received request for /register
2018/10/27 14:11:40 [DEBUG] Checking for revocation/expiration of certificate owned by 'admin'
2018/10/27 14:11:40 [DEBUG] DB: Get certificate by serial (570d48332e35aa1ec38beeb9a0d7df42b845a393) and aki (82ea7da2c6585c3f1e8fee5159c250249b172afa)
2018/10/27 14:11:40 [DEBUG] Successful token authentication of 'admin'
2018/10/27 14:11:40 [DEBUG] Received registration request from admin: { Name:nodeAdmin Type:user Secret:**** MaxEnrollments:0 Affiliation:org1 Attributes:[] CAName:  }
2018/10/27 14:11:40 [DEBUG] DB: Getting identity admin
2018/10/27 14:11:40 [DEBUG] canRegister - Check to see if user 'admin' can register
2018/10/27 14:11:40 [DEBUG] Checking to see if caller 'admin' is a registrar
2018/10/27 14:11:40 [DEBUG] Validate Affiliation
2018/10/27 14:11:40 [DEBUG] Checking to see if affiliation 'org1' contains caller's affiliation ''
2018/10/27 14:11:40 [DEBUG] Caller has root affiliation
2018/10/27 14:11:40 [DEBUG] Validate ID
2018/10/27 14:11:40 [DEBUG] Validating affiliation: org1
2018/10/27 14:11:40 [DEBUG] DB: Get affiliation org1
2018/10/27 14:11:40 [DEBUG] Registering user id: nodeAdmin
2018/10/27 14:11:40 [DEBUG] Max enrollment value verification - User specified max enrollment: 0, CA max enrollment: -1
2018/10/27 14:11:40 [DEBUG] DB: Getting identity nodeAdmin
2018/10/27 14:11:40 [DEBUG] DB: Add identity nodeAdmin
2018/10/27 14:11:40 [DEBUG] Successfully added identity nodeAdmin to the database
2018/10/27 14:11:40 [INFO] [::1]:51477 POST /register 201 0 "OK"
2018/10/27 14:11:40 [DEBUG] Received request for /enroll
2018/10/27 14:11:40 [DEBUG] ca.Config: &{Version:1.1.1-snapshot-e656889 Cfg:{Identities:{AllowRemove:false} Affiliations:{AllowRemove:false}} CA:{Name: Keyfile:/Users/nitishbhushan/Documents/nitish_operations/technical/tehnologies/hyperledger-fabric/b9lab_fabric/certification/b9Lab-HLF11/network/crypto-config/ordererOrganizations/hlf11.com.au/ca/root/ca-key.pem Certfile:/Users/nitishbhushan/Documents/nitish_operations/technical/tehnologies/hyperledger-fabric/b9lab_fabric/certification/b9Lab-HLF11/network/crypto-config/ordererOrganizations/hlf11.com.au/ca/root/ca-cert.pem Chainfile:/Users/nitishbhushan/Documents/nitish_operations/technical/tehnologies/hyperledger-fabric/b9lab_fabric/certification/b9Lab-HLF11/network/crypto-config/ordererOrganizations/hlf11.com.au/ca/root/ca-chain.pem} Signing:0xc42030ca10 CSR:{CN:fabric-ca-server Names:[{C:US ST:North Carolina L: O:Hyperledger OU:Fabric SerialNumber:}] Hosts:[Nitishs-MacBook-Pro.local localhost] KeyRequest:0xc420316620 CA:0xc4202bcfc0 SerialNumber:} Registry:{MaxEnrollments:-1 Identities:[{ Name:**** Pass:**** Type:client Affiliation: MaxEnrollments:0 Attrs:map[hf.AffiliationMgr:1 hf.Registrar.Roles:peer,orderer,client,user hf.Registrar.DelegateRoles:peer,orderer,client,user hf.Revoker:1 hf.IntermediateCA:1 hf.GenCRL:1 hf.Registrar.Attributes:*]  }]} Affiliations:map[org1:[department1 department2] org2:[department1]] LDAP:{ Enabled:false URL:ldap://****:****@<host>:<port>/<base> UserFilter:(uid=%s) GroupFilter:(memberUid=%s) Attribute:{[uid member] [{ }] map[groups:[{ }]]} TLS:{false [] { }}  } DB:{ Type:sqlite3 Datasource:/Users/nitishbhushan/Documents/nitish_operations/technical/tehnologies/hyperledger-fabric/b9lab_fabric/certification/b9Lab-HLF11/network/crypto-config/ordererOrganizations/hlf11.com.au/ca/root/fabric-ca-server.db TLS:{false [] { }}  } CSP:0xc4202e3230 Client:<nil> Intermediate:{ParentServer:{ URL: CAName:  } TLS:{Enabled:false CertFiles:[] Client:{KeyFile: CertFile:}} Enrollment:{ Name: Secret:**** Profile: Label: CSR:<nil> CAName: AttrReqs:[]  }} CRL:{Expiry:24h0m0s}}
2018/10/27 14:11:40 [DEBUG] DB: Getting identity nodeAdmin
2018/10/27 14:11:40 [DEBUG] DB: Login user nodeAdmin with max enrollments of -1 and state of 0
2018/10/27 14:11:40 [DEBUG] DB: identity nodeAdmin successfully logged in
2018/10/27 14:11:40 [DEBUG] Processing sign request: id=nodeAdmin, CommonName=nodeAdmin, Subject=<nil>
2018/10/27 14:11:40 [DEBUG] Request is not for a CA signing certificate
2018/10/27 14:11:40 [DEBUG] Checking CSR fields to make sure that they do not exceed maximum character limits
2018/10/27 14:11:40 [DEBUG] DB: Getting identity nodeAdmin
2018/10/27 14:11:40 [DEBUG] Finished processing sign request
2018/10/27 14:11:40 [DEBUG] DB: Getting identity nodeAdmin
2018/10/27 14:11:40 [DEBUG] Attribute extension being added to certificate is: &{ID:[1 2 3 4 5 6 7 8 1] Critical:false Value:7b226174747273223a7b2268662e416666696c696174696f6e223a226f726731222c2268662e456e726f6c6c6d656e744944223a226e6f646541646d696e222c2268662e54797065223a2275736572227d7d}
2018/10/27 14:11:40 [DEBUG] Adding attribute extension to CSR: &{ID:[1 2 3 4 5 6 7 8 1] Critical:false Value:7b226174747273223a7b2268662e416666696c696174696f6e223a226f726731222c2268662e456e726f6c6c6d656e744944223a226e6f646541646d696e222c2268662e54797065223a2275736572227d7d}
2018/10/27 14:11:40 [INFO] signed certificate with serial number 475748692670835297172022967922216939454410686857
2018/10/27 14:11:40 [DEBUG] DB: Insert Certificate
2018/10/27 14:11:40 [DEBUG] Saved serial number as hex 53554f279d3832d1f5d4441553110c5790728189
2018/10/27 14:11:40 [DEBUG] saved certificate with serial number 475748692670835297172022967922216939454410686857
2018/10/27 14:11:40 [DEBUG] Successfully incremented state for identity nodeAdmin to 1
2018/10/27 14:11:40 [INFO] [::1]:51481 POST /enroll 201 0 "OK"
2018/10/27 14:11:40 [DEBUG] Received request for /register
2018/10/27 14:11:40 [DEBUG] Checking for revocation/expiration of certificate owned by 'admin'
2018/10/27 14:11:40 [DEBUG] DB: Get certificate by serial (570d48332e35aa1ec38beeb9a0d7df42b845a393) and aki (82ea7da2c6585c3f1e8fee5159c250249b172afa)
2018/10/27 14:11:40 [DEBUG] Successful token authentication of 'admin'
2018/10/27 14:11:40 [DEBUG] Received registration request from admin: { Name:User1@hlf11.com.au Type:user Secret:**** MaxEnrollments:0 Affiliation:org1 Attributes:[] CAName:  }
2018/10/27 14:11:40 [DEBUG] DB: Getting identity admin
2018/10/27 14:11:40 [DEBUG] canRegister - Check to see if user 'admin' can register
2018/10/27 14:11:40 [DEBUG] Checking to see if caller 'admin' is a registrar
2018/10/27 14:11:40 [DEBUG] Validate Affiliation
2018/10/27 14:11:40 [DEBUG] Checking to see if affiliation 'org1' contains caller's affiliation ''
2018/10/27 14:11:40 [DEBUG] Caller has root affiliation
2018/10/27 14:11:40 [DEBUG] Validate ID
2018/10/27 14:11:40 [DEBUG] Validating affiliation: org1
2018/10/27 14:11:40 [DEBUG] DB: Get affiliation org1
2018/10/27 14:11:40 [DEBUG] Registering user id: User1@hlf11.com.au
2018/10/27 14:11:40 [DEBUG] Max enrollment value verification - User specified max enrollment: 0, CA max enrollment: -1
2018/10/27 14:11:40 [DEBUG] DB: Getting identity User1@hlf11.com.au
2018/10/27 14:11:40 [DEBUG] DB: Add identity User1@hlf11.com.au
2018/10/27 14:11:40 [DEBUG] Successfully added identity User1@hlf11.com.au to the database
2018/10/27 14:11:40 [INFO] [::1]:51485 POST /register 201 0 "OK"
2018/10/27 14:11:40 [DEBUG] Received request for /enroll
2018/10/27 14:11:40 [DEBUG] ca.Config: &{Version:1.1.1-snapshot-e656889 Cfg:{Identities:{AllowRemove:false} Affiliations:{AllowRemove:false}} CA:{Name: Keyfile:/Users/nitishbhushan/Documents/nitish_operations/technical/tehnologies/hyperledger-fabric/b9lab_fabric/certification/b9Lab-HLF11/network/crypto-config/ordererOrganizations/hlf11.com.au/ca/root/ca-key.pem Certfile:/Users/nitishbhushan/Documents/nitish_operations/technical/tehnologies/hyperledger-fabric/b9lab_fabric/certification/b9Lab-HLF11/network/crypto-config/ordererOrganizations/hlf11.com.au/ca/root/ca-cert.pem Chainfile:/Users/nitishbhushan/Documents/nitish_operations/technical/tehnologies/hyperledger-fabric/b9lab_fabric/certification/b9Lab-HLF11/network/crypto-config/ordererOrganizations/hlf11.com.au/ca/root/ca-chain.pem} Signing:0xc42030ca10 CSR:{CN:fabric-ca-server Names:[{C:US ST:North Carolina L: O:Hyperledger OU:Fabric SerialNumber:}] Hosts:[Nitishs-MacBook-Pro.local localhost] KeyRequest:0xc420316620 CA:0xc4202bcfc0 SerialNumber:} Registry:{MaxEnrollments:-1 Identities:[{ Name:**** Pass:**** Type:client Affiliation: MaxEnrollments:0 Attrs:map[hf.GenCRL:1 hf.Registrar.Attributes:* hf.AffiliationMgr:1 hf.Registrar.Roles:peer,orderer,client,user hf.Registrar.DelegateRoles:peer,orderer,client,user hf.Revoker:1 hf.IntermediateCA:1]  }]} Affiliations:map[org1:[department1 department2] org2:[department1]] LDAP:{ Enabled:false URL:ldap://****:****@<host>:<port>/<base> UserFilter:(uid=%s) GroupFilter:(memberUid=%s) Attribute:{[uid member] [{ }] map[groups:[{ }]]} TLS:{false [] { }}  } DB:{ Type:sqlite3 Datasource:/Users/nitishbhushan/Documents/nitish_operations/technical/tehnologies/hyperledger-fabric/b9lab_fabric/certification/b9Lab-HLF11/network/crypto-config/ordererOrganizations/hlf11.com.au/ca/root/fabric-ca-server.db TLS:{false [] { }}  } CSP:0xc4202e3230 Client:<nil> Intermediate:{ParentServer:{ URL: CAName:  } TLS:{Enabled:false CertFiles:[] Client:{KeyFile: CertFile:}} Enrollment:{ Name: Secret:**** Profile: Label: CSR:<nil> CAName: AttrReqs:[]  }} CRL:{Expiry:24h0m0s}}
2018/10/27 14:11:40 [DEBUG] DB: Getting identity User1@hlf11.com.au
2018/10/27 14:11:40 [DEBUG] DB: Login user User1@hlf11.com.au with max enrollments of -1 and state of 0
2018/10/27 14:11:40 [DEBUG] DB: identity User1@hlf11.com.au successfully logged in
2018/10/27 14:11:40 [DEBUG] Processing sign request: id=User1@hlf11.com.au, CommonName=User1@hlf11.com.au, Subject=<nil>
2018/10/27 14:11:40 [DEBUG] Request is not for a CA signing certificate
2018/10/27 14:11:40 [DEBUG] Checking CSR fields to make sure that they do not exceed maximum character limits
2018/10/27 14:11:40 [DEBUG] DB: Getting identity User1@hlf11.com.au
2018/10/27 14:11:40 [DEBUG] Finished processing sign request
2018/10/27 14:11:40 [DEBUG] DB: Getting identity User1@hlf11.com.au
2018/10/27 14:11:40 [DEBUG] Attribute extension being added to certificate is: &{ID:[1 2 3 4 5 6 7 8 1] Critical:false Value:7b226174747273223a7b2268662e416666696c696174696f6e223a226f726731222c2268662e456e726f6c6c6d656e744944223a22557365723140686c6631312e636f6d2e6175222c2268662e54797065223a2275736572227d7d}
2018/10/27 14:11:40 [DEBUG] Adding attribute extension to CSR: &{ID:[1 2 3 4 5 6 7 8 1] Critical:false Value:7b226174747273223a7b2268662e416666696c696174696f6e223a226f726731222c2268662e456e726f6c6c6d656e744944223a22557365723140686c6631312e636f6d2e6175222c2268662e54797065223a2275736572227d7d}
2018/10/27 14:11:40 [INFO] signed certificate with serial number 212661853802642397244306992200533458290439898203
2018/10/27 14:11:40 [DEBUG] DB: Insert Certificate
2018/10/27 14:11:40 [DEBUG] Saved serial number as hex 2540165b7374f4921f4bbd3c4e7582a76448445b
2018/10/27 14:11:40 [DEBUG] saved certificate with serial number 212661853802642397244306992200533458290439898203
2018/10/27 14:11:40 [DEBUG] Successfully incremented state for identity User1@hlf11.com.au to 1
2018/10/27 14:11:40 [INFO] [::1]:51488 POST /enroll 201 0 "OK"
2018/10/27 14:11:40 [DEBUG] Received request for /enroll
2018/10/27 14:11:40 [DEBUG] ca.Config: &{Version:1.1.1-snapshot-e656889 Cfg:{Identities:{AllowRemove:false} Affiliations:{AllowRemove:false}} CA:{Name: Keyfile:/Users/nitishbhushan/Documents/nitish_operations/technical/tehnologies/hyperledger-fabric/b9lab_fabric/certification/b9Lab-HLF11/network/crypto-config/ordererOrganizations/hlf11.com.au/ca/root/ca-key.pem Certfile:/Users/nitishbhushan/Documents/nitish_operations/technical/tehnologies/hyperledger-fabric/b9lab_fabric/certification/b9Lab-HLF11/network/crypto-config/ordererOrganizations/hlf11.com.au/ca/root/ca-cert.pem Chainfile:/Users/nitishbhushan/Documents/nitish_operations/technical/tehnologies/hyperledger-fabric/b9lab_fabric/certification/b9Lab-HLF11/network/crypto-config/ordererOrganizations/hlf11.com.au/ca/root/ca-chain.pem} Signing:0xc42030ca10 CSR:{CN:fabric-ca-server Names:[{C:US ST:North Carolina L: O:Hyperledger OU:Fabric SerialNumber:}] Hosts:[Nitishs-MacBook-Pro.local localhost] KeyRequest:0xc420316620 CA:0xc4202bcfc0 SerialNumber:} Registry:{MaxEnrollments:-1 Identities:[{ Name:**** Pass:**** Type:client Affiliation: MaxEnrollments:0 Attrs:map[hf.IntermediateCA:1 hf.GenCRL:1 hf.Registrar.Attributes:* hf.AffiliationMgr:1 hf.Registrar.Roles:peer,orderer,client,user hf.Registrar.DelegateRoles:peer,orderer,client,user hf.Revoker:1]  }]} Affiliations:map[org2:[department1] org1:[department1 department2]] LDAP:{ Enabled:false URL:ldap://****:****@<host>:<port>/<base> UserFilter:(uid=%s) GroupFilter:(memberUid=%s) Attribute:{[uid member] [{ }] map[groups:[{ }]]} TLS:{false [] { }}  } DB:{ Type:sqlite3 Datasource:/Users/nitishbhushan/Documents/nitish_operations/technical/tehnologies/hyperledger-fabric/b9lab_fabric/certification/b9Lab-HLF11/network/crypto-config/ordererOrganizations/hlf11.com.au/ca/root/fabric-ca-server.db TLS:{false [] { }}  } CSP:0xc4202e3230 Client:<nil> Intermediate:{ParentServer:{ URL: CAName:  } TLS:{Enabled:false CertFiles:[] Client:{KeyFile: CertFile:}} Enrollment:{ Name: Secret:**** Profile: Label: CSR:<nil> CAName: AttrReqs:[]  }} CRL:{Expiry:24h0m0s}}
2018/10/27 14:11:40 [DEBUG] DB: Getting identity admin
2018/10/27 14:11:40 [DEBUG] DB: Login user admin with max enrollments of -1 and state of 2
2018/10/27 14:11:40 [DEBUG] DB: identity admin successfully logged in
2018/10/27 14:11:40 [DEBUG] Processing sign request: id=admin, CommonName=admin, Subject=<nil>
2018/10/27 14:11:40 [DEBUG] Request is not for a CA signing certificate
2018/10/27 14:11:40 [DEBUG] Checking CSR fields to make sure that they do not exceed maximum character limits
2018/10/27 14:11:40 [DEBUG] DB: Getting identity admin
2018/10/27 14:11:40 [DEBUG] Finished processing sign request
2018/10/27 14:11:40 [DEBUG] DB: Getting identity admin
2018/10/27 14:11:40 [INFO] signed certificate with serial number 537471878529213203273201184658703245444927946946
2018/10/27 14:11:40 [DEBUG] DB: Insert Certificate
2018/10/27 14:11:40 [DEBUG] Saved serial number as hex 5e25129457a313ab42d9f1d636f474a769df80c2
2018/10/27 14:11:40 [DEBUG] saved certificate with serial number 537471878529213203273201184658703245444927946946
2018/10/27 14:11:40 [DEBUG] Successfully incremented state for identity admin to 3
2018/10/27 14:11:40 [INFO] [::1]:51491 POST /enroll 201 0 "OK"
2018/10/27 14:11:41 [DEBUG] Received request for /register
2018/10/27 14:11:41 [DEBUG] Checking for revocation/expiration of certificate owned by 'admin'
2018/10/27 14:11:41 [DEBUG] DB: Get certificate by serial (570d48332e35aa1ec38beeb9a0d7df42b845a393) and aki (82ea7da2c6585c3f1e8fee5159c250249b172afa)
2018/10/27 14:11:41 [DEBUG] Successful token authentication of 'admin'
2018/10/27 14:11:41 [DEBUG] Received registration request from admin: { Name:orderer.hlf11.com.au Type:user Secret:**** MaxEnrollments:0 Affiliation:org1 Attributes:[] CAName:  }
2018/10/27 14:11:41 [DEBUG] DB: Getting identity admin
2018/10/27 14:11:41 [DEBUG] canRegister - Check to see if user 'admin' can register
2018/10/27 14:11:41 [DEBUG] Checking to see if caller 'admin' is a registrar
2018/10/27 14:11:41 [DEBUG] Validate Affiliation
2018/10/27 14:11:41 [DEBUG] Checking to see if affiliation 'org1' contains caller's affiliation ''
2018/10/27 14:11:41 [DEBUG] Caller has root affiliation
2018/10/27 14:11:41 [DEBUG] Validate ID
2018/10/27 14:11:41 [DEBUG] Validating affiliation: org1
2018/10/27 14:11:41 [DEBUG] DB: Get affiliation org1
2018/10/27 14:11:41 [DEBUG] Registering user id: orderer.hlf11.com.au
2018/10/27 14:11:41 [DEBUG] Max enrollment value verification - User specified max enrollment: 0, CA max enrollment: -1
2018/10/27 14:11:41 [DEBUG] DB: Getting identity orderer.hlf11.com.au
2018/10/27 14:11:41 [DEBUG] DB: Add identity orderer.hlf11.com.au
2018/10/27 14:11:41 [DEBUG] Successfully added identity orderer.hlf11.com.au to the database
2018/10/27 14:11:41 [INFO] [::1]:51495 POST /register 201 0 "OK"
2018/10/27 14:11:41 [DEBUG] Received request for /enroll
2018/10/27 14:11:41 [DEBUG] ca.Config: &{Version:1.1.1-snapshot-e656889 Cfg:{Identities:{AllowRemove:false} Affiliations:{AllowRemove:false}} CA:{Name: Keyfile:/Users/nitishbhushan/Documents/nitish_operations/technical/tehnologies/hyperledger-fabric/b9lab_fabric/certification/b9Lab-HLF11/network/crypto-config/ordererOrganizations/hlf11.com.au/ca/root/ca-key.pem Certfile:/Users/nitishbhushan/Documents/nitish_operations/technical/tehnologies/hyperledger-fabric/b9lab_fabric/certification/b9Lab-HLF11/network/crypto-config/ordererOrganizations/hlf11.com.au/ca/root/ca-cert.pem Chainfile:/Users/nitishbhushan/Documents/nitish_operations/technical/tehnologies/hyperledger-fabric/b9lab_fabric/certification/b9Lab-HLF11/network/crypto-config/ordererOrganizations/hlf11.com.au/ca/root/ca-chain.pem} Signing:0xc42030ca10 CSR:{CN:fabric-ca-server Names:[{C:US ST:North Carolina L: O:Hyperledger OU:Fabric SerialNumber:}] Hosts:[Nitishs-MacBook-Pro.local localhost] KeyRequest:0xc420316620 CA:0xc4202bcfc0 SerialNumber:} Registry:{MaxEnrollments:-1 Identities:[{ Name:**** Pass:**** Type:client Affiliation: MaxEnrollments:0 Attrs:map[hf.IntermediateCA:1 hf.GenCRL:1 hf.Registrar.Attributes:* hf.AffiliationMgr:1 hf.Registrar.Roles:peer,orderer,client,user hf.Registrar.DelegateRoles:peer,orderer,client,user hf.Revoker:1]  }]} Affiliations:map[org2:[department1] org1:[department1 department2]] LDAP:{ Enabled:false URL:ldap://****:****@<host>:<port>/<base> UserFilter:(uid=%s) GroupFilter:(memberUid=%s) Attribute:{[uid member] [{ }] map[groups:[{ }]]} TLS:{false [] { }}  } DB:{ Type:sqlite3 Datasource:/Users/nitishbhushan/Documents/nitish_operations/technical/tehnologies/hyperledger-fabric/b9lab_fabric/certification/b9Lab-HLF11/network/crypto-config/ordererOrganizations/hlf11.com.au/ca/root/fabric-ca-server.db TLS:{false [] { }}  } CSP:0xc4202e3230 Client:<nil> Intermediate:{ParentServer:{ URL: CAName:  } TLS:{Enabled:false CertFiles:[] Client:{KeyFile: CertFile:}} Enrollment:{ Name: Secret:**** Profile: Label: CSR:<nil> CAName: AttrReqs:[]  }} CRL:{Expiry:24h0m0s}}
2018/10/27 14:11:41 [DEBUG] DB: Getting identity orderer.hlf11.com.au
2018/10/27 14:11:41 [DEBUG] DB: Login user orderer.hlf11.com.au with max enrollments of -1 and state of 0
2018/10/27 14:11:41 [DEBUG] DB: identity orderer.hlf11.com.au successfully logged in
2018/10/27 14:11:41 [DEBUG] Processing sign request: id=orderer.hlf11.com.au, CommonName=orderer.hlf11.com.au, Subject=<nil>
2018/10/27 14:11:41 [DEBUG] Request is not for a CA signing certificate
2018/10/27 14:11:41 [DEBUG] Checking CSR fields to make sure that they do not exceed maximum character limits
2018/10/27 14:11:41 [DEBUG] DB: Getting identity orderer.hlf11.com.au
2018/10/27 14:11:41 [DEBUG] Finished processing sign request
2018/10/27 14:11:41 [DEBUG] DB: Getting identity orderer.hlf11.com.au
2018/10/27 14:11:41 [DEBUG] Attribute extension being added to certificate is: &{ID:[1 2 3 4 5 6 7 8 1] Critical:false Value:7b226174747273223a7b2268662e416666696c696174696f6e223a226f726731222c2268662e456e726f6c6c6d656e744944223a226f7264657265722e686c6631312e636f6d2e6175222c2268662e54797065223a2275736572227d7d}
2018/10/27 14:11:41 [DEBUG] Adding attribute extension to CSR: &{ID:[1 2 3 4 5 6 7 8 1] Critical:false Value:7b226174747273223a7b2268662e416666696c696174696f6e223a226f726731222c2268662e456e726f6c6c6d656e744944223a226f7264657265722e686c6631312e636f6d2e6175222c2268662e54797065223a2275736572227d7d}
2018/10/27 14:11:41 [INFO] signed certificate with serial number 438352245917805622169526593119999485014830295819
2018/10/27 14:11:41 [DEBUG] DB: Insert Certificate
2018/10/27 14:11:41 [DEBUG] Saved serial number as hex 4cc864ffddd9ee7fecd5c54f47de320e49652b0b
2018/10/27 14:11:41 [DEBUG] saved certificate with serial number 438352245917805622169526593119999485014830295819
2018/10/27 14:11:41 [DEBUG] Successfully incremented state for identity orderer.hlf11.com.au to 1
2018/10/27 14:11:41 [INFO] [::1]:51499 POST /enroll 201 0 "OK"
2018/10/27 14:11:41 [DEBUG] Received request for /cainfo
2018/10/27 14:11:41 [INFO] [::1]:51502 POST /cainfo 200 0 "OK"
