2018/11/02 17:34:21 [INFO] Created default configuration file at /Users/nitishbhushan/Documents/nitish_operations/technical/tehnologies/hyperledger-fabric/b9lab_fabric/certification/b9Lab-HLF11/extend/crypto-config/peerOrganizations/org1.com.au/ca/root/fabric-ca-server-config.yaml
2018/11/02 17:34:21 [INFO] Starting server in home directory: /Users/nitishbhushan/Documents/nitish_operations/technical/tehnologies/hyperledger-fabric/b9lab_fabric/certification/b9Lab-HLF11/extend/crypto-config/peerOrganizations/org1.com.au/ca/root
2018/11/02 17:34:21 [INFO] Server Version: 1.1.1-snapshot-e656889
2018/11/02 17:34:21 [INFO] Server Levels: &{Identity:1 Affiliation:1 Certificate:1}
2018/11/02 17:34:21 [DEBUG] Making server filenames absolute
2018/11/02 17:34:21 [DEBUG] Initializing default CA in directory /Users/nitishbhushan/Documents/nitish_operations/technical/tehnologies/hyperledger-fabric/b9lab_fabric/certification/b9Lab-HLF11/extend/crypto-config/peerOrganizations/org1.com.au/ca/root
2018/11/02 17:34:21 [DEBUG] Init CA with home /Users/nitishbhushan/Documents/nitish_operations/technical/tehnologies/hyperledger-fabric/b9lab_fabric/certification/b9Lab-HLF11/extend/crypto-config/peerOrganizations/org1.com.au/ca/root and config {Version:1.1.1-snapshot-e656889 Cfg:{Identities:{AllowRemove:false} Affiliations:{AllowRemove:false}} CA:{Name: Keyfile: Certfile:ca-cert.pem Chainfile:ca-chain.pem} Signing:0xc4202f9d30 CSR:{CN:fabric-ca-server Names:[{C:US ST:North Carolina L: O:Hyperledger OU:Fabric SerialNumber:}] Hosts:[Nitishs-MacBook-Pro.local localhost] KeyRequest:<nil> CA:0xc4202cd900 SerialNumber:} Registry:{MaxEnrollments:-1 Identities:[{ Name:**** Pass:**** Type:client Affiliation: MaxEnrollments:0 Attrs:map[hf.IntermediateCA:1 hf.GenCRL:1 hf.Registrar.Attributes:* hf.AffiliationMgr:1 hf.Registrar.Roles:peer,orderer,client,user hf.Registrar.DelegateRoles:peer,orderer,client,user hf.Revoker:1]  }]} Affiliations:map[org1:[department1 department2] org2:[department1]] LDAP:{ Enabled:false URL:ldap://****:****@<host>:<port>/<base> UserFilter:(uid=%s) GroupFilter:(memberUid=%s) Attribute:{[uid member] [{ }] map[groups:[{ }]]} TLS:{false [] { }}  } DB:{ Type:sqlite3 Datasource:fabric-ca-server.db TLS:{false [] { }}  } CSP:0xc4202dd440 Client:<nil> Intermediate:{ParentServer:{ URL: CAName:  } TLS:{Enabled:false CertFiles:[] Client:{KeyFile: CertFile:}} Enrollment:{ Name: Secret:**** Profile: Label: CSR:<nil> CAName: AttrReqs:[]  }} CRL:{Expiry:24h0m0s}}
2018/11/02 17:34:21 [DEBUG] CA Home Directory: /Users/nitishbhushan/Documents/nitish_operations/technical/tehnologies/hyperledger-fabric/b9lab_fabric/certification/b9Lab-HLF11/extend/crypto-config/peerOrganizations/org1.com.au/ca/root
2018/11/02 17:34:21 [DEBUG] Checking configuration file version '1.1.1-snapshot-e656889' against server version: '1.1.1-snapshot-e656889'
2018/11/02 17:34:21 [DEBUG] Initializing BCCSP: &{ProviderName:SW SwOpts:0xc4202dd4a0 PluginOpts:<nil> Pkcs11Opts:<nil>}
2018/11/02 17:34:21 [DEBUG] Initializing BCCSP with software options &{SecLevel:256 HashFamily:SHA2 Ephemeral:false FileKeystore:0xc420309d20 DummyKeystore:<nil>}
2018/11/02 17:34:21 [DEBUG] Initialize key material
2018/11/02 17:34:21 [DEBUG] Making CA filenames absolute
2018/11/02 17:34:21 [DEBUG] Root CA certificate request: {CN:fabric-ca-server Names:[{C:US ST:North Carolina L: O:Hyperledger OU:Fabric SerialNumber:}] Hosts:[Nitishs-MacBook-Pro.local localhost] KeyRequest:0xc420312620 CA:0xc4202cd900 SerialNumber:}
2018/11/02 17:34:21 [INFO] generating key: &{A:ecdsa S:256}
2018/11/02 17:34:21 [DEBUG] generate key from request: algo=ecdsa, size=256
2018/11/02 17:34:21 [INFO] encoded CSR
2018/11/02 17:34:21 [DEBUG] validating configuration
2018/11/02 17:34:21 [DEBUG] validate local profile
2018/11/02 17:34:21 [DEBUG] profile is valid
2018/11/02 17:34:21 [INFO] signed certificate with serial number 294009475921649517784066281647103653338126712870
2018/11/02 17:34:21 [INFO] The CA key and certificate were generated for CA 
2018/11/02 17:34:21 [INFO] The key was stored by BCCSP provider 'SW'
2018/11/02 17:34:21 [INFO] The certificate is at: /Users/nitishbhushan/Documents/nitish_operations/technical/tehnologies/hyperledger-fabric/b9lab_fabric/certification/b9Lab-HLF11/extend/crypto-config/peerOrganizations/org1.com.au/ca/root/ca-cert.pem
2018/11/02 17:34:21 [DEBUG] Initializing DB
2018/11/02 17:34:21 [DEBUG] Initializing 'sqlite3' database at '/Users/nitishbhushan/Documents/nitish_operations/technical/tehnologies/hyperledger-fabric/b9lab_fabric/certification/b9Lab-HLF11/extend/crypto-config/peerOrganizations/org1.com.au/ca/root/fabric-ca-server.db'
2018/11/02 17:34:21 [DEBUG] Using sqlite database, connect to database in home (/Users/nitishbhushan/Documents/nitish_operations/technical/tehnologies/hyperledger-fabric/b9lab_fabric/certification/b9Lab-HLF11/extend/crypto-config/peerOrganizations/org1.com.au/ca/root/fabric-ca-server.db) directory
2018/11/02 17:34:21 [DEBUG] Creating SQLite database (/Users/nitishbhushan/Documents/nitish_operations/technical/tehnologies/hyperledger-fabric/b9lab_fabric/certification/b9Lab-HLF11/extend/crypto-config/peerOrganizations/org1.com.au/ca/root/fabric-ca-server.db) if it does not exist...
2018/11/02 17:34:21 [DEBUG] Creating users table if it does not exist
2018/11/02 17:34:21 [DEBUG] Creating affiliations table if it does not exist
2018/11/02 17:34:21 [DEBUG] Creating certificates table if it does not exist
2018/11/02 17:34:21 [DEBUG] Creating properties table if it does not exist
2018/11/02 17:34:21 [DEBUG] Successfully opened sqlite3 DB
2018/11/02 17:34:21 [DEBUG] Checking database schema...
2018/11/02 17:34:21 [DEBUG] Update SQLite schema, if using outdated schema
2018/11/02 17:34:21 [DEBUG] Upgrade identities table
2018/11/02 17:34:21 [DEBUG] Creating users table if it does not exist
2018/11/02 17:34:21 [DEBUG] Upgrade affiliation table
2018/11/02 17:34:21 [DEBUG] Creating affiliations table if it does not exist
2018/11/02 17:34:21 [DEBUG] Upgrade certificates table
2018/11/02 17:34:21 [DEBUG] Creating certificates table if it does not exist
2018/11/02 17:34:21 [DEBUG] Initializing identity registry
2018/11/02 17:34:21 [DEBUG] Initialized DB identity registry
2018/11/02 17:34:21 [DEBUG] DB: Get properties [identity.level affiliation.level certificate.level]
2018/11/02 17:34:21 [DEBUG] Checking database levels 'map[affiliation.level:0 certificate.level:0 identity.level:0]' against server levels '&{Identity:1 Affiliation:1 Certificate:1}'
2018/11/02 17:34:21 [DEBUG] Loading identity table
2018/11/02 17:34:21 [DEBUG] Loading identity 'admin'
2018/11/02 17:34:21 [DEBUG] DB: Getting identity admin
2018/11/02 17:34:21 [DEBUG] Max enrollment value verification - User specified max enrollment: 0, CA max enrollment: -1
2018/11/02 17:34:21 [DEBUG] DB: Add identity admin
2018/11/02 17:34:21 [DEBUG] Successfully added identity admin to the database
2018/11/02 17:34:21 [DEBUG] Registered identity: { Name:**** Pass:**** Type:client Affiliation: MaxEnrollments:-1 Attrs:map[hf.Registrar.DelegateRoles:peer,orderer,client,user hf.Revoker:1 hf.IntermediateCA:1 hf.GenCRL:1 hf.Registrar.Attributes:* hf.AffiliationMgr:1 hf.Registrar.Roles:peer,orderer,client,user]  }
2018/11/02 17:34:21 [DEBUG] Successfully loaded identity table
2018/11/02 17:34:21 [DEBUG] Loading affiliations table
2018/11/02 17:34:21 [DEBUG] DB: Add affiliation org2
2018/11/02 17:34:21 [DEBUG] Affiliation 'org2' added
2018/11/02 17:34:21 [DEBUG] DB: Add affiliation org2.department1
2018/11/02 17:34:21 [DEBUG] Affiliation 'org2.department1' added
2018/11/02 17:34:21 [DEBUG] DB: Add affiliation org1
2018/11/02 17:34:21 [DEBUG] Affiliation 'org1' added
2018/11/02 17:34:21 [DEBUG] DB: Add affiliation org1.department1
2018/11/02 17:34:21 [DEBUG] Affiliation 'org1.department1' added
2018/11/02 17:34:21 [DEBUG] DB: Add affiliation org1.department2
2018/11/02 17:34:21 [DEBUG] Affiliation 'org1.department2' added
2018/11/02 17:34:21 [DEBUG] Successfully loaded affiliations table
2018/11/02 17:34:21 [DEBUG] Checking and performing migration, if needed
2018/11/02 17:34:21 [DEBUG] Updating database level to &{Identity:1 Affiliation:1 Certificate:1}
2018/11/02 17:34:21 [INFO] Initialized sqlite3 database at /Users/nitishbhushan/Documents/nitish_operations/technical/tehnologies/hyperledger-fabric/b9lab_fabric/certification/b9Lab-HLF11/extend/crypto-config/peerOrganizations/org1.com.au/ca/root/fabric-ca-server.db
2018/11/02 17:34:21 [DEBUG] Initializing enrollment signer
2018/11/02 17:34:21 [DEBUG] validating configuration
2018/11/02 17:34:21 [DEBUG] validate local profile
2018/11/02 17:34:21 [DEBUG] profile is valid
2018/11/02 17:34:21 [DEBUG] validate local profile
2018/11/02 17:34:21 [DEBUG] profile is valid
2018/11/02 17:34:21 [DEBUG] validate local profile
2018/11/02 17:34:21 [DEBUG] profile is valid
2018/11/02 17:34:21 [DEBUG] CA initialization successful
2018/11/02 17:34:21 [INFO] Home directory for default CA: /Users/nitishbhushan/Documents/nitish_operations/technical/tehnologies/hyperledger-fabric/b9lab_fabric/certification/b9Lab-HLF11/extend/crypto-config/peerOrganizations/org1.com.au/ca/root
2018/11/02 17:34:21 [DEBUG] 1 CA instance(s) running on server
2018/11/02 17:34:21 [INFO] Listening on http://0.0.0.0:7102
2018/11/02 17:34:22 [DEBUG] Received request for /enroll
2018/11/02 17:34:22 [DEBUG] ca.Config: &{Version:1.1.1-snapshot-e656889 Cfg:{Identities:{AllowRemove:false} Affiliations:{AllowRemove:false}} CA:{Name: Keyfile:/Users/nitishbhushan/Documents/nitish_operations/technical/tehnologies/hyperledger-fabric/b9lab_fabric/certification/b9Lab-HLF11/extend/crypto-config/peerOrganizations/org1.com.au/ca/root/ca-key.pem Certfile:/Users/nitishbhushan/Documents/nitish_operations/technical/tehnologies/hyperledger-fabric/b9lab_fabric/certification/b9Lab-HLF11/extend/crypto-config/peerOrganizations/org1.com.au/ca/root/ca-cert.pem Chainfile:/Users/nitishbhushan/Documents/nitish_operations/technical/tehnologies/hyperledger-fabric/b9lab_fabric/certification/b9Lab-HLF11/extend/crypto-config/peerOrganizations/org1.com.au/ca/root/ca-chain.pem} Signing:0xc4202f9d30 CSR:{CN:fabric-ca-server Names:[{C:US ST:North Carolina L: O:Hyperledger OU:Fabric SerialNumber:}] Hosts:[Nitishs-MacBook-Pro.local localhost] KeyRequest:0xc420312600 CA:0xc4202cd900 SerialNumber:} Registry:{MaxEnrollments:-1 Identities:[{ Name:**** Pass:**** Type:client Affiliation: MaxEnrollments:0 Attrs:map[hf.Registrar.Attributes:* hf.AffiliationMgr:1 hf.Registrar.Roles:peer,orderer,client,user hf.Registrar.DelegateRoles:peer,orderer,client,user hf.Revoker:1 hf.IntermediateCA:1 hf.GenCRL:1]  }]} Affiliations:map[org2:[department1] org1:[department1 department2]] LDAP:{ Enabled:false URL:ldap://****:****@<host>:<port>/<base> UserFilter:(uid=%s) GroupFilter:(memberUid=%s) Attribute:{[uid member] [{ }] map[groups:[{ }]]} TLS:{false [] { }}  } DB:{ Type:sqlite3 Datasource:/Users/nitishbhushan/Documents/nitish_operations/technical/tehnologies/hyperledger-fabric/b9lab_fabric/certification/b9Lab-HLF11/extend/crypto-config/peerOrganizations/org1.com.au/ca/root/fabric-ca-server.db TLS:{false [] { }}  } CSP:0xc4202dd440 Client:<nil> Intermediate:{ParentServer:{ URL: CAName:  } TLS:{Enabled:false CertFiles:[] Client:{KeyFile: CertFile:}} Enrollment:{ Name: Secret:**** Profile: Label: CSR:<nil> CAName: AttrReqs:[]  }} CRL:{Expiry:24h0m0s}}
2018/11/02 17:34:22 [DEBUG] DB: Getting identity admin
2018/11/02 17:34:22 [DEBUG] DB: Login user admin with max enrollments of -1 and state of 0
2018/11/02 17:34:22 [DEBUG] DB: identity admin successfully logged in
2018/11/02 17:34:22 [DEBUG] Processing sign request: id=admin, CommonName=admin, Subject=<nil>
2018/11/02 17:34:22 [DEBUG] Request is not for a CA signing certificate
2018/11/02 17:34:22 [DEBUG] Checking CSR fields to make sure that they do not exceed maximum character limits
2018/11/02 17:34:22 [DEBUG] DB: Getting identity admin
2018/11/02 17:34:22 [DEBUG] Finished processing sign request
2018/11/02 17:34:22 [DEBUG] DB: Getting identity admin
2018/11/02 17:34:22 [INFO] signed certificate with serial number 589636499979694737022626235429070630325135232054
2018/11/02 17:34:22 [DEBUG] DB: Insert Certificate
2018/11/02 17:34:22 [DEBUG] Saved serial number as hex 67483710e971c9b44c1106b25dcef218d1824c36
2018/11/02 17:34:22 [DEBUG] saved certificate with serial number 589636499979694737022626235429070630325135232054
2018/11/02 17:34:22 [DEBUG] Successfully incremented state for identity admin to 1
2018/11/02 17:34:22 [INFO] [::1]:53108 POST /enroll 201 0 "OK"
2018/11/02 17:34:22 [DEBUG] Received request for /enroll
2018/11/02 17:34:22 [DEBUG] ca.Config: &{Version:1.1.1-snapshot-e656889 Cfg:{Identities:{AllowRemove:false} Affiliations:{AllowRemove:false}} CA:{Name: Keyfile:/Users/nitishbhushan/Documents/nitish_operations/technical/tehnologies/hyperledger-fabric/b9lab_fabric/certification/b9Lab-HLF11/extend/crypto-config/peerOrganizations/org1.com.au/ca/root/ca-key.pem Certfile:/Users/nitishbhushan/Documents/nitish_operations/technical/tehnologies/hyperledger-fabric/b9lab_fabric/certification/b9Lab-HLF11/extend/crypto-config/peerOrganizations/org1.com.au/ca/root/ca-cert.pem Chainfile:/Users/nitishbhushan/Documents/nitish_operations/technical/tehnologies/hyperledger-fabric/b9lab_fabric/certification/b9Lab-HLF11/extend/crypto-config/peerOrganizations/org1.com.au/ca/root/ca-chain.pem} Signing:0xc4202f9d30 CSR:{CN:fabric-ca-server Names:[{C:US ST:North Carolina L: O:Hyperledger OU:Fabric SerialNumber:}] Hosts:[Nitishs-MacBook-Pro.local localhost] KeyRequest:0xc420312600 CA:0xc4202cd900 SerialNumber:} Registry:{MaxEnrollments:-1 Identities:[{ Name:**** Pass:**** Type:client Affiliation: MaxEnrollments:0 Attrs:map[hf.IntermediateCA:1 hf.GenCRL:1 hf.Registrar.Attributes:* hf.AffiliationMgr:1 hf.Registrar.Roles:peer,orderer,client,user hf.Registrar.DelegateRoles:peer,orderer,client,user hf.Revoker:1]  }]} Affiliations:map[org2:[department1] org1:[department1 department2]] LDAP:{ Enabled:false URL:ldap://****:****@<host>:<port>/<base> UserFilter:(uid=%s) GroupFilter:(memberUid=%s) Attribute:{[uid member] [{ }] map[groups:[{ }]]} TLS:{false [] { }}  } DB:{ Type:sqlite3 Datasource:/Users/nitishbhushan/Documents/nitish_operations/technical/tehnologies/hyperledger-fabric/b9lab_fabric/certification/b9Lab-HLF11/extend/crypto-config/peerOrganizations/org1.com.au/ca/root/fabric-ca-server.db TLS:{false [] { }}  } CSP:0xc4202dd440 Client:<nil> Intermediate:{ParentServer:{ URL: CAName:  } TLS:{Enabled:false CertFiles:[] Client:{KeyFile: CertFile:}} Enrollment:{ Name: Secret:**** Profile: Label: CSR:<nil> CAName: AttrReqs:[]  }} CRL:{Expiry:24h0m0s}}
2018/11/02 17:34:22 [DEBUG] DB: Getting identity admin
2018/11/02 17:34:22 [DEBUG] DB: Login user admin with max enrollments of -1 and state of 1
2018/11/02 17:34:22 [DEBUG] DB: identity admin successfully logged in
2018/11/02 17:34:22 [DEBUG] Processing sign request: id=admin, CommonName=admin, Subject=<nil>
2018/11/02 17:34:22 [DEBUG] Request is not for a CA signing certificate
2018/11/02 17:34:22 [DEBUG] Checking CSR fields to make sure that they do not exceed maximum character limits
2018/11/02 17:34:22 [DEBUG] DB: Getting identity admin
2018/11/02 17:34:22 [DEBUG] Finished processing sign request
2018/11/02 17:34:22 [DEBUG] DB: Getting identity admin
2018/11/02 17:34:22 [INFO] signed certificate with serial number 208415925038436765090077442236231253073399475114
2018/11/02 17:34:22 [DEBUG] DB: Insert Certificate
2018/11/02 17:34:22 [DEBUG] Saved serial number as hex 2481b17c429d15629dd2fcbb668c887edaa16baa
2018/11/02 17:34:22 [DEBUG] saved certificate with serial number 208415925038436765090077442236231253073399475114
2018/11/02 17:34:22 [DEBUG] Successfully incremented state for identity admin to 2
2018/11/02 17:34:22 [INFO] [::1]:53111 POST /enroll 201 0 "OK"
2018/11/02 17:34:22 [DEBUG] Received request for /register
2018/11/02 17:34:22 [DEBUG] Checking for revocation/expiration of certificate owned by 'admin'
2018/11/02 17:34:22 [DEBUG] DB: Get certificate by serial (2481b17c429d15629dd2fcbb668c887edaa16baa) and aki (2591f41510e721d7d15876df01b4266184c80e24)
2018/11/02 17:34:22 [DEBUG] Successful token authentication of 'admin'
2018/11/02 17:34:22 [DEBUG] Received registration request from admin: { Name:nodeAdmin Type:user Secret:**** MaxEnrollments:0 Affiliation:org1 Attributes:[] CAName:  }
2018/11/02 17:34:22 [DEBUG] DB: Getting identity admin
2018/11/02 17:34:22 [DEBUG] canRegister - Check to see if user 'admin' can register
2018/11/02 17:34:22 [DEBUG] Checking to see if caller 'admin' is a registrar
2018/11/02 17:34:22 [DEBUG] Validate Affiliation
2018/11/02 17:34:22 [DEBUG] Checking to see if affiliation 'org1' contains caller's affiliation ''
2018/11/02 17:34:22 [DEBUG] Caller has root affiliation
2018/11/02 17:34:22 [DEBUG] Validate ID
2018/11/02 17:34:22 [DEBUG] Validating affiliation: org1
2018/11/02 17:34:22 [DEBUG] DB: Get affiliation org1
2018/11/02 17:34:22 [DEBUG] Registering user id: nodeAdmin
2018/11/02 17:34:22 [DEBUG] Max enrollment value verification - User specified max enrollment: 0, CA max enrollment: -1
2018/11/02 17:34:22 [DEBUG] DB: Getting identity nodeAdmin
2018/11/02 17:34:22 [DEBUG] DB: Add identity nodeAdmin
2018/11/02 17:34:22 [DEBUG] Successfully added identity nodeAdmin to the database
2018/11/02 17:34:22 [INFO] [::1]:53114 POST /register 201 0 "OK"
2018/11/02 17:34:22 [DEBUG] Received request for /enroll
2018/11/02 17:34:22 [DEBUG] ca.Config: &{Version:1.1.1-snapshot-e656889 Cfg:{Identities:{AllowRemove:false} Affiliations:{AllowRemove:false}} CA:{Name: Keyfile:/Users/nitishbhushan/Documents/nitish_operations/technical/tehnologies/hyperledger-fabric/b9lab_fabric/certification/b9Lab-HLF11/extend/crypto-config/peerOrganizations/org1.com.au/ca/root/ca-key.pem Certfile:/Users/nitishbhushan/Documents/nitish_operations/technical/tehnologies/hyperledger-fabric/b9lab_fabric/certification/b9Lab-HLF11/extend/crypto-config/peerOrganizations/org1.com.au/ca/root/ca-cert.pem Chainfile:/Users/nitishbhushan/Documents/nitish_operations/technical/tehnologies/hyperledger-fabric/b9lab_fabric/certification/b9Lab-HLF11/extend/crypto-config/peerOrganizations/org1.com.au/ca/root/ca-chain.pem} Signing:0xc4202f9d30 CSR:{CN:fabric-ca-server Names:[{C:US ST:North Carolina L: O:Hyperledger OU:Fabric SerialNumber:}] Hosts:[Nitishs-MacBook-Pro.local localhost] KeyRequest:0xc420312600 CA:0xc4202cd900 SerialNumber:} Registry:{MaxEnrollments:-1 Identities:[{ Name:**** Pass:**** Type:client Affiliation: MaxEnrollments:0 Attrs:map[hf.Registrar.DelegateRoles:peer,orderer,client,user hf.Revoker:1 hf.IntermediateCA:1 hf.GenCRL:1 hf.Registrar.Attributes:* hf.AffiliationMgr:1 hf.Registrar.Roles:peer,orderer,client,user]  }]} Affiliations:map[org2:[department1] org1:[department1 department2]] LDAP:{ Enabled:false URL:ldap://****:****@<host>:<port>/<base> UserFilter:(uid=%s) GroupFilter:(memberUid=%s) Attribute:{[uid member] [{ }] map[groups:[{ }]]} TLS:{false [] { }}  } DB:{ Type:sqlite3 Datasource:/Users/nitishbhushan/Documents/nitish_operations/technical/tehnologies/hyperledger-fabric/b9lab_fabric/certification/b9Lab-HLF11/extend/crypto-config/peerOrganizations/org1.com.au/ca/root/fabric-ca-server.db TLS:{false [] { }}  } CSP:0xc4202dd440 Client:<nil> Intermediate:{ParentServer:{ URL: CAName:  } TLS:{Enabled:false CertFiles:[] Client:{KeyFile: CertFile:}} Enrollment:{ Name: Secret:**** Profile: Label: CSR:<nil> CAName: AttrReqs:[]  }} CRL:{Expiry:24h0m0s}}
2018/11/02 17:34:22 [DEBUG] DB: Getting identity nodeAdmin
2018/11/02 17:34:22 [DEBUG] DB: Login user nodeAdmin with max enrollments of -1 and state of 0
2018/11/02 17:34:22 [DEBUG] DB: identity nodeAdmin successfully logged in
2018/11/02 17:34:22 [DEBUG] Processing sign request: id=nodeAdmin, CommonName=nodeAdmin, Subject=<nil>
2018/11/02 17:34:22 [DEBUG] Request is not for a CA signing certificate
2018/11/02 17:34:22 [DEBUG] Checking CSR fields to make sure that they do not exceed maximum character limits
2018/11/02 17:34:22 [DEBUG] DB: Getting identity nodeAdmin
2018/11/02 17:34:22 [DEBUG] Finished processing sign request
2018/11/02 17:34:22 [DEBUG] DB: Getting identity nodeAdmin
2018/11/02 17:34:22 [DEBUG] Attribute extension being added to certificate is: &{ID:[1 2 3 4 5 6 7 8 1] Critical:false Value:7b226174747273223a7b2268662e416666696c696174696f6e223a226f726731222c2268662e456e726f6c6c6d656e744944223a226e6f646541646d696e222c2268662e54797065223a2275736572227d7d}
2018/11/02 17:34:22 [DEBUG] Adding attribute extension to CSR: &{ID:[1 2 3 4 5 6 7 8 1] Critical:false Value:7b226174747273223a7b2268662e416666696c696174696f6e223a226f726731222c2268662e456e726f6c6c6d656e744944223a226e6f646541646d696e222c2268662e54797065223a2275736572227d7d}
2018/11/02 17:34:22 [INFO] signed certificate with serial number 406848351197165437788637246855985365000830276501
2018/11/02 17:34:22 [DEBUG] DB: Insert Certificate
2018/11/02 17:34:22 [DEBUG] Saved serial number as hex 4743b6062f1f8b150c6f976f40645c4c5a535395
2018/11/02 17:34:22 [DEBUG] saved certificate with serial number 406848351197165437788637246855985365000830276501
2018/11/02 17:34:22 [DEBUG] Successfully incremented state for identity nodeAdmin to 1
2018/11/02 17:34:22 [INFO] [::1]:53117 POST /enroll 201 0 "OK"
2018/11/02 17:34:23 [DEBUG] Received request for /register
2018/11/02 17:34:23 [DEBUG] Checking for revocation/expiration of certificate owned by 'admin'
2018/11/02 17:34:23 [DEBUG] DB: Get certificate by serial (2481b17c429d15629dd2fcbb668c887edaa16baa) and aki (2591f41510e721d7d15876df01b4266184c80e24)
2018/11/02 17:34:23 [DEBUG] Successful token authentication of 'admin'
2018/11/02 17:34:23 [DEBUG] Received registration request from admin: { Name:User1@org1.com.au Type:user Secret:**** MaxEnrollments:0 Affiliation:org1 Attributes:[] CAName:  }
2018/11/02 17:34:23 [DEBUG] DB: Getting identity admin
2018/11/02 17:34:23 [DEBUG] canRegister - Check to see if user 'admin' can register
2018/11/02 17:34:23 [DEBUG] Checking to see if caller 'admin' is a registrar
2018/11/02 17:34:23 [DEBUG] Validate Affiliation
2018/11/02 17:34:23 [DEBUG] Checking to see if affiliation 'org1' contains caller's affiliation ''
2018/11/02 17:34:23 [DEBUG] Caller has root affiliation
2018/11/02 17:34:23 [DEBUG] Validate ID
2018/11/02 17:34:23 [DEBUG] Validating affiliation: org1
2018/11/02 17:34:23 [DEBUG] DB: Get affiliation org1
2018/11/02 17:34:23 [DEBUG] Registering user id: User1@org1.com.au
2018/11/02 17:34:23 [DEBUG] Max enrollment value verification - User specified max enrollment: 0, CA max enrollment: -1
2018/11/02 17:34:23 [DEBUG] DB: Getting identity User1@org1.com.au
2018/11/02 17:34:23 [DEBUG] DB: Add identity User1@org1.com.au
2018/11/02 17:34:23 [DEBUG] Successfully added identity User1@org1.com.au to the database
2018/11/02 17:34:23 [INFO] [::1]:53120 POST /register 201 0 "OK"
2018/11/02 17:34:23 [DEBUG] Received request for /enroll
2018/11/02 17:34:23 [DEBUG] ca.Config: &{Version:1.1.1-snapshot-e656889 Cfg:{Identities:{AllowRemove:false} Affiliations:{AllowRemove:false}} CA:{Name: Keyfile:/Users/nitishbhushan/Documents/nitish_operations/technical/tehnologies/hyperledger-fabric/b9lab_fabric/certification/b9Lab-HLF11/extend/crypto-config/peerOrganizations/org1.com.au/ca/root/ca-key.pem Certfile:/Users/nitishbhushan/Documents/nitish_operations/technical/tehnologies/hyperledger-fabric/b9lab_fabric/certification/b9Lab-HLF11/extend/crypto-config/peerOrganizations/org1.com.au/ca/root/ca-cert.pem Chainfile:/Users/nitishbhushan/Documents/nitish_operations/technical/tehnologies/hyperledger-fabric/b9lab_fabric/certification/b9Lab-HLF11/extend/crypto-config/peerOrganizations/org1.com.au/ca/root/ca-chain.pem} Signing:0xc4202f9d30 CSR:{CN:fabric-ca-server Names:[{C:US ST:North Carolina L: O:Hyperledger OU:Fabric SerialNumber:}] Hosts:[Nitishs-MacBook-Pro.local localhost] KeyRequest:0xc420312600 CA:0xc4202cd900 SerialNumber:} Registry:{MaxEnrollments:-1 Identities:[{ Name:**** Pass:**** Type:client Affiliation: MaxEnrollments:0 Attrs:map[hf.IntermediateCA:1 hf.GenCRL:1 hf.Registrar.Attributes:* hf.AffiliationMgr:1 hf.Registrar.Roles:peer,orderer,client,user hf.Registrar.DelegateRoles:peer,orderer,client,user hf.Revoker:1]  }]} Affiliations:map[org2:[department1] org1:[department1 department2]] LDAP:{ Enabled:false URL:ldap://****:****@<host>:<port>/<base> UserFilter:(uid=%s) GroupFilter:(memberUid=%s) Attribute:{[uid member] [{ }] map[groups:[{ }]]} TLS:{false [] { }}  } DB:{ Type:sqlite3 Datasource:/Users/nitishbhushan/Documents/nitish_operations/technical/tehnologies/hyperledger-fabric/b9lab_fabric/certification/b9Lab-HLF11/extend/crypto-config/peerOrganizations/org1.com.au/ca/root/fabric-ca-server.db TLS:{false [] { }}  } CSP:0xc4202dd440 Client:<nil> Intermediate:{ParentServer:{ URL: CAName:  } TLS:{Enabled:false CertFiles:[] Client:{KeyFile: CertFile:}} Enrollment:{ Name: Secret:**** Profile: Label: CSR:<nil> CAName: AttrReqs:[]  }} CRL:{Expiry:24h0m0s}}
2018/11/02 17:34:23 [DEBUG] DB: Getting identity User1@org1.com.au
2018/11/02 17:34:23 [DEBUG] DB: Login user User1@org1.com.au with max enrollments of -1 and state of 0
2018/11/02 17:34:23 [DEBUG] DB: identity User1@org1.com.au successfully logged in
2018/11/02 17:34:23 [DEBUG] Processing sign request: id=User1@org1.com.au, CommonName=User1@org1.com.au, Subject=<nil>
2018/11/02 17:34:23 [DEBUG] Request is not for a CA signing certificate
2018/11/02 17:34:23 [DEBUG] Checking CSR fields to make sure that they do not exceed maximum character limits
2018/11/02 17:34:23 [DEBUG] DB: Getting identity User1@org1.com.au
2018/11/02 17:34:23 [DEBUG] Finished processing sign request
2018/11/02 17:34:23 [DEBUG] DB: Getting identity User1@org1.com.au
2018/11/02 17:34:23 [DEBUG] Attribute extension being added to certificate is: &{ID:[1 2 3 4 5 6 7 8 1] Critical:false Value:7b226174747273223a7b2268662e416666696c696174696f6e223a226f726731222c2268662e456e726f6c6c6d656e744944223a225573657231406f7267312e636f6d2e6175222c2268662e54797065223a2275736572227d7d}
2018/11/02 17:34:23 [DEBUG] Adding attribute extension to CSR: &{ID:[1 2 3 4 5 6 7 8 1] Critical:false Value:7b226174747273223a7b2268662e416666696c696174696f6e223a226f726731222c2268662e456e726f6c6c6d656e744944223a225573657231406f7267312e636f6d2e6175222c2268662e54797065223a2275736572227d7d}
2018/11/02 17:34:23 [INFO] signed certificate with serial number 122197584546868029354542033970413953050918018963
2018/11/02 17:34:23 [DEBUG] DB: Insert Certificate
2018/11/02 17:34:23 [DEBUG] Saved serial number as hex 15678779cc2468d5470cda2b3ed4703a2b305f93
2018/11/02 17:34:23 [DEBUG] saved certificate with serial number 122197584546868029354542033970413953050918018963
2018/11/02 17:34:23 [DEBUG] Successfully incremented state for identity User1@org1.com.au to 1
2018/11/02 17:34:23 [INFO] [::1]:53123 POST /enroll 201 0 "OK"
2018/11/02 17:34:23 [DEBUG] Received request for /enroll
2018/11/02 17:34:23 [DEBUG] ca.Config: &{Version:1.1.1-snapshot-e656889 Cfg:{Identities:{AllowRemove:false} Affiliations:{AllowRemove:false}} CA:{Name: Keyfile:/Users/nitishbhushan/Documents/nitish_operations/technical/tehnologies/hyperledger-fabric/b9lab_fabric/certification/b9Lab-HLF11/extend/crypto-config/peerOrganizations/org1.com.au/ca/root/ca-key.pem Certfile:/Users/nitishbhushan/Documents/nitish_operations/technical/tehnologies/hyperledger-fabric/b9lab_fabric/certification/b9Lab-HLF11/extend/crypto-config/peerOrganizations/org1.com.au/ca/root/ca-cert.pem Chainfile:/Users/nitishbhushan/Documents/nitish_operations/technical/tehnologies/hyperledger-fabric/b9lab_fabric/certification/b9Lab-HLF11/extend/crypto-config/peerOrganizations/org1.com.au/ca/root/ca-chain.pem} Signing:0xc4202f9d30 CSR:{CN:fabric-ca-server Names:[{C:US ST:North Carolina L: O:Hyperledger OU:Fabric SerialNumber:}] Hosts:[Nitishs-MacBook-Pro.local localhost] KeyRequest:0xc420312600 CA:0xc4202cd900 SerialNumber:} Registry:{MaxEnrollments:-1 Identities:[{ Name:**** Pass:**** Type:client Affiliation: MaxEnrollments:0 Attrs:map[hf.IntermediateCA:1 hf.GenCRL:1 hf.Registrar.Attributes:* hf.AffiliationMgr:1 hf.Registrar.Roles:peer,orderer,client,user hf.Registrar.DelegateRoles:peer,orderer,client,user hf.Revoker:1]  }]} Affiliations:map[org1:[department1 department2] org2:[department1]] LDAP:{ Enabled:false URL:ldap://****:****@<host>:<port>/<base> UserFilter:(uid=%s) GroupFilter:(memberUid=%s) Attribute:{[uid member] [{ }] map[groups:[{ }]]} TLS:{false [] { }}  } DB:{ Type:sqlite3 Datasource:/Users/nitishbhushan/Documents/nitish_operations/technical/tehnologies/hyperledger-fabric/b9lab_fabric/certification/b9Lab-HLF11/extend/crypto-config/peerOrganizations/org1.com.au/ca/root/fabric-ca-server.db TLS:{false [] { }}  } CSP:0xc4202dd440 Client:<nil> Intermediate:{ParentServer:{ URL: CAName:  } TLS:{Enabled:false CertFiles:[] Client:{KeyFile: CertFile:}} Enrollment:{ Name: Secret:**** Profile: Label: CSR:<nil> CAName: AttrReqs:[]  }} CRL:{Expiry:24h0m0s}}
2018/11/02 17:34:23 [DEBUG] DB: Getting identity admin
2018/11/02 17:34:23 [DEBUG] DB: Login user admin with max enrollments of -1 and state of 2
2018/11/02 17:34:23 [DEBUG] DB: identity admin successfully logged in
2018/11/02 17:34:23 [DEBUG] Processing sign request: id=admin, CommonName=admin, Subject=<nil>
2018/11/02 17:34:23 [DEBUG] Request is not for a CA signing certificate
2018/11/02 17:34:23 [DEBUG] Checking CSR fields to make sure that they do not exceed maximum character limits
2018/11/02 17:34:23 [DEBUG] DB: Getting identity admin
2018/11/02 17:34:23 [DEBUG] Finished processing sign request
2018/11/02 17:34:23 [DEBUG] DB: Getting identity admin
2018/11/02 17:34:23 [INFO] signed certificate with serial number 548553819844827561461995214933794145077882372285
2018/11/02 17:34:23 [DEBUG] DB: Insert Certificate
2018/11/02 17:34:23 [DEBUG] Saved serial number as hex 60160106dfbb743cb12f691a4a028c119781c0bd
2018/11/02 17:34:23 [DEBUG] saved certificate with serial number 548553819844827561461995214933794145077882372285
2018/11/02 17:34:23 [DEBUG] Successfully incremented state for identity admin to 3
2018/11/02 17:34:23 [INFO] [::1]:53126 POST /enroll 201 0 "OK"
2018/11/02 17:34:23 [DEBUG] Received request for /register
2018/11/02 17:34:23 [DEBUG] Checking for revocation/expiration of certificate owned by 'admin'
2018/11/02 17:34:23 [DEBUG] DB: Get certificate by serial (2481b17c429d15629dd2fcbb668c887edaa16baa) and aki (2591f41510e721d7d15876df01b4266184c80e24)
2018/11/02 17:34:23 [DEBUG] Successful token authentication of 'admin'
2018/11/02 17:34:23 [DEBUG] Received registration request from admin: { Name:peer0.org1.com.au Type:user Secret:**** MaxEnrollments:0 Affiliation:org1 Attributes:[] CAName:  }
2018/11/02 17:34:23 [DEBUG] DB: Getting identity admin
2018/11/02 17:34:23 [DEBUG] canRegister - Check to see if user 'admin' can register
2018/11/02 17:34:23 [DEBUG] Checking to see if caller 'admin' is a registrar
2018/11/02 17:34:23 [DEBUG] Validate Affiliation
2018/11/02 17:34:23 [DEBUG] Checking to see if affiliation 'org1' contains caller's affiliation ''
2018/11/02 17:34:23 [DEBUG] Caller has root affiliation
2018/11/02 17:34:23 [DEBUG] Validate ID
2018/11/02 17:34:23 [DEBUG] Validating affiliation: org1
2018/11/02 17:34:23 [DEBUG] DB: Get affiliation org1
2018/11/02 17:34:23 [DEBUG] Registering user id: peer0.org1.com.au
2018/11/02 17:34:23 [DEBUG] Max enrollment value verification - User specified max enrollment: 0, CA max enrollment: -1
2018/11/02 17:34:23 [DEBUG] DB: Getting identity peer0.org1.com.au
2018/11/02 17:34:23 [DEBUG] DB: Add identity peer0.org1.com.au
2018/11/02 17:34:23 [DEBUG] Successfully added identity peer0.org1.com.au to the database
2018/11/02 17:34:23 [INFO] [::1]:53129 POST /register 201 0 "OK"
2018/11/02 17:34:23 [DEBUG] Received request for /enroll
2018/11/02 17:34:23 [DEBUG] ca.Config: &{Version:1.1.1-snapshot-e656889 Cfg:{Identities:{AllowRemove:false} Affiliations:{AllowRemove:false}} CA:{Name: Keyfile:/Users/nitishbhushan/Documents/nitish_operations/technical/tehnologies/hyperledger-fabric/b9lab_fabric/certification/b9Lab-HLF11/extend/crypto-config/peerOrganizations/org1.com.au/ca/root/ca-key.pem Certfile:/Users/nitishbhushan/Documents/nitish_operations/technical/tehnologies/hyperledger-fabric/b9lab_fabric/certification/b9Lab-HLF11/extend/crypto-config/peerOrganizations/org1.com.au/ca/root/ca-cert.pem Chainfile:/Users/nitishbhushan/Documents/nitish_operations/technical/tehnologies/hyperledger-fabric/b9lab_fabric/certification/b9Lab-HLF11/extend/crypto-config/peerOrganizations/org1.com.au/ca/root/ca-chain.pem} Signing:0xc4202f9d30 CSR:{CN:fabric-ca-server Names:[{C:US ST:North Carolina L: O:Hyperledger OU:Fabric SerialNumber:}] Hosts:[Nitishs-MacBook-Pro.local localhost] KeyRequest:0xc420312600 CA:0xc4202cd900 SerialNumber:} Registry:{MaxEnrollments:-1 Identities:[{ Name:**** Pass:**** Type:client Affiliation: MaxEnrollments:0 Attrs:map[hf.GenCRL:1 hf.Registrar.Attributes:* hf.AffiliationMgr:1 hf.Registrar.Roles:peer,orderer,client,user hf.Registrar.DelegateRoles:peer,orderer,client,user hf.Revoker:1 hf.IntermediateCA:1]  }]} Affiliations:map[org2:[department1] org1:[department1 department2]] LDAP:{ Enabled:false URL:ldap://****:****@<host>:<port>/<base> UserFilter:(uid=%s) GroupFilter:(memberUid=%s) Attribute:{[uid member] [{ }] map[groups:[{ }]]} TLS:{false [] { }}  } DB:{ Type:sqlite3 Datasource:/Users/nitishbhushan/Documents/nitish_operations/technical/tehnologies/hyperledger-fabric/b9lab_fabric/certification/b9Lab-HLF11/extend/crypto-config/peerOrganizations/org1.com.au/ca/root/fabric-ca-server.db TLS:{false [] { }}  } CSP:0xc4202dd440 Client:<nil> Intermediate:{ParentServer:{ URL: CAName:  } TLS:{Enabled:false CertFiles:[] Client:{KeyFile: CertFile:}} Enrollment:{ Name: Secret:**** Profile: Label: CSR:<nil> CAName: AttrReqs:[]  }} CRL:{Expiry:24h0m0s}}
2018/11/02 17:34:23 [DEBUG] DB: Getting identity peer0.org1.com.au
2018/11/02 17:34:23 [DEBUG] DB: Login user peer0.org1.com.au with max enrollments of -1 and state of 0
2018/11/02 17:34:23 [DEBUG] DB: identity peer0.org1.com.au successfully logged in
2018/11/02 17:34:23 [DEBUG] Processing sign request: id=peer0.org1.com.au, CommonName=peer0.org1.com.au, Subject=<nil>
2018/11/02 17:34:23 [DEBUG] Request is not for a CA signing certificate
2018/11/02 17:34:23 [DEBUG] Checking CSR fields to make sure that they do not exceed maximum character limits
2018/11/02 17:34:23 [DEBUG] DB: Getting identity peer0.org1.com.au
2018/11/02 17:34:23 [DEBUG] Finished processing sign request
2018/11/02 17:34:23 [DEBUG] DB: Getting identity peer0.org1.com.au
2018/11/02 17:34:23 [DEBUG] Attribute extension being added to certificate is: &{ID:[1 2 3 4 5 6 7 8 1] Critical:false Value:7b226174747273223a7b2268662e416666696c696174696f6e223a226f726731222c2268662e456e726f6c6c6d656e744944223a2270656572302e6f7267312e636f6d2e6175222c2268662e54797065223a2275736572227d7d}
2018/11/02 17:34:23 [DEBUG] Adding attribute extension to CSR: &{ID:[1 2 3 4 5 6 7 8 1] Critical:false Value:7b226174747273223a7b2268662e416666696c696174696f6e223a226f726731222c2268662e456e726f6c6c6d656e744944223a2270656572302e6f7267312e636f6d2e6175222c2268662e54797065223a2275736572227d7d}
2018/11/02 17:34:23 [INFO] signed certificate with serial number 70469830180662034748556707917736052666688284768
2018/11/02 17:34:23 [DEBUG] DB: Insert Certificate
2018/11/02 17:34:23 [DEBUG] Saved serial number as hex c57f9fa33b209ea04cef3805b65e0449f032860
2018/11/02 17:34:23 [DEBUG] saved certificate with serial number 70469830180662034748556707917736052666688284768
2018/11/02 17:34:23 [DEBUG] Successfully incremented state for identity peer0.org1.com.au to 1
2018/11/02 17:34:23 [INFO] [::1]:53132 POST /enroll 201 0 "OK"
2018/11/02 17:34:23 [DEBUG] Received request for /enroll
2018/11/02 17:34:23 [DEBUG] ca.Config: &{Version:1.1.1-snapshot-e656889 Cfg:{Identities:{AllowRemove:false} Affiliations:{AllowRemove:false}} CA:{Name: Keyfile:/Users/nitishbhushan/Documents/nitish_operations/technical/tehnologies/hyperledger-fabric/b9lab_fabric/certification/b9Lab-HLF11/extend/crypto-config/peerOrganizations/org1.com.au/ca/root/ca-key.pem Certfile:/Users/nitishbhushan/Documents/nitish_operations/technical/tehnologies/hyperledger-fabric/b9lab_fabric/certification/b9Lab-HLF11/extend/crypto-config/peerOrganizations/org1.com.au/ca/root/ca-cert.pem Chainfile:/Users/nitishbhushan/Documents/nitish_operations/technical/tehnologies/hyperledger-fabric/b9lab_fabric/certification/b9Lab-HLF11/extend/crypto-config/peerOrganizations/org1.com.au/ca/root/ca-chain.pem} Signing:0xc4202f9d30 CSR:{CN:fabric-ca-server Names:[{C:US ST:North Carolina L: O:Hyperledger OU:Fabric SerialNumber:}] Hosts:[Nitishs-MacBook-Pro.local localhost] KeyRequest:0xc420312600 CA:0xc4202cd900 SerialNumber:} Registry:{MaxEnrollments:-1 Identities:[{ Name:**** Pass:**** Type:client Affiliation: MaxEnrollments:0 Attrs:map[hf.AffiliationMgr:1 hf.Registrar.Roles:peer,orderer,client,user hf.Registrar.DelegateRoles:peer,orderer,client,user hf.Revoker:1 hf.IntermediateCA:1 hf.GenCRL:1 hf.Registrar.Attributes:*]  }]} Affiliations:map[org2:[department1] org1:[department1 department2]] LDAP:{ Enabled:false URL:ldap://****:****@<host>:<port>/<base> UserFilter:(uid=%s) GroupFilter:(memberUid=%s) Attribute:{[uid member] [{ }] map[groups:[{ }]]} TLS:{false [] { }}  } DB:{ Type:sqlite3 Datasource:/Users/nitishbhushan/Documents/nitish_operations/technical/tehnologies/hyperledger-fabric/b9lab_fabric/certification/b9Lab-HLF11/extend/crypto-config/peerOrganizations/org1.com.au/ca/root/fabric-ca-server.db TLS:{false [] { }}  } CSP:0xc4202dd440 Client:<nil> Intermediate:{ParentServer:{ URL: CAName:  } TLS:{Enabled:false CertFiles:[] Client:{KeyFile: CertFile:}} Enrollment:{ Name: Secret:**** Profile: Label: CSR:<nil> CAName: AttrReqs:[]  }} CRL:{Expiry:24h0m0s}}
2018/11/02 17:34:23 [DEBUG] DB: Getting identity admin
2018/11/02 17:34:23 [DEBUG] DB: Login user admin with max enrollments of -1 and state of 3
2018/11/02 17:34:23 [DEBUG] DB: identity admin successfully logged in
2018/11/02 17:34:23 [DEBUG] Processing sign request: id=admin, CommonName=admin, Subject=<nil>
2018/11/02 17:34:23 [DEBUG] Request is not for a CA signing certificate
2018/11/02 17:34:23 [DEBUG] Checking CSR fields to make sure that they do not exceed maximum character limits
2018/11/02 17:34:23 [DEBUG] DB: Getting identity admin
2018/11/02 17:34:23 [DEBUG] Finished processing sign request
2018/11/02 17:34:23 [DEBUG] DB: Getting identity admin
2018/11/02 17:34:23 [INFO] signed certificate with serial number 678609496857565778574526766556278916109160915081
2018/11/02 17:34:23 [DEBUG] DB: Insert Certificate
2018/11/02 17:34:23 [DEBUG] Saved serial number as hex 76dde6faed122d240dc9aa0e476d7552669ba089
2018/11/02 17:34:23 [DEBUG] saved certificate with serial number 678609496857565778574526766556278916109160915081
2018/11/02 17:34:23 [DEBUG] Successfully incremented state for identity admin to 4
2018/11/02 17:34:23 [INFO] [::1]:53135 POST /enroll 201 0 "OK"
2018/11/02 17:34:24 [DEBUG] Received request for /register
2018/11/02 17:34:24 [DEBUG] Checking for revocation/expiration of certificate owned by 'admin'
2018/11/02 17:34:24 [DEBUG] DB: Get certificate by serial (2481b17c429d15629dd2fcbb668c887edaa16baa) and aki (2591f41510e721d7d15876df01b4266184c80e24)
2018/11/02 17:34:24 [DEBUG] Successful token authentication of 'admin'
2018/11/02 17:34:24 [DEBUG] Received registration request from admin: { Name:peer1.org1.com.au Type:user Secret:**** MaxEnrollments:0 Affiliation:org1 Attributes:[] CAName:  }
2018/11/02 17:34:24 [DEBUG] DB: Getting identity admin
2018/11/02 17:34:24 [DEBUG] canRegister - Check to see if user 'admin' can register
2018/11/02 17:34:24 [DEBUG] Checking to see if caller 'admin' is a registrar
2018/11/02 17:34:24 [DEBUG] Validate Affiliation
2018/11/02 17:34:24 [DEBUG] Checking to see if affiliation 'org1' contains caller's affiliation ''
2018/11/02 17:34:24 [DEBUG] Caller has root affiliation
2018/11/02 17:34:24 [DEBUG] Validate ID
2018/11/02 17:34:24 [DEBUG] Validating affiliation: org1
2018/11/02 17:34:24 [DEBUG] DB: Get affiliation org1
2018/11/02 17:34:24 [DEBUG] Registering user id: peer1.org1.com.au
2018/11/02 17:34:24 [DEBUG] Max enrollment value verification - User specified max enrollment: 0, CA max enrollment: -1
2018/11/02 17:34:24 [DEBUG] DB: Getting identity peer1.org1.com.au
2018/11/02 17:34:24 [DEBUG] DB: Add identity peer1.org1.com.au
2018/11/02 17:34:24 [DEBUG] Successfully added identity peer1.org1.com.au to the database
2018/11/02 17:34:24 [INFO] [::1]:53138 POST /register 201 0 "OK"
2018/11/02 17:34:24 [DEBUG] Received request for /enroll
2018/11/02 17:34:24 [DEBUG] ca.Config: &{Version:1.1.1-snapshot-e656889 Cfg:{Identities:{AllowRemove:false} Affiliations:{AllowRemove:false}} CA:{Name: Keyfile:/Users/nitishbhushan/Documents/nitish_operations/technical/tehnologies/hyperledger-fabric/b9lab_fabric/certification/b9Lab-HLF11/extend/crypto-config/peerOrganizations/org1.com.au/ca/root/ca-key.pem Certfile:/Users/nitishbhushan/Documents/nitish_operations/technical/tehnologies/hyperledger-fabric/b9lab_fabric/certification/b9Lab-HLF11/extend/crypto-config/peerOrganizations/org1.com.au/ca/root/ca-cert.pem Chainfile:/Users/nitishbhushan/Documents/nitish_operations/technical/tehnologies/hyperledger-fabric/b9lab_fabric/certification/b9Lab-HLF11/extend/crypto-config/peerOrganizations/org1.com.au/ca/root/ca-chain.pem} Signing:0xc4202f9d30 CSR:{CN:fabric-ca-server Names:[{C:US ST:North Carolina L: O:Hyperledger OU:Fabric SerialNumber:}] Hosts:[Nitishs-MacBook-Pro.local localhost] KeyRequest:0xc420312600 CA:0xc4202cd900 SerialNumber:} Registry:{MaxEnrollments:-1 Identities:[{ Name:**** Pass:**** Type:client Affiliation: MaxEnrollments:0 Attrs:map[hf.Registrar.Roles:peer,orderer,client,user hf.Registrar.DelegateRoles:peer,orderer,client,user hf.Revoker:1 hf.IntermediateCA:1 hf.GenCRL:1 hf.Registrar.Attributes:* hf.AffiliationMgr:1]  }]} Affiliations:map[org2:[department1] org1:[department1 department2]] LDAP:{ Enabled:false URL:ldap://****:****@<host>:<port>/<base> UserFilter:(uid=%s) GroupFilter:(memberUid=%s) Attribute:{[uid member] [{ }] map[groups:[{ }]]} TLS:{false [] { }}  } DB:{ Type:sqlite3 Datasource:/Users/nitishbhushan/Documents/nitish_operations/technical/tehnologies/hyperledger-fabric/b9lab_fabric/certification/b9Lab-HLF11/extend/crypto-config/peerOrganizations/org1.com.au/ca/root/fabric-ca-server.db TLS:{false [] { }}  } CSP:0xc4202dd440 Client:<nil> Intermediate:{ParentServer:{ URL: CAName:  } TLS:{Enabled:false CertFiles:[] Client:{KeyFile: CertFile:}} Enrollment:{ Name: Secret:**** Profile: Label: CSR:<nil> CAName: AttrReqs:[]  }} CRL:{Expiry:24h0m0s}}
2018/11/02 17:34:24 [DEBUG] DB: Getting identity peer1.org1.com.au
2018/11/02 17:34:24 [DEBUG] DB: Login user peer1.org1.com.au with max enrollments of -1 and state of 0
2018/11/02 17:34:24 [DEBUG] DB: identity peer1.org1.com.au successfully logged in
2018/11/02 17:34:24 [DEBUG] Processing sign request: id=peer1.org1.com.au, CommonName=peer1.org1.com.au, Subject=<nil>
2018/11/02 17:34:24 [DEBUG] Request is not for a CA signing certificate
2018/11/02 17:34:24 [DEBUG] Checking CSR fields to make sure that they do not exceed maximum character limits
2018/11/02 17:34:24 [DEBUG] DB: Getting identity peer1.org1.com.au
2018/11/02 17:34:24 [DEBUG] Finished processing sign request
2018/11/02 17:34:24 [DEBUG] DB: Getting identity peer1.org1.com.au
2018/11/02 17:34:24 [DEBUG] Attribute extension being added to certificate is: &{ID:[1 2 3 4 5 6 7 8 1] Critical:false Value:7b226174747273223a7b2268662e416666696c696174696f6e223a226f726731222c2268662e456e726f6c6c6d656e744944223a2270656572312e6f7267312e636f6d2e6175222c2268662e54797065223a2275736572227d7d}
2018/11/02 17:34:24 [DEBUG] Adding attribute extension to CSR: &{ID:[1 2 3 4 5 6 7 8 1] Critical:false Value:7b226174747273223a7b2268662e416666696c696174696f6e223a226f726731222c2268662e456e726f6c6c6d656e744944223a2270656572312e6f7267312e636f6d2e6175222c2268662e54797065223a2275736572227d7d}
2018/11/02 17:34:24 [INFO] signed certificate with serial number 216021969415419101605384257127350520238886144414
2018/11/02 17:34:24 [DEBUG] DB: Insert Certificate
2018/11/02 17:34:24 [DEBUG] Saved serial number as hex 25d6c297c0d9ed6ea727b839919dafac66a0c99e
2018/11/02 17:34:24 [DEBUG] saved certificate with serial number 216021969415419101605384257127350520238886144414
2018/11/02 17:34:24 [DEBUG] Successfully incremented state for identity peer1.org1.com.au to 1
2018/11/02 17:34:24 [INFO] [::1]:53141 POST /enroll 201 0 "OK"
2018/11/02 17:34:24 [DEBUG] Received request for /cainfo
2018/11/02 17:34:24 [INFO] [::1]:53144 POST /cainfo 200 0 "OK"
